2018-11-28 16:26:33,015 [1] INFO  Photon.LoadBalancing.MasterServer.MasterApplication - TokenCreator intialized with an expiration of 02:46:40
2018-11-28 16:26:33,363 [1] INFO  Photon.SocketServer.Diagnostics.HttpQueuePerformanceCounters - HTTP Queue performance counters successfully initialized
2018-11-28 16:26:33,364 [1] INFO  Photon.SocketServer.Diagnostics.HttpQueuePerformanceCounters - Internal HTTP Queue performance counters successfully created
2018-11-28 16:26:33,365 [1] INFO  Photon.Common.Authentication.Diagnostic.CustomAuthResultCounters - Start to initialize Photon: Custom Authentication Results performance counters
2018-11-28 16:26:34,148 [1] INFO  Photon.SocketServer.Diagnostics.PerfCounterManagerBase - PerformanceCounter category 'Photon: Custom Authentication Results' does not exists and will be created
2018-11-28 16:26:34,333 [1] INFO  Photon.Common.Authentication.Diagnostic.CustomAuthResultCounters - Photon: Custom Authentication Results performance counters successfully initialized
2018-11-28 16:26:34,343 [1] WARN  Photon.Common.LoadBalancer.LoadBalancer`1 - Could not initialize LoadBalancer from configuration: Invalid configuration file F:\PhotonServer教程\Photon-OnPremise-Server-SDK_v4-0-29-11263\deploy\LoadBalancer.config. Using default settings... (未能找到文件“F:\PhotonServer教程\Photon-OnPremise-Server-SDK_v4-0-29-11263\deploy\LoadBalancer.config”。)
2018-11-28 16:26:34,392 [1] INFO  Photon.LoadBalancing.MasterServer.GameApplication - TokenCreator intialized with an expiration of 02:46:40
2018-11-28 16:26:34,462 [1] INFO  Photon.LoadBalancing.MasterServer.GameApplication - Application {Default}/{Default} starts without Redis
2018-11-28 16:26:34,488 [1] INFO  Photon.LoadBalancing.Common.NodesReader - Import nodes
2018-11-28 16:26:34,489 [1] WARN  Photon.LoadBalancing.Common.NodesReader - F:\PhotonServer教程\Photon-OnPremise-Server-SDK_v4-0-29-11263\deploy\Nodes.txt does not exist, CurrentNodeId = 0
2018-11-28 16:26:34,489 [1] INFO  Photon.LoadBalancing.Common.NodesReader - Watching F:\PhotonServer教程\Photon-OnPremise-Server-SDK_v4-0-29-11263\deploy\Nodes.txt
2018-11-28 16:26:34,489 [1] INFO  Photon.LoadBalancing.MasterServer.MasterApplication - Current Node (nodeId=0) is the active master (leader)
2018-11-28 16:26:34,489 [1] INFO  Photon.SocketServer.ApplicationBase - Application start: AppId=Master; AppPath=F:\PhotonServer教程\Photon-OnPremise-Server-SDK_v4-0-29-11263\deploy\LoadBalancing\Master, Type=Photon.LoadBalancing.MasterServer.MasterApplication 
2018-11-28 16:26:34,508 [1] INFO  Photon.SocketServer.Diagnostics.CounterPublisher - CounterPublisher started publishing ExitGames.Diagnostics.Monitoring.CounterSamplePublisher to ExitGames.Diagnostics.Monitoring.CounterSampleSender
2018-11-28 16:26:34,562 [11] INFO  Photon.LoadBalancing.MasterServer.GameServer.IncomingGameServerPeer - game server connection from 127.0.0.1:59138 established (id=2)
2018-11-28 16:26:34,613 [11] WARN  Photon.LoadBalancing.Common.NodesReader - Internal address for node 0 unknown; using loop back
2018-11-28 16:26:34,614 [11] INFO  Photon.LoadBalancing.Common.NodesReader - Node added: 0 = 127.0.0.1
2018-11-28 16:26:37,629 [1] INFO  Photon.SocketServer.ApplicationBase - Application is stopping: AppId=Master
2018-11-28 16:26:37,638 [10] INFO  Photon.LoadBalancing.MasterServer.GameServer.IncomingGameServerPeer - OnDisconnect: game server connection closed (connectionId=2, serverId=16387f83-f70d-4bc0-9703-51b0f00fc2c6, reason=ClientDisconnect)
2018-11-28 16:26:37,657 [1] INFO  Photon.SocketServer.ApplicationBase - Application stop: AppId=Master
