2018-11-29 00:03:48,514 [1] INFO  MyGameServer.MyGameServer - 服务器初始化完成
2018-11-29 00:03:48,525 [1] INFO  Photon.SocketServer.ApplicationBase - Application start: AppId=MyGame1; AppPath=F:\PhotonServer教程\Photon-OnPremise-Server-SDK_v4-0-29-11263\deploy\MyGameServer, Type=MyGameServer.MyGameServer 
2018-11-29 00:04:00,142 [12] INFO  MyGameServer.MyGameServer - 一个客户端连接过来了。。。。
2018-11-29 00:04:20,022 [11] INFO  MyGameServer.MyGameServer - 一个客户端连接过来了。。。。
2018-11-29 00:04:21,326 [15] INFO  MyGameServer.MyGameServer - 收到了一个客户端的请求
2018-11-29 00:04:21,747 [10] INFO  MyGameServer.MyGameServer - 收到了一个客户端的请求
2018-11-29 00:04:21,980 [11] INFO  MyGameServer.MyGameServer - 收到了一个客户端的请求
2018-11-29 00:04:22,178 [13] INFO  MyGameServer.MyGameServer - 收到了一个客户端的请求
2018-11-29 00:04:22,360 [14] INFO  MyGameServer.MyGameServer - 收到了一个客户端的请求
2018-11-29 00:04:22,510 [12] INFO  MyGameServer.MyGameServer - 收到了一个客户端的请求
2018-11-29 00:04:29,613 [1] INFO  Photon.SocketServer.ApplicationBase - Application is stopping: AppId=MyGame1
2018-11-29 00:04:29,625 [1] INFO  MyGameServer.MyGameServer - 服务器端应用关闭了
2018-11-29 00:04:29,625 [1] INFO  Photon.SocketServer.ApplicationBase - Application stop: AppId=MyGame1
2018-11-29 00:09:25,502 [1] INFO  MyGameServer.MyGameServer - 服务器初始化完成
2018-11-29 00:09:25,512 [1] INFO  Photon.SocketServer.ApplicationBase - Application start: AppId=MyGame1; AppPath=F:\PhotonServer教程\Photon-OnPremise-Server-SDK_v4-0-29-11263\deploy\MyGameServer, Type=MyGameServer.MyGameServer 
2018-11-29 00:09:27,202 [10] INFO  MyGameServer.MyGameServer - 一个客户端连接过来了。。。。
2018-11-29 00:09:28,927 [11] INFO  MyGameServer.MyGameServer - 收到了一个客户端的请求
2018-11-29 00:09:37,517 [1] INFO  Photon.SocketServer.ApplicationBase - Application is stopping: AppId=MyGame1
2018-11-29 00:09:37,526 [1] INFO  MyGameServer.MyGameServer - 服务器端应用关闭了
2018-11-29 00:09:37,526 [1] INFO  Photon.SocketServer.ApplicationBase - Application stop: AppId=MyGame1
2018-11-29 00:16:07,451 [1] INFO  MyGameServer.MyGameServer - 服务器初始化完成
2018-11-29 00:16:07,461 [1] INFO  Photon.SocketServer.ApplicationBase - Application start: AppId=MyGame1; AppPath=F:\PhotonServer教程\Photon-OnPremise-Server-SDK_v4-0-29-11263\deploy\MyGameServer, Type=MyGameServer.MyGameServer 
2018-11-29 00:16:11,979 [11] INFO  MyGameServer.MyGameServer - 一个客户端连接过来了。。。。
2018-11-29 00:16:12,655 [10] INFO  MyGameServer.MyGameServer - 收到了一个客户端的请求
2018-11-29 00:16:12,656 [10] INFO  MyGameServer.MyGameServer - 得到的参数是100AWDASWDAS
2018-11-29 00:16:22,396 [1] INFO  Photon.SocketServer.ApplicationBase - Application is stopping: AppId=MyGame1
2018-11-29 00:16:22,407 [1] INFO  MyGameServer.MyGameServer - 服务器端应用关闭了
2018-11-29 00:16:22,407 [1] INFO  Photon.SocketServer.ApplicationBase - Application stop: AppId=MyGame1
2018-11-29 00:39:32,096 [1] INFO  MyGameServer.MyGameServer - 服务器初始化完成
2018-11-29 00:39:32,271 [1] INFO  NHibernate.Cfg.Environment - NHibernate 5.1.3 (assembly 5.1.0.0)
2018-11-29 00:39:32,276 [1] INFO  NHibernate.Cfg.Environment - hibernate-configuration section not found in application configuration file
2018-11-29 00:39:32,279 [1] INFO  NHibernate.Cfg.Environment - Bytecode provider name : lcg
2018-11-29 00:39:32,280 [1] INFO  NHibernate.Cfg.Environment - Using reflection optimizer
2018-11-29 00:39:32,322 [1] INFO  NHibernate.Cfg.Configuration - Searching for mapped documents in assembly: MyGameServer
2018-11-29 00:39:32,323 [1] INFO  NHibernate.Cfg.Configuration - Mapping resource: MyGameServer.Mappings.User.hbm.xml
2018-11-29 00:39:32,623 [1] INFO  NHibernate.Dialect.Dialect - Using dialect: NHibernate.Dialect.MySQL5Dialect
2018-11-29 00:39:32,655 [1] INFO  NHibernate.Cfg.XmlHbmBinding.Binder - Mapping class: MyGameServer.Model.User -> users
2018-11-29 00:39:32,708 [1] INFO  NHibernate.Cfg.Configuration - checking mappings queue
2018-11-29 00:39:32,708 [1] INFO  NHibernate.Cfg.Configuration - processing one-to-many association mappings
2018-11-29 00:39:32,708 [1] INFO  NHibernate.Cfg.Configuration - processing one-to-one association property references
2018-11-29 00:39:32,708 [1] INFO  NHibernate.Cfg.Configuration - processing foreign key constraints
2018-11-29 00:39:32,709 [1] INFO  NHibernate.Cfg.Configuration - processing filters (second pass)
2018-11-29 00:39:32,723 [1] INFO  NHibernate.Dialect.Dialect - Using dialect: NHibernate.Dialect.MySQL5Dialect
2018-11-29 00:39:32,737 [1] INFO  NHibernate.Dialect.Dialect - Using dialect: NHibernate.Dialect.MySQL5Dialect
2018-11-29 00:39:32,811 [1] INFO  NHibernate.Exceptions.SQLExceptionConverterFactory - Using dialect defined converter
2018-11-29 00:39:32,811 [1] INFO  NHibernate.Cfg.SettingsFactory - Generate SQL with comments: disabled
2018-11-29 00:39:32,813 [1] INFO  NHibernate.Connection.ConnectionProviderFactory - Initializing connection provider: NHibernate.Connection.DriverConnectionProvider
2018-11-29 00:39:32,813 [1] INFO  NHibernate.Connection.ConnectionProvider - Configuring ConnectionProvider
2018-11-29 00:39:32,923 [1] INFO  NHibernate.Cfg.SettingsFactory - Transaction factory: NHibernate.Transaction.AdoNetWithSystemTransactionFactory
2018-11-29 00:39:32,924 [1] INFO  NHibernate.Cfg.SettingsFactory - Optimize cache for minimal puts: False
2018-11-29 00:39:32,924 [1] INFO  NHibernate.Cfg.SettingsFactory - Connection release mode: auto
2018-11-29 00:39:32,924 [1] INFO  NHibernate.Cfg.SettingsFactory - Default batch fetch size: 1
2018-11-29 00:39:32,924 [1] INFO  NHibernate.Cfg.SettingsFactory - echoing all SQL to stdout
2018-11-29 00:39:32,924 [1] INFO  NHibernate.Cfg.SettingsFactory - Statistics: disabled
2018-11-29 00:39:32,924 [1] INFO  NHibernate.Cfg.SettingsFactory - Deleted entity synthetic identifier rollback: disabled
2018-11-29 00:39:32,925 [1] INFO  NHibernate.Cfg.SettingsFactory - Query translator: NHibernate.Hql.Ast.ANTLR.ASTQueryTranslatorFactory
2018-11-29 00:39:32,927 [1] INFO  NHibernate.Cfg.SettingsFactory - Query provider: NHibernate.Linq.DefaultQueryProvider
2018-11-29 00:39:32,928 [1] INFO  NHibernate.Cfg.SettingsFactory - Query language substitutions: {}
2018-11-29 00:39:32,928 [1] INFO  NHibernate.Cfg.SettingsFactory - cache provider: NHibernate.Cache.NoCacheProvider, NHibernate, Version=5.1.0.0, Culture=neutral, PublicKeyToken=aa95f207798dfdb4
2018-11-29 00:39:32,928 [1] INFO  NHibernate.Cfg.SettingsFactory - Order SQL inserts for batching: disabled
2018-11-29 00:39:32,928 [1] INFO  NHibernate.Cfg.SettingsFactory - Order SQL updates for batching: disabled
2018-11-29 00:39:32,929 [1] INFO  NHibernate.Cfg.SettingsFactory - Batcher factory: NHibernate.AdoNet.NonBatchingBatcherFactory, NHibernate, Version=5.1.0.0, Culture=neutral, PublicKeyToken=aa95f207798dfdb4
2018-11-29 00:39:32,929 [1] INFO  NHibernate.Cfg.SettingsFactory - Default flush mode: Auto
2018-11-29 00:39:32,929 [1] INFO  NHibernate.Cfg.SettingsFactory - Named query checking : enabled
2018-11-29 00:39:32,943 [1] INFO  NHibernate.Impl.SessionFactoryImpl - building session factory
2018-11-29 00:39:33,216 [1] INFO  NHibernate.Dialect.Dialect - Using dialect: NHibernate.Dialect.MySQL5Dialect
2018-11-29 00:39:33,377 [1] INFO  NHibernate.Impl.SessionFactoryObjectFactory - no name configured
2018-11-29 00:39:33,617 [1] INFO  MyGameServer.MyGameServer - True
2018-11-29 00:39:33,619 [1] INFO  MyGameServer.MyGameServer - False
2018-11-29 00:39:33,619 [1] INFO  Photon.SocketServer.ApplicationBase - Application start: AppId=MyGame1; AppPath=F:\PhotonServer教程\Photon-OnPremise-Server-SDK_v4-0-29-11263\deploy\MyGameServer, Type=MyGameServer.MyGameServer 
2018-11-29 00:39:59,184 [1] INFO  Photon.SocketServer.ApplicationBase - Application is stopping: AppId=MyGame1
2018-11-29 00:39:59,194 [1] INFO  MyGameServer.MyGameServer - 服务器端应用关闭了
2018-11-29 00:39:59,194 [1] INFO  Photon.SocketServer.ApplicationBase - Application stop: AppId=MyGame1
2018-11-29 02:06:51,062 [1] INFO  MyGameServer.MyGameServer - 服务器初始化完成
2018-11-29 02:06:51,262 [1] INFO  NHibernate.Cfg.Environment - NHibernate 5.1.3 (assembly 5.1.0.0)
2018-11-29 02:06:51,268 [1] INFO  NHibernate.Cfg.Environment - hibernate-configuration section not found in application configuration file
2018-11-29 02:06:51,270 [1] INFO  NHibernate.Cfg.Environment - Bytecode provider name : lcg
2018-11-29 02:06:51,270 [1] INFO  NHibernate.Cfg.Environment - Using reflection optimizer
2018-11-29 02:06:51,291 [1] INFO  NHibernate.Cfg.Configuration - Searching for mapped documents in assembly: MyGameServer
2018-11-29 02:06:51,292 [1] INFO  NHibernate.Cfg.Configuration - Mapping resource: MyGameServer.Mappings.User.hbm.xml
2018-11-29 02:06:51,592 [1] INFO  NHibernate.Dialect.Dialect - Using dialect: NHibernate.Dialect.MySQL5Dialect
2018-11-29 02:06:51,623 [1] INFO  NHibernate.Cfg.XmlHbmBinding.Binder - Mapping class: MyGameServer.Model.User -> users
2018-11-29 02:06:51,676 [1] INFO  NHibernate.Cfg.Configuration - checking mappings queue
2018-11-29 02:06:51,676 [1] INFO  NHibernate.Cfg.Configuration - processing one-to-many association mappings
2018-11-29 02:06:51,676 [1] INFO  NHibernate.Cfg.Configuration - processing one-to-one association property references
2018-11-29 02:06:51,676 [1] INFO  NHibernate.Cfg.Configuration - processing foreign key constraints
2018-11-29 02:06:51,677 [1] INFO  NHibernate.Cfg.Configuration - processing filters (second pass)
2018-11-29 02:06:51,690 [1] INFO  NHibernate.Dialect.Dialect - Using dialect: NHibernate.Dialect.MySQL5Dialect
2018-11-29 02:06:51,702 [1] INFO  NHibernate.Dialect.Dialect - Using dialect: NHibernate.Dialect.MySQL5Dialect
2018-11-29 02:06:51,764 [1] INFO  NHibernate.Exceptions.SQLExceptionConverterFactory - Using dialect defined converter
2018-11-29 02:06:51,764 [1] INFO  NHibernate.Cfg.SettingsFactory - Generate SQL with comments: disabled
2018-11-29 02:06:51,766 [1] INFO  NHibernate.Connection.ConnectionProviderFactory - Initializing connection provider: NHibernate.Connection.DriverConnectionProvider
2018-11-29 02:06:51,766 [1] INFO  NHibernate.Connection.ConnectionProvider - Configuring ConnectionProvider
2018-11-29 02:06:51,784 [1] INFO  NHibernate.Cfg.SettingsFactory - Transaction factory: NHibernate.Transaction.AdoNetWithSystemTransactionFactory
2018-11-29 02:06:51,784 [1] INFO  NHibernate.Cfg.SettingsFactory - Optimize cache for minimal puts: False
2018-11-29 02:06:51,784 [1] INFO  NHibernate.Cfg.SettingsFactory - Connection release mode: auto
2018-11-29 02:06:51,784 [1] INFO  NHibernate.Cfg.SettingsFactory - Default batch fetch size: 1
2018-11-29 02:06:51,784 [1] INFO  NHibernate.Cfg.SettingsFactory - echoing all SQL to stdout
2018-11-29 02:06:51,784 [1] INFO  NHibernate.Cfg.SettingsFactory - Statistics: disabled
2018-11-29 02:06:51,784 [1] INFO  NHibernate.Cfg.SettingsFactory - Deleted entity synthetic identifier rollback: disabled
2018-11-29 02:06:51,785 [1] INFO  NHibernate.Cfg.SettingsFactory - Query translator: NHibernate.Hql.Ast.ANTLR.ASTQueryTranslatorFactory
2018-11-29 02:06:51,785 [1] INFO  NHibernate.Cfg.SettingsFactory - Query provider: NHibernate.Linq.DefaultQueryProvider
2018-11-29 02:06:51,786 [1] INFO  NHibernate.Cfg.SettingsFactory - Query language substitutions: {}
2018-11-29 02:06:51,787 [1] INFO  NHibernate.Cfg.SettingsFactory - cache provider: NHibernate.Cache.NoCacheProvider, NHibernate, Version=5.1.0.0, Culture=neutral, PublicKeyToken=aa95f207798dfdb4
2018-11-29 02:06:51,787 [1] INFO  NHibernate.Cfg.SettingsFactory - Order SQL inserts for batching: disabled
2018-11-29 02:06:51,787 [1] INFO  NHibernate.Cfg.SettingsFactory - Order SQL updates for batching: disabled
2018-11-29 02:06:51,788 [1] INFO  NHibernate.Cfg.SettingsFactory - Batcher factory: NHibernate.AdoNet.NonBatchingBatcherFactory, NHibernate, Version=5.1.0.0, Culture=neutral, PublicKeyToken=aa95f207798dfdb4
2018-11-29 02:06:51,788 [1] INFO  NHibernate.Cfg.SettingsFactory - Default flush mode: Auto
2018-11-29 02:06:51,788 [1] INFO  NHibernate.Cfg.SettingsFactory - Named query checking : enabled
2018-11-29 02:06:51,801 [1] INFO  NHibernate.Impl.SessionFactoryImpl - building session factory
2018-11-29 02:06:52,035 [1] INFO  NHibernate.Dialect.Dialect - Using dialect: NHibernate.Dialect.MySQL5Dialect
2018-11-29 02:06:52,187 [1] INFO  NHibernate.Impl.SessionFactoryObjectFactory - no name configured
2018-11-29 02:06:52,346 [1] INFO  MyGameServer.MyGameServer - True
2018-11-29 02:06:52,347 [1] INFO  MyGameServer.MyGameServer - False
2018-11-29 02:06:52,347 [1] INFO  Photon.SocketServer.ApplicationBase - Application start: AppId=MyGame1; AppPath=F:\PhotonServer教程\Photon-OnPremise-Server-SDK_v4-0-29-11263\deploy\MyGameServer, Type=MyGameServer.MyGameServer 
2018-11-29 02:06:59,380 [11] INFO  MyGameServer.MyGameServer - 一个客户端连接过来了。。。。
2018-11-29 02:07:37,714 [10] INFO  MyGameServer.MyGameServer - 一个客户端连接过来了。。。。
2018-11-29 02:09:21,060 [13] INFO  MyGameServer.MyGameServer - 一个客户端连接过来了。。。。
2018-11-29 02:09:51,579 [1] INFO  Photon.SocketServer.ApplicationBase - Application is stopping: AppId=MyGame1
2018-11-29 02:09:51,590 [1] INFO  MyGameServer.MyGameServer - 服务器端应用关闭了
2018-11-29 02:09:51,590 [1] INFO  Photon.SocketServer.ApplicationBase - Application stop: AppId=MyGame1
2018-11-29 02:11:24,787 [1] INFO  MyGameServer.MyGameServer - 服务器初始化完成
2018-11-29 02:11:24,799 [1] INFO  Photon.SocketServer.ApplicationBase - Application start: AppId=MyGame1; AppPath=F:\PhotonServer教程\Photon-OnPremise-Server-SDK_v4-0-29-11263\deploy\MyGameServer, Type=MyGameServer.MyGameServer 
2018-11-29 02:11:29,749 [13] INFO  MyGameServer.MyGameServer - 一个客户端连接过来了。。。。
2018-11-29 02:11:33,503 [11] INFO  NHibernate.Cfg.Environment - NHibernate 5.1.3 (assembly 5.1.0.0)
2018-11-29 02:11:33,503 [11] INFO  NHibernate.Cfg.Environment - hibernate-configuration section not found in application configuration file
2018-11-29 02:11:33,505 [11] INFO  NHibernate.Cfg.Environment - Bytecode provider name : lcg
2018-11-29 02:11:33,505 [11] INFO  NHibernate.Cfg.Environment - Using reflection optimizer
2018-11-29 02:11:33,534 [11] INFO  NHibernate.Cfg.Configuration - Searching for mapped documents in assembly: MyGameServer
2018-11-29 02:11:33,535 [11] INFO  NHibernate.Cfg.Configuration - Mapping resource: MyGameServer.Mappings.User.hbm.xml
2018-11-29 02:11:33,820 [11] INFO  NHibernate.Dialect.Dialect - Using dialect: NHibernate.Dialect.MySQL5Dialect
2018-11-29 02:11:33,852 [11] INFO  NHibernate.Cfg.XmlHbmBinding.Binder - Mapping class: MyGameServer.Model.User -> users
2018-11-29 02:11:33,903 [11] INFO  NHibernate.Cfg.Configuration - checking mappings queue
2018-11-29 02:11:33,903 [11] INFO  NHibernate.Cfg.Configuration - processing one-to-many association mappings
2018-11-29 02:11:33,903 [11] INFO  NHibernate.Cfg.Configuration - processing one-to-one association property references
2018-11-29 02:11:33,903 [11] INFO  NHibernate.Cfg.Configuration - processing foreign key constraints
2018-11-29 02:11:33,905 [11] INFO  NHibernate.Cfg.Configuration - processing filters (second pass)
2018-11-29 02:11:33,917 [11] INFO  NHibernate.Dialect.Dialect - Using dialect: NHibernate.Dialect.MySQL5Dialect
2018-11-29 02:11:33,928 [11] INFO  NHibernate.Dialect.Dialect - Using dialect: NHibernate.Dialect.MySQL5Dialect
2018-11-29 02:11:33,989 [11] INFO  NHibernate.Exceptions.SQLExceptionConverterFactory - Using dialect defined converter
2018-11-29 02:11:33,989 [11] INFO  NHibernate.Cfg.SettingsFactory - Generate SQL with comments: disabled
2018-11-29 02:11:33,990 [11] INFO  NHibernate.Connection.ConnectionProviderFactory - Initializing connection provider: NHibernate.Connection.DriverConnectionProvider
2018-11-29 02:11:33,991 [11] INFO  NHibernate.Connection.ConnectionProvider - Configuring ConnectionProvider
2018-11-29 02:11:34,006 [11] INFO  NHibernate.Cfg.SettingsFactory - Transaction factory: NHibernate.Transaction.AdoNetWithSystemTransactionFactory
2018-11-29 02:11:34,007 [11] INFO  NHibernate.Cfg.SettingsFactory - Optimize cache for minimal puts: False
2018-11-29 02:11:34,007 [11] INFO  NHibernate.Cfg.SettingsFactory - Connection release mode: auto
2018-11-29 02:11:34,007 [11] INFO  NHibernate.Cfg.SettingsFactory - Default batch fetch size: 1
2018-11-29 02:11:34,007 [11] INFO  NHibernate.Cfg.SettingsFactory - echoing all SQL to stdout
2018-11-29 02:11:34,007 [11] INFO  NHibernate.Cfg.SettingsFactory - Statistics: disabled
2018-11-29 02:11:34,007 [11] INFO  NHibernate.Cfg.SettingsFactory - Deleted entity synthetic identifier rollback: disabled
2018-11-29 02:11:34,008 [11] INFO  NHibernate.Cfg.SettingsFactory - Query translator: NHibernate.Hql.Ast.ANTLR.ASTQueryTranslatorFactory
2018-11-29 02:11:34,008 [11] INFO  NHibernate.Cfg.SettingsFactory - Query provider: NHibernate.Linq.DefaultQueryProvider
2018-11-29 02:11:34,009 [11] INFO  NHibernate.Cfg.SettingsFactory - Query language substitutions: {}
2018-11-29 02:11:34,010 [11] INFO  NHibernate.Cfg.SettingsFactory - cache provider: NHibernate.Cache.NoCacheProvider, NHibernate, Version=5.1.0.0, Culture=neutral, PublicKeyToken=aa95f207798dfdb4
2018-11-29 02:11:34,010 [11] INFO  NHibernate.Cfg.SettingsFactory - Order SQL inserts for batching: disabled
2018-11-29 02:11:34,010 [11] INFO  NHibernate.Cfg.SettingsFactory - Order SQL updates for batching: disabled
2018-11-29 02:11:34,011 [11] INFO  NHibernate.Cfg.SettingsFactory - Batcher factory: NHibernate.AdoNet.NonBatchingBatcherFactory, NHibernate, Version=5.1.0.0, Culture=neutral, PublicKeyToken=aa95f207798dfdb4
2018-11-29 02:11:34,011 [11] INFO  NHibernate.Cfg.SettingsFactory - Default flush mode: Auto
2018-11-29 02:11:34,011 [11] INFO  NHibernate.Cfg.SettingsFactory - Named query checking : enabled
2018-11-29 02:11:34,023 [11] INFO  NHibernate.Impl.SessionFactoryImpl - building session factory
2018-11-29 02:11:34,245 [11] INFO  NHibernate.Dialect.Dialect - Using dialect: NHibernate.Dialect.MySQL5Dialect
2018-11-29 02:11:34,390 [11] INFO  NHibernate.Impl.SessionFactoryObjectFactory - no name configured
2018-11-29 02:11:34,504 [11] INFO  MyGameServer.MyGameServer - 收到了一个请求
2018-11-29 02:11:46,638 [1] INFO  Photon.SocketServer.ApplicationBase - Application is stopping: AppId=MyGame1
2018-11-29 02:11:46,649 [1] INFO  MyGameServer.MyGameServer - 服务器端应用关闭了
2018-11-29 02:11:46,649 [1] INFO  Photon.SocketServer.ApplicationBase - Application stop: AppId=MyGame1
2018-11-29 02:12:28,029 [1] INFO  MyGameServer.MyGameServer - 服务器初始化完成
2018-11-29 02:12:28,041 [1] INFO  Photon.SocketServer.ApplicationBase - Application start: AppId=MyGame1; AppPath=F:\PhotonServer教程\Photon-OnPremise-Server-SDK_v4-0-29-11263\deploy\MyGameServer, Type=MyGameServer.MyGameServer 
2018-11-29 02:12:29,157 [10] INFO  MyGameServer.MyGameServer - 一个客户端连接过来了。。。。
2018-11-29 02:12:40,824 [16] INFO  NHibernate.Cfg.Environment - NHibernate 5.1.3 (assembly 5.1.0.0)
2018-11-29 02:12:40,824 [16] INFO  NHibernate.Cfg.Environment - hibernate-configuration section not found in application configuration file
2018-11-29 02:12:40,826 [16] INFO  NHibernate.Cfg.Environment - Bytecode provider name : lcg
2018-11-29 02:12:40,826 [16] INFO  NHibernate.Cfg.Environment - Using reflection optimizer
2018-11-29 02:12:40,853 [16] INFO  NHibernate.Cfg.Configuration - Searching for mapped documents in assembly: MyGameServer
2018-11-29 02:12:40,854 [16] INFO  NHibernate.Cfg.Configuration - Mapping resource: MyGameServer.Mappings.User.hbm.xml
2018-11-29 02:12:41,177 [16] INFO  NHibernate.Dialect.Dialect - Using dialect: NHibernate.Dialect.MySQL5Dialect
2018-11-29 02:12:41,216 [16] INFO  NHibernate.Cfg.XmlHbmBinding.Binder - Mapping class: MyGameServer.Model.User -> users
2018-11-29 02:12:41,271 [16] INFO  NHibernate.Cfg.Configuration - checking mappings queue
2018-11-29 02:12:41,272 [16] INFO  NHibernate.Cfg.Configuration - processing one-to-many association mappings
2018-11-29 02:12:41,272 [16] INFO  NHibernate.Cfg.Configuration - processing one-to-one association property references
2018-11-29 02:12:41,272 [16] INFO  NHibernate.Cfg.Configuration - processing foreign key constraints
2018-11-29 02:12:41,273 [16] INFO  NHibernate.Cfg.Configuration - processing filters (second pass)
2018-11-29 02:12:41,287 [16] INFO  NHibernate.Dialect.Dialect - Using dialect: NHibernate.Dialect.MySQL5Dialect
2018-11-29 02:12:41,301 [16] INFO  NHibernate.Dialect.Dialect - Using dialect: NHibernate.Dialect.MySQL5Dialect
2018-11-29 02:12:41,364 [16] INFO  NHibernate.Exceptions.SQLExceptionConverterFactory - Using dialect defined converter
2018-11-29 02:12:41,365 [16] INFO  NHibernate.Cfg.SettingsFactory - Generate SQL with comments: disabled
2018-11-29 02:12:41,365 [16] INFO  NHibernate.Connection.ConnectionProviderFactory - Initializing connection provider: NHibernate.Connection.DriverConnectionProvider
2018-11-29 02:12:41,366 [16] INFO  NHibernate.Connection.ConnectionProvider - Configuring ConnectionProvider
2018-11-29 02:12:41,383 [16] INFO  NHibernate.Cfg.SettingsFactory - Transaction factory: NHibernate.Transaction.AdoNetWithSystemTransactionFactory
2018-11-29 02:12:41,383 [16] INFO  NHibernate.Cfg.SettingsFactory - Optimize cache for minimal puts: False
2018-11-29 02:12:41,383 [16] INFO  NHibernate.Cfg.SettingsFactory - Connection release mode: auto
2018-11-29 02:12:41,383 [16] INFO  NHibernate.Cfg.SettingsFactory - Default batch fetch size: 1
2018-11-29 02:12:41,383 [16] INFO  NHibernate.Cfg.SettingsFactory - echoing all SQL to stdout
2018-11-29 02:12:41,383 [16] INFO  NHibernate.Cfg.SettingsFactory - Statistics: disabled
2018-11-29 02:12:41,383 [16] INFO  NHibernate.Cfg.SettingsFactory - Deleted entity synthetic identifier rollback: disabled
2018-11-29 02:12:41,384 [16] INFO  NHibernate.Cfg.SettingsFactory - Query translator: NHibernate.Hql.Ast.ANTLR.ASTQueryTranslatorFactory
2018-11-29 02:12:41,384 [16] INFO  NHibernate.Cfg.SettingsFactory - Query provider: NHibernate.Linq.DefaultQueryProvider
2018-11-29 02:12:41,385 [16] INFO  NHibernate.Cfg.SettingsFactory - Query language substitutions: {}
2018-11-29 02:12:41,386 [16] INFO  NHibernate.Cfg.SettingsFactory - cache provider: NHibernate.Cache.NoCacheProvider, NHibernate, Version=5.1.0.0, Culture=neutral, PublicKeyToken=aa95f207798dfdb4
2018-11-29 02:12:41,386 [16] INFO  NHibernate.Cfg.SettingsFactory - Order SQL inserts for batching: disabled
2018-11-29 02:12:41,386 [16] INFO  NHibernate.Cfg.SettingsFactory - Order SQL updates for batching: disabled
2018-11-29 02:12:41,387 [16] INFO  NHibernate.Cfg.SettingsFactory - Batcher factory: NHibernate.AdoNet.NonBatchingBatcherFactory, NHibernate, Version=5.1.0.0, Culture=neutral, PublicKeyToken=aa95f207798dfdb4
2018-11-29 02:12:41,387 [16] INFO  NHibernate.Cfg.SettingsFactory - Default flush mode: Auto
2018-11-29 02:12:41,387 [16] INFO  NHibernate.Cfg.SettingsFactory - Named query checking : enabled
2018-11-29 02:12:41,399 [16] INFO  NHibernate.Impl.SessionFactoryImpl - building session factory
2018-11-29 02:12:41,637 [16] INFO  NHibernate.Dialect.Dialect - Using dialect: NHibernate.Dialect.MySQL5Dialect
2018-11-29 02:12:41,788 [16] INFO  NHibernate.Impl.SessionFactoryObjectFactory - no name configured
2018-11-29 02:12:41,899 [16] INFO  MyGameServer.MyGameServer - 收到了一个请求
2018-11-29 02:12:51,333 [15] INFO  MyGameServer.MyGameServer - 收到了一个请求
2018-11-29 02:12:54,033 [11] INFO  MyGameServer.MyGameServer - 收到了一个请求
2018-11-29 02:13:06,300 [1] INFO  Photon.SocketServer.ApplicationBase - Application is stopping: AppId=MyGame1
2018-11-29 02:13:06,312 [1] INFO  MyGameServer.MyGameServer - 服务器端应用关闭了
2018-11-29 02:13:06,312 [1] INFO  Photon.SocketServer.ApplicationBase - Application stop: AppId=MyGame1
