18288: 16:26:02.323 - ---
18288: 16:26:02.323 - Service: "Photon Socket Server" starting
18288: 16:26:02.323 - Config File: F:\PhotonServer教程\Photon-OnPremise-Server-SDK_v4-0-29-11263\deploy\bin_Win64\PhotonServer.config
18288: 16:26:02.325 - Will produce at most: 10 crash dumps
18288: 16:26:02.325 - Action: run as exe
18288: 16:26:02.326 - Server Starting...
18288: 16:26:02.326 -    Tick count: 19520140 (wraps in: 49.4843 days)
18288: 16:26:02.326 - Tick count 64: 19520140
18288: 16:26:02.326 - Photon Version: 4.0.28.2962
18288: 16:26:02.326 - PID: 17424
18288: 16:26:02.326 - Config File: F:\PhotonServer教程\Photon-OnPremise-Server-SDK_v4-0-29-11263\deploy\bin_Win64\PhotonServer.config
18288: 16:26:02.326 - Will NOT log unimportant exceptions
18288: 16:26:02.328 - Not using performance counters as they are not currently installed. Run the service with /InstallCounters to install them.
18288: 16:26:02.328 - Shutdown timeout enabled: 30000ms
18288: 16:26:02.328 - Starting I/O thread pool with 2 threads
18288: 16:26:02.328 - Using Standard allocator
18288: 16:26:02.328 - Max message size: 512000
18288: 16:26:02.328 - Starting business logic thread pool with the following settings
18288: 16:26:02.328 - InitialThreads: 4 threads
18288: 16:26:02.328 - MinThreads: 4 threads
18288: 16:26:02.328 - Thread pool is fixed size
18288: 16:26:02.328 - Starting ENet thread pool with the following settings
18288: 16:26:02.328 - InitialThreads: 2 threads
18288: 16:26:02.328 - MinThreads: 2 threads
18288: 16:26:02.328 - Thread pool is fixed size
18288: 16:26:02.328 - OnlyDispatchTimers: False
18288: 16:26:02.328 - S2S: flow control: Max pending writes: 50
18288: 16:26:02.328 - S2S: flow control: Max queued buffers: 200
18288: 16:26:02.328 - S2S: flow control: Max pending writes MUX: 500
18288: 16:26:02.328 - S2S: flow control: Max queued buffers MUX: 2000
18288: 16:26:02.328 - S2S: MaxInboundMessageSize: 512000
18288: 16:26:02.328 - S2S: MaxOutboundMessageSize: 512000
18288: 16:26:02.328 - S2S: No inactivity timeout
18288: 16:26:02.339 - WebSocket S2S: MaxInboundMessageSize: 512000
18288: 16:26:02.339 - WebSocket S2S: MaxOutboundMessageSize: 512000
18288: 16:26:02.339 - WebSocket S2S: No inactivity timeout
18288: 16:26:02.339 - Max Reliable Data In Transit (awaiting ACKs) per peer : 51200 bytes
18288: 16:26:02.339 - Per peer bandwidth limit
18288: 16:26:02.339 - Transmit Rate Limit: 256 KB/Sec
18288: 16:26:02.339 - Limit period: 200ms
18288: 16:26:02.339 - Limit per period: 52428 bytes
18288: 16:26:02.339 - Max queued data for transmission per peer: 512000 bytes
18288: 16:26:02.339 - Minimum retransmit timeout: 200
18288: 16:26:02.339 - No Maximum retransmit timeout
18288: 16:26:02.339 - Minimum ENet timeout: 5000ms
18288: 16:26:02.339 - Maximum ENet timeout: 30000ms
18288: 16:26:02.339 - Max Inbound Reliable Data Queued (awaiting resends of earlier sequence numbers) per peer : 163840 bytes
18288: 16:26:02.339 - No RTT ACK adjustment timeout
18288: 16:26:02.339 - Outbound ENet: MaxInboundMessageSize: 512000
18288: 16:26:02.339 - Outbound ENet: MaxOutboundMessageSize: 512000
18288: 16:26:02.359 - GetRuntime - About to load CLR - versions available:
18288: 16:26:02.359 - v2.0.50727
18288: 16:26:02.359 - v4.0.30319
18288: 16:26:02.359 - Configuration requests: "v2.0.50727"
18288: 16:26:02.359 - About to load version: "v2.0.50727"
18288: 16:26:02.620 - About to load runtime: PhotonHostRuntime.PhotonDomainManager from PhotonHostRuntime, Culture=neutral, PublicKeyToken=02C301B61B060C4D
18288: 16:26:02.620 - CLRBaseDirectory set to "F:\PhotonServer教程\Photon-OnPremise-Server-SDK_v4-0-29-11263\deploy"
18288: 16:26:02.620 - Optimising event broadcast for 20 or more peers
18288: 16:26:02.621 - Start: About to load CLR - versions available:
18288: 16:26:02.621 - v2.0.50727
18288: 16:26:02.621 - v4.0.30319
18288: 16:26:02.621 - No preference in configuration file, will load latest.
18288: 16:26:02.621 - About to load version: "v4.0.30319"
18288: 16:26:02.670 - Loaded version: "v4.0.30319"
18288: 16:26:02.903 - Photon host runtime loaded
18288: 16:26:04.797 - License is valid.
18288: 16:26:04.797 - Licensed for 100 concurrent connections.
18288: 16:26:04.797 - ENet: Max Reliable Data In Transit (awaiting ACKs) per peer : 51200 bytes
18288: 16:26:04.797 - ENet: Per peer bandwidth limit
18288: 16:26:04.797 - ENet: Transmit Rate Limit: 256 KB/Sec
18288: 16:26:04.797 - ENet: Limit period: 200ms
18288: 16:26:04.797 - ENet: Limit per period: 52428 bytes
18288: 16:26:04.797 - ENet: Max queued data for transmission per peer: 512000 bytes
18288: 16:26:04.797 - ENet: Minimum retransmit timeout: 200
18288: 16:26:04.797 - No Maximum retransmit timeout
18288: 16:26:04.797 - ENet: Minimum timeout: 5000ms
18288: 16:26:04.797 - ENet: Maximum timeout: 30000ms
18288: 16:26:04.797 - ENet: Max Inbound Reliable Data Queued (awaiting resends of earlier sequence numbers) per peer : 163840 bytes
18288: 16:26:04.797 - No RTT ACK adjustment timeout
18288: 16:26:04.797 - About to load application: MMoDemo from Photon.MmoDemo.Server
18288: 16:26:04.797 - Auto restart is enabled for application, existing connections will be terminated during restart
18288: 16:26:04.797 - Application will restart 1000ms after the last change detected
18288: 16:26:04.797 - Application will restart if files matching the following are changed: "dll;config"
18288: 16:26:04.797 - Application will NOT restart if files matching the following are changed: "log4net.config"
18288: 16:26:04.864 - CService::OnException() - Exception: CManagedHost::CreateApplicationInNewAppDomain() - Failed to create new application domain for : "MMoDemo" - Can't find Photon.MmoDemo.Server.dll in  or F:\PhotonServer教程\Photon-OnPremise-Server-SDK_v4-0-29-11263\deploy\MmoDemo\bin
18288: 16:26:04.864 - Server shutting down...
18288: 16:26:04.864 - Shutdown monitoring enabled, 30000ms before process abort
18288: 16:26:04.864 - Notifying CLR applications of shutdown...
18288: 16:26:04.864 - RequestStop: defalt app domain
18288: 16:26:04.865 - Shutting down WebSocket Outbound Connection Manager...
18288: 16:26:04.865 - Shutting down TCP Outbound Connection Manager...
18288: 16:26:04.865 - Shutting down ENet Outbound Connection Manager...
18288: 16:26:04.865 - Disconnecting all outbound peers...
18288: 16:26:04.865 - Shutting down ENet host...
18288: 16:26:04.865 - Disconnecting all peers...
18288: 16:26:04.865 - Shutting down socket servers...
18288: 16:26:04.865 - Shutting down ENet thread pool...
18288: 16:26:04.866 - Shutting down TCP inactivity timers...
18288: 16:26:04.866 - Shutting down CLR applications...
18288: 16:26:04.866 - Shutting down business logic thread pool...
18288: 16:26:04.866 - Shutting down I/O thread pool...
18288: 16:26:04.866 - Destroying servers
18288: 16:26:04.866 - Destroying WebSocket Outbound Connection Manager
18288: 16:26:04.866 - Destroying TCP Outbound Connection Manager
18288: 16:26:04.866 - Destroying TCP inactivity timer
18288: 16:26:04.866 - Destroying ENet timer wheel
18288: 16:26:04.866 - Destroying ENet host
18288: 16:26:04.866 - Destroying ENet outbound host
18288: 16:26:04.866 - Destroying HTTP inactivity timer
18288: 16:26:04.866 - Destroying HTTP host
18288: 16:26:04.866 - Destroying HTTP Chunk host
18288: 16:26:04.866 - Flushing ENET buffer allocator...
18288: 16:26:04.866 - Flushing TCP buffer handle allocator...
18288: 16:26:04.866 - Flushing stream socket allocator...
18288: 16:26:04.866 - Flushing inbound datagram socket allocator...
18288: 16:26:04.866 - Flushing outbound datagram socket allocator...
18288: 16:26:04.866 - Destroying CLR dispatcher
18288: 16:26:04.866 - Destroying CLR applications
18288: 16:26:04.867 - ~CCLRApplicationCollection() - Waiting up to 10 seconds for the CLR to release all of our objects
18288: 16:26:04.867 - ~CCLRApplicationCollection() - Done. All objects released
18288: 16:26:04.867 - ~CManagedHost() - Release default app domain
18288: 16:26:04.867 - CManagedHost::OnDomainUnload() - 1
18288: 16:26:04.867 - ~CManagedHost() - Waiting up to 10 seconds for CLR shutdown...
18288: 16:26:04.867 - ~CManagedHost
18288: 16:26:04.867 - Destroying ENet thread pool
18288: 16:26:04.867 - Destroying Business logic thread pool
18288: 16:26:04.867 - Destroying I/O thread pool
18288: 16:26:04.867 - Destroying ENet buffer allocator
18288: 16:26:04.867 - Destroying TCP buffer allocator
18288: 16:26:04.867 - Destroying TCP socket allocator
18288: 16:26:04.867 - Destroying ENet inbound socket allocator
18288: 16:26:04.867 - Destroying ENet outbound socket allocator
18288: 16:26:04.867 - Destroying shared datagram flow control data
18288: 16:26:04.867 - Shutdown complete...
18288: 16:26:04.867 - Service shutting down
18288: 16:26:04.868 - Service shut down complete
