17568: 16:26:37.621 - ---
17568: 16:26:37.621 - Service: "Photon Socket Server" starting
17568: 16:26:37.621 - Config File: F:\PhotonServer教程\Photon-OnPremise-Server-SDK_v4-0-29-11263\deploy\bin_Win64\PhotonServer.config
17568: 16:26:37.623 - Will produce at most: 10 crash dumps
17568: 16:26:37.623 - Service shutting down
17568: 16:26:37.624 - Service shut down complete
2916: 17:03:38.085 - ---
2916: 17:03:38.085 - Service: "Photon Socket Server" starting
2916: 17:03:38.085 - Config File: F:\PhotonServer教程\Photon-OnPremise-Server-SDK_v4-0-29-11263\deploy\bin_Win64\PhotonServer.config
2916: 17:03:38.087 - Will produce at most: 10 crash dumps
2916: 17:03:38.088 - Service shutting down
2916: 17:03:38.089 - Service shut down complete
17184: 17:26:52.013 - ---
17184: 17:26:52.013 - Service: "Photon Socket Server" starting
17184: 17:26:52.013 - Config File: F:\PhotonServer教程\Photon-OnPremise-Server-SDK_v4-0-29-11263\deploy\bin_Win64\PhotonServer.config
17184: 17:26:52.014 - Will produce at most: 10 crash dumps
17184: 17:26:52.014 - Service shutting down
17184: 17:26:52.015 - Service shut down complete
20220: 23:44:28.076 - ---
20220: 23:44:28.076 - Service: "Photon Socket Server" starting
20220: 23:44:28.076 - Config File: F:\PhotonServer教程\Photon-OnPremise-Server-SDK_v4-0-29-11263\deploy\bin_Win64\PhotonServer.config
20220: 23:44:28.078 - Will produce at most: 10 crash dumps
20220: 23:44:28.078 - Service shutting down
20220: 23:44:28.079 - Service shut down complete
18172: 23:48:01.780 - ---
18172: 23:48:01.780 - Service: "Photon Socket Server" starting
18172: 23:48:01.780 - Config File: F:\PhotonServer教程\Photon-OnPremise-Server-SDK_v4-0-29-11263\deploy\bin_Win64\PhotonServer.config
18172: 23:48:01.782 - Will produce at most: 10 crash dumps
18172: 23:48:01.782 - Service shutting down
18172: 23:48:01.783 - Service shut down complete
10152: 23:52:41.263 - ---
10152: 23:52:41.263 - Service: "Photon Socket Server" starting
10152: 23:52:41.264 - Config File: F:\PhotonServer教程\Photon-OnPremise-Server-SDK_v4-0-29-11263\deploy\bin_Win64\PhotonServer.config
10152: 23:52:41.265 - Will produce at most: 10 crash dumps
10152: 23:52:41.265 - Service shutting down
10152: 23:52:41.267 - Service shut down complete
