15464: 18:52:58.752 - ---
15464: 18:52:58.752 - Service: "Photon Socket Server" starting
15464: 18:52:58.753 - Config File: F:\WysStudyType\PhotonServer教程\Photon-OnPremise-Server-SDK_v4-0-29-11263\deploy\bin_Win64\PhotonServer.config
15464: 18:52:58.754 - Will produce at most: 10 crash dumps
15464: 18:52:58.754 - Action: run as exe
15464: 18:52:58.755 - Server Starting...
15464: 18:52:58.755 -    Tick count: 25654562 (wraps in: 49.4133 days)
15464: 18:52:58.755 - Tick count 64: 25654562
15464: 18:52:58.755 - Photon Version: 4.0.28.2962
15464: 18:52:58.755 - PID: 12564
15464: 18:52:58.755 - Config File: F:\WysStudyType\PhotonServer教程\Photon-OnPremise-Server-SDK_v4-0-29-11263\deploy\bin_Win64\PhotonServer.config
15464: 18:52:58.755 - Will NOT log unimportant exceptions
15464: 18:52:58.757 - Not using performance counters as they are not currently installed. Run the service with /InstallCounters to install them.
15464: 18:52:58.757 - Shutdown timeout enabled: 30000ms
15464: 18:52:58.757 - Starting I/O thread pool with 2 threads
15464: 18:52:58.757 - Using Standard allocator
15464: 18:52:58.757 - Max message size: 512000
15464: 18:52:58.757 - Starting business logic thread pool with the following settings
15464: 18:52:58.757 - InitialThreads: 4 threads
15464: 18:52:58.757 - MinThreads: 4 threads
15464: 18:52:58.757 - Thread pool is fixed size
15464: 18:52:58.758 - Starting ENet thread pool with the following settings
15464: 18:52:58.758 - InitialThreads: 2 threads
15464: 18:52:58.758 - MinThreads: 2 threads
15464: 18:52:58.758 - Thread pool is fixed size
15464: 18:52:58.758 - OnlyDispatchTimers: False
15464: 18:52:58.758 - S2S: flow control: Max pending writes: 50
15464: 18:52:58.758 - S2S: flow control: Max queued buffers: 200
15464: 18:52:58.758 - S2S: flow control: Max pending writes MUX: 500
15464: 18:52:58.758 - S2S: flow control: Max queued buffers MUX: 2000
15464: 18:52:58.758 - S2S: MaxInboundMessageSize: 512000
15464: 18:52:58.758 - S2S: MaxOutboundMessageSize: 512000
15464: 18:52:58.758 - S2S: No inactivity timeout
15464: 18:52:58.762 - WebSocket S2S: MaxInboundMessageSize: 512000
15464: 18:52:58.762 - WebSocket S2S: MaxOutboundMessageSize: 512000
15464: 18:52:58.762 - WebSocket S2S: No inactivity timeout
15464: 18:52:58.762 - Max Reliable Data In Transit (awaiting ACKs) per peer : 51200 bytes
15464: 18:52:58.762 - Per peer bandwidth limit
15464: 18:52:58.762 - Transmit Rate Limit: 256 KB/Sec
15464: 18:52:58.762 - Limit period: 200ms
15464: 18:52:58.762 - Limit per period: 52428 bytes
15464: 18:52:58.762 - Max queued data for transmission per peer: 512000 bytes
15464: 18:52:58.762 - Minimum retransmit timeout: 200
15464: 18:52:58.762 - No Maximum retransmit timeout
15464: 18:52:58.762 - Minimum ENet timeout: 5000ms
15464: 18:52:58.762 - Maximum ENet timeout: 30000ms
15464: 18:52:58.762 - Max Inbound Reliable Data Queued (awaiting resends of earlier sequence numbers) per peer : 163840 bytes
15464: 18:52:58.762 - No RTT ACK adjustment timeout
15464: 18:52:58.762 - Outbound ENet: MaxInboundMessageSize: 512000
15464: 18:52:58.762 - Outbound ENet: MaxOutboundMessageSize: 512000
15464: 18:52:58.824 - GetRuntime - About to load CLR - versions available:
15464: 18:52:58.824 - v2.0.50727
15464: 18:52:58.824 - v4.0.30319
15464: 18:52:58.824 - Configuration requests: "v2.0.50727"
15464: 18:52:58.824 - About to load version: "v2.0.50727"
15464: 18:52:58.870 - About to load runtime: PhotonHostRuntime.PhotonDomainManager from PhotonHostRuntime, Culture=neutral, PublicKeyToken=02C301B61B060C4D
15464: 18:52:58.870 - CLRBaseDirectory set to "F:\WysStudyType\PhotonServer教程\Photon-OnPremise-Server-SDK_v4-0-29-11263\deploy"
15464: 18:52:58.870 - Optimising event broadcast for 20 or more peers
15464: 18:52:58.871 - Start: About to load CLR - versions available:
15464: 18:52:58.871 - v2.0.50727
15464: 18:52:58.871 - v4.0.30319
15464: 18:52:58.871 - No preference in configuration file, will load latest.
15464: 18:52:58.871 - About to load version: "v4.0.30319"
15464: 18:52:58.880 - Loaded version: "v4.0.30319"
15464: 18:52:59.434 - Photon host runtime loaded
15464: 18:53:01.609 - License is valid.
15464: 18:53:01.609 - Licensed for 100 concurrent connections.
15464: 18:53:01.609 - ENet: Max Reliable Data In Transit (awaiting ACKs) per peer : 51200 bytes
15464: 18:53:01.609 - ENet: Per peer bandwidth limit
15464: 18:53:01.609 - ENet: Transmit Rate Limit: 256 KB/Sec
15464: 18:53:01.609 - ENet: Limit period: 200ms
15464: 18:53:01.609 - ENet: Limit per period: 52428 bytes
15464: 18:53:01.609 - ENet: Max queued data for transmission per peer: 512000 bytes
15464: 18:53:01.609 - ENet: Minimum retransmit timeout: 200
15464: 18:53:01.609 - No Maximum retransmit timeout
15464: 18:53:01.609 - ENet: Minimum timeout: 5000ms
15464: 18:53:01.609 - ENet: Maximum timeout: 30000ms
15464: 18:53:01.609 - ENet: Max Inbound Reliable Data Queued (awaiting resends of earlier sequence numbers) per peer : 163840 bytes
15464: 18:53:01.609 - No RTT ACK adjustment timeout
15464: 18:53:01.609 - About to load application: MyGame1 from MyGameServer
15464: 18:53:01.609 - Auto restart is enabled for application, existing connections will be terminated during restart
15464: 18:53:01.609 - Application will restart 1000ms after the last change detected
15464: 18:53:01.609 - Application will restart if files matching the following are changed: "dll;config"
15464: 18:53:01.609 - Application will NOT restart if files matching the following are changed: "log4net.config"
15464: 18:53:01.896 - Taking reference on default app domain
15464: 18:53:02.084 - Application: "MyGame1" started in app domain: 2
15464: 18:53:02.084 - Adding TCP listener on: 0.0.0.0: 4530 with a listen backlog of: 150
15464: 18:53:02.084 - TCP inactivity timeout: 10000ms
15464: 18:53:02.084 - TCP disconnect timeout: 120000ms
15464: 18:53:02.084 - MaxInboundMessageSize: 512000
15464: 18:53:02.084 - MaxOutboundMessageSize: 512000
15464: 18:53:02.084 - Forcing all applications ids to: "MyGame1"
15464: 18:53:02.085 - Serving policy file requests from: "F:\WysStudyType\PhotonServer教程\Photon-OnPremise-Server-SDK_v4-0-29-11263\deploy\Policy\assets\socket-policy.xml"
15464: 18:53:02.085 - Forcing all applications ids to: "MyGame1"
15464: 18:53:02.085 - MaxInboundMessageSize: 512000
15464: 18:53:02.085 - MaxOutboundMessageSize: 512000
15464: 18:53:02.085 - UDP address specified as: "0.0.0.0" adding listener to each available IPv4 address
15464: 18:53:02.097 - Adding UDP listener on: 192.168.1.105: 5055 with a listen backlog of: 500
15464: 18:53:02.097 - Adding UDP listener on: 127.0.0.1: 5055 with a listen backlog of: 500
15464: 18:53:02.105 - Service is running...
