11736: 16:26:16.962 - ---
11736: 16:26:16.962 - Service: "Photon Socket Server" starting
11736: 16:26:16.962 - Config File: F:\PhotonServer教程\Photon-OnPremise-Server-SDK_v4-0-29-11263\deploy\bin_Win64\PhotonServer.config
11736: 16:26:16.964 - Will produce at most: 10 crash dumps
11736: 16:26:16.964 - Action: run as exe
11736: 16:26:16.964 - Server Starting...
11736: 16:26:16.964 -    Tick count: 19534781 (wraps in: 49.4842 days)
11736: 16:26:16.964 - Tick count 64: 19534781
11736: 16:26:16.964 - Photon Version: 4.0.28.2962
11736: 16:26:16.964 - PID: 14648
11736: 16:26:16.964 - Config File: F:\PhotonServer教程\Photon-OnPremise-Server-SDK_v4-0-29-11263\deploy\bin_Win64\PhotonServer.config
11736: 16:26:16.965 - Will NOT log unimportant exceptions
11736: 16:26:16.966 - Not using performance counters as they are not currently installed. Run the service with /InstallCounters to install them.
11736: 16:26:16.966 - Shutdown timeout enabled: 30000ms
11736: 16:26:16.966 - Starting I/O thread pool with 2 threads
11736: 16:26:16.967 - Using Standard allocator
11736: 16:26:16.967 - Max message size: 512000
11736: 16:26:16.967 - Starting business logic thread pool with the following settings
11736: 16:26:16.967 - InitialThreads: 4 threads
11736: 16:26:16.967 - MinThreads: 4 threads
11736: 16:26:16.967 - Thread pool is fixed size
11736: 16:26:16.967 - Starting ENet thread pool with the following settings
11736: 16:26:16.967 - InitialThreads: 2 threads
11736: 16:26:16.967 - MinThreads: 2 threads
11736: 16:26:16.967 - Thread pool is fixed size
11736: 16:26:16.967 - OnlyDispatchTimers: False
11736: 16:26:16.967 - S2S: flow control: Max pending writes: 50
11736: 16:26:16.967 - S2S: flow control: Max queued buffers: 200
11736: 16:26:16.967 - S2S: flow control: Max pending writes MUX: 500
11736: 16:26:16.967 - S2S: flow control: Max queued buffers MUX: 2000
11736: 16:26:16.967 - S2S: MaxInboundMessageSize: 512000
11736: 16:26:16.967 - S2S: MaxOutboundMessageSize: 512000
11736: 16:26:16.967 - S2S: No inactivity timeout
11736: 16:26:16.974 - WebSocket S2S: MaxInboundMessageSize: 512000
11736: 16:26:16.974 - WebSocket S2S: MaxOutboundMessageSize: 512000
11736: 16:26:16.974 - WebSocket S2S: No inactivity timeout
11736: 16:26:16.974 - Max Reliable Data In Transit (awaiting ACKs) per peer : 51200 bytes
11736: 16:26:16.974 - Per peer bandwidth limit
11736: 16:26:16.974 - Transmit Rate Limit: 256 KB/Sec
11736: 16:26:16.974 - Limit period: 200ms
11736: 16:26:16.974 - Limit per period: 52428 bytes
11736: 16:26:16.974 - Max queued data for transmission per peer: 512000 bytes
11736: 16:26:16.974 - Minimum retransmit timeout: 200
11736: 16:26:16.974 - No Maximum retransmit timeout
11736: 16:26:16.974 - Minimum ENet timeout: 5000ms
11736: 16:26:16.974 - Maximum ENet timeout: 30000ms
11736: 16:26:16.974 - Max Inbound Reliable Data Queued (awaiting resends of earlier sequence numbers) per peer : 163840 bytes
11736: 16:26:16.974 - No RTT ACK adjustment timeout
11736: 16:26:16.974 - Outbound ENet: MaxInboundMessageSize: 512000
11736: 16:26:16.974 - Outbound ENet: MaxOutboundMessageSize: 512000
11736: 16:26:16.976 - GetRuntime - About to load CLR - versions available:
11736: 16:26:16.976 - v2.0.50727
11736: 16:26:16.976 - v4.0.30319
11736: 16:26:16.976 - Configuration requests: "v2.0.50727"
11736: 16:26:16.976 - About to load version: "v2.0.50727"
11736: 16:26:16.981 - About to load runtime: PhotonHostRuntime.PhotonDomainManager from PhotonHostRuntime, Culture=neutral, PublicKeyToken=02C301B61B060C4D
11736: 16:26:16.981 - CLRBaseDirectory set to "F:\PhotonServer教程\Photon-OnPremise-Server-SDK_v4-0-29-11263\deploy"
11736: 16:26:16.981 - Optimising event broadcast for 20 or more peers
11736: 16:26:16.982 - Start: About to load CLR - versions available:
11736: 16:26:16.982 - v2.0.50727
11736: 16:26:16.982 - v4.0.30319
11736: 16:26:16.982 - No preference in configuration file, will load latest.
11736: 16:26:16.982 - About to load version: "v4.0.30319"
11736: 16:26:16.984 - Loaded version: "v4.0.30319"
11736: 16:26:17.112 - Photon host runtime loaded
11736: 16:26:18.566 - License is valid.
11736: 16:26:18.566 - Licensed for 100 concurrent connections.
11736: 16:26:18.566 - ENet: Max Reliable Data In Transit (awaiting ACKs) per peer : 51200 bytes
11736: 16:26:18.566 - ENet: Per peer bandwidth limit
11736: 16:26:18.566 - ENet: Transmit Rate Limit: 256 KB/Sec
11736: 16:26:18.566 - ENet: Limit period: 200ms
11736: 16:26:18.566 - ENet: Limit per period: 52428 bytes
11736: 16:26:18.566 - ENet: Max queued data for transmission per peer: 512000 bytes
11736: 16:26:18.566 - ENet: Minimum retransmit timeout: 200
11736: 16:26:18.567 - No Maximum retransmit timeout
11736: 16:26:18.567 - ENet: Minimum timeout: 5000ms
11736: 16:26:18.567 - ENet: Maximum timeout: 30000ms
11736: 16:26:18.567 - ENet: Max Inbound Reliable Data Queued (awaiting resends of earlier sequence numbers) per peer : 163840 bytes
11736: 16:26:18.567 - No RTT ACK adjustment timeout
11736: 16:26:18.567 - About to load application: Master from Photon.LoadBalancing
11736: 16:26:18.567 - Auto restart is enabled for application, existing connections will be terminated during restart
11736: 16:26:18.567 - Application will restart 1000ms after the last change detected
11736: 16:26:18.567 - Application will restart if files matching the following are changed: "dll;config"
11736: 16:26:18.567 - Application will NOT restart if files matching the following are changed: "log4net.config"
11736: 16:26:18.824 - Taking reference on default app domain
11736: 16:26:19.038 - Application: "Master" started in app domain: 2
11736: 16:26:19.038 - About to load application: Game from Photon.LoadBalancing
11736: 16:26:19.038 - Auto restart is enabled for application, existing connections will be terminated during restart
11736: 16:26:19.038 - Application will restart 1000ms after the last change detected
11736: 16:26:19.038 - Application will restart if files matching the following are changed: "dll;config"
11736: 16:26:19.038 - Application will NOT restart if files matching the following are changed: "log4net.config"
11736: 16:26:19.446 - Taking reference on default app domain
11736: 16:26:19.632 - Application: "Game" started in app domain: 3
11736: 16:26:19.632 - About to load application: CounterPublisher from CounterPublisher
11736: 16:26:19.632 - Auto restart is enabled for application, existing connections will be terminated during restart
11736: 16:26:19.632 - Application will restart 1000ms after the last change detected
11736: 16:26:19.632 - Application will restart if files matching the following are changed: "dll;config"
11736: 16:26:19.632 - Application will NOT restart if files matching the following are changed: "log4net.config"
11736: 16:26:19.724 - Taking reference on default app domain
11736: 16:26:19.935 - Application: "CounterPublisher" started in app domain: 4
11736: 16:26:19.935 - Adding TCP listener on: 0.0.0.0: 4530 with a listen backlog of: 150
11736: 16:26:19.935 - TCP inactivity timeout: 10000ms
11736: 16:26:19.935 - TCP disconnect timeout: 120000ms
11736: 16:26:19.935 - MaxInboundMessageSize: 512000
11736: 16:26:19.935 - MaxOutboundMessageSize: 512000
11736: 16:26:19.935 - Forcing all applications ids to: "Master"
11736: 16:26:19.935 - Serving policy file requests from: "F:\PhotonServer教程\Photon-OnPremise-Server-SDK_v4-0-29-11263\deploy\Policy\assets\socket-policy.xml"
11736: 16:26:19.935 - Adding TCP listener on: 0.0.0.0: 4531 with a listen backlog of: 150
11736: 16:26:19.935 - TCP inactivity timeout: 10000ms
11736: 16:26:19.935 - TCP disconnect timeout: 120000ms
11736: 16:26:19.935 - MaxInboundMessageSize: 512000
11736: 16:26:19.935 - MaxOutboundMessageSize: 512000
11736: 16:26:19.935 - Forcing all applications ids to: "Game"
11736: 16:26:19.935 - Serving policy file requests from: "F:\PhotonServer教程\Photon-OnPremise-Server-SDK_v4-0-29-11263\deploy\Policy\assets\socket-policy.xml"
11736: 16:26:19.935 - Adding TCP listener on: 0.0.0.0: 4520 with a listen backlog of: 150
11736: 16:26:19.935 - TCP inactivity timeout: 5000ms
11736: 16:26:19.935 - TCP disconnect timeout: 120000ms
11736: 16:26:19.935 - MaxInboundMessageSize: 512000
11736: 16:26:19.935 - MaxOutboundMessageSize: 512000
11736: 16:26:19.935 - Forcing all applications ids to: "Master"
11736: 16:26:19.935 - MaxInboundMessageSize: 512000
11736: 16:26:19.935 - MaxOutboundMessageSize: 512000
11736: 16:26:19.935 - UDP address specified as: "0.0.0.0" adding listener to each available IPv4 address
11736: 16:26:19.936 - Adding UDP listener on: 192.168.1.105: 5055 with a listen backlog of: 500
11736: 16:26:19.936 - Adding UDP listener on: 127.0.0.1: 5055 with a listen backlog of: 500
11736: 16:26:19.936 - Forcing all applications ids to: "Game"
11736: 16:26:19.936 - MaxInboundMessageSize: 512000
11736: 16:26:19.936 - MaxOutboundMessageSize: 512000
11736: 16:26:19.936 - UDP address specified as: "0.0.0.0" adding listener to each available IPv4 address
11736: 16:26:19.936 - Adding UDP listener on: 192.168.1.105: 5056 with a listen backlog of: 500
11736: 16:26:19.936 - Adding UDP listener on: 127.0.0.1: 5056 with a listen backlog of: 500
11736: 16:26:19.936 - Adding WebSocket TCP listener on: 0.0.0.0: 9090 with a listen backlog of: 150
11736: 16:26:19.936 - Nagle disabled
11736: 16:26:19.936 - TCP inactivity timeout: 10000ms
11736: 16:26:19.936 - MaxInboundMessageSize: 512000
11736: 16:26:19.936 - MaxOutboundMessageSize: 512000
11736: 16:26:19.936 - Forcing all applications ids to: "Master"
11736: 16:26:19.936 - Will accept ANY sub-protocols from the client
11736: 16:26:19.936 - No automatic WebSocket ping
11736: 16:26:19.936 - Adding WebSocket TCP listener on: 0.0.0.0: 9091 with a listen backlog of: 150
11736: 16:26:19.936 - Nagle disabled
11736: 16:26:19.936 - TCP inactivity timeout: 10000ms
11736: 16:26:19.936 - MaxInboundMessageSize: 512000
11736: 16:26:19.936 - MaxOutboundMessageSize: 512000
11736: 16:26:19.936 - Forcing all applications ids to: "Game"
11736: 16:26:19.936 - Will accept ANY sub-protocols from the client
11736: 16:26:19.936 - No automatic WebSocket ping
11736: 16:26:19.937 - Adding Policy File listener on: 0.0.0.0: 843 with a listen backlog of: 150 and serving Policy File: "F:\PhotonServer教程\Photon-OnPremise-Server-SDK_v4-0-29-11263\deploy\Policy\assets\socket-policy.xml"
11736: 16:26:19.937 - TCP inactivity timeout: 1000ms
11736: 16:26:19.937 - Adding Policy File listener on: 0.0.0.0: 943 with a listen backlog of: 150 and serving Policy File: "F:\PhotonServer教程\Photon-OnPremise-Server-SDK_v4-0-29-11263\deploy\Policy\assets\socket-policy-silverlight.xml"
11736: 16:26:19.937 - TCP inactivity timeout: 1000ms
11736: 16:26:19.961 - Service is running...
11736: 16:26:37.619 - Service is stopped...
11736: 16:26:37.619 - Server shutting down...
11736: 16:26:37.619 - Shutdown monitoring enabled, 30000ms before process abort
11736: 16:26:37.619 - Notifying CLR applications of shutdown...
11736: 16:26:37.620 - RequestApplicationStop: 4
11736: 16:26:37.623 - RequestApplicationStop: 3
11736: 16:26:37.626 - RequestApplicationStop: 2
11736: 16:26:37.629 - RequestStop: defalt app domain
11736: 16:26:37.630 - Shutting down WebSocket Outbound Connection Manager...
11736: 16:26:37.630 - Shutting down TCP Outbound Connection Manager...
11736: 16:26:37.630 - Shutting down ENet Outbound Connection Manager...
11736: 16:26:37.630 - Disconnecting all outbound peers...
11736: 16:26:37.630 - Shutting down ENet host...
11736: 16:26:37.630 - Disconnecting all peers...
11736: 16:26:37.630 - Shutting down socket servers...
11736: 16:26:37.630 - Shutting down ENet thread pool...
11736: 16:26:37.630 - Shutting down TCP inactivity timers...
11736: 16:26:37.630 - WaitingForShutdownToComplete: NativePolicy:0.0.0.0:843
11736: 16:26:37.630 - OnShutdownCompleted: NativePolicy:0.0.0.0:843
11736: 16:26:37.630 - WaitingForShutdownToComplete: NativePolicy:0.0.0.0:943
11736: 16:26:37.630 - OnShutdownCompleted: NativePolicy:0.0.0.0:943
11736: 16:26:37.630 - WaitingForShutdownToComplete: TCP:0.0.0.0:4520
11736: 16:26:37.630 - OnShutdownCompleted: TCP:0.0.0.0:4520
11736: 16:26:37.630 - WaitingForShutdownToComplete: TCP:0.0.0.0:4530
11736: 16:26:37.630 - OnShutdownCompleted: TCP:0.0.0.0:4530
11736: 16:26:37.630 - WaitingForShutdownToComplete: TCP:0.0.0.0:4531
11736: 16:26:37.630 - OnShutdownCompleted: TCP:0.0.0.0:4531
11736: 16:26:37.630 - WaitingForShutdownToComplete: UDP:127.0.0.1:5055
11736: 16:26:37.630 - OnShutdownCompleted: UDP:127.0.0.1:5055
11736: 16:26:37.630 - WaitingForShutdownToComplete: UDP:127.0.0.1:5056
11736: 16:26:37.630 - OnShutdownCompleted: UDP:127.0.0.1:5056
11736: 16:26:37.630 - WaitingForShutdownToComplete: UDP:192.168.1.105:5055
11736: 16:26:37.630 - OnShutdownCompleted: UDP:192.168.1.105:5055
11736: 16:26:37.630 - WaitingForShutdownToComplete: UDP:192.168.1.105:5056
11736: 16:26:37.630 - OnShutdownCompleted: UDP:192.168.1.105:5056
11736: 16:26:37.630 - WaitingForShutdownToComplete: WebSocket:0.0.0.0:9090
11736: 16:26:37.630 - OnShutdownCompleted: WebSocket:0.0.0.0:9090
11736: 16:26:37.630 - WaitingForShutdownToComplete: WebSocket:0.0.0.0:9091
11736: 16:26:37.630 - OnShutdownCompleted: WebSocket:0.0.0.0:9091
11736: 16:26:37.630 - Shutting down CLR applications...
9800: 16:26:37.643 - CManagedHost::OnDefaultAction() - OPR_AppDomainUnload - eUnloadAppDomain
11736: 16:26:37.657 - Shutting down business logic thread pool...
11736: 16:26:37.657 - Shutting down I/O thread pool...
11736: 16:26:37.657 - Destroying servers
11736: 16:26:37.657 - Destroying WebSocket Outbound Connection Manager
11736: 16:26:37.657 - Destroying TCP Outbound Connection Manager
11736: 16:26:37.657 - Destroying TCP inactivity timer
11736: 16:26:37.657 - Destroying ENet timer wheel
11736: 16:26:37.657 - Destroying ENet host
11736: 16:26:37.657 - Destroying ENet outbound host
11736: 16:26:37.657 - Destroying HTTP inactivity timer
11736: 16:26:37.657 - Destroying HTTP host
11736: 16:26:37.657 - Destroying HTTP Chunk host
11736: 16:26:37.657 - Flushing ENET buffer allocator...
11736: 16:26:37.658 - Flushing TCP buffer handle allocator...
11736: 16:26:37.658 - Flushing stream socket allocator...
11736: 16:26:37.659 - Flushing inbound datagram socket allocator...
11736: 16:26:37.660 - Flushing outbound datagram socket allocator...
11736: 16:26:37.660 - Destroying CLR dispatcher
11736: 16:26:37.660 - Destroying CLR applications
11736: 16:26:37.660 - ~CCLRApplicationCollection() - Waiting up to 10 seconds for the CLR to release all of our objects
16160: 16:26:37.661 - Unloading Domain: ApplicationName = 'CounterPublisher', DomainId='4'
9800: 16:26:37.661 - CManagedHost::OnDomainUnload() - 4
9800: 16:26:37.674 - CManagedHost::OnDefaultAction() - OPR_AppDomainUnload - eUnloadAppDomain
16160: 16:26:37.682 - Unloading Domain: ApplicationName = 'Master', DomainId='2'
9800: 16:26:37.682 - CManagedHost::OnDomainUnload() - 2
9800: 16:26:37.689 - CManagedHost::OnDefaultAction() - OPR_AppDomainUnload - eUnloadAppDomain
16160: 16:26:37.696 - Unloading Domain: ApplicationName = 'Game', DomainId='3'
9800: 16:26:37.696 - CManagedHost::OnDomainUnload() - 3
11736: 16:26:37.702 - ~CCLRApplicationCollection() - Done. All objects released
11736: 16:26:37.703 - ~CManagedHost() - Release default app domain
11736: 16:26:37.703 - CManagedHost::OnDomainUnload() - 1
11736: 16:26:37.703 - ~CManagedHost() - Waiting up to 10 seconds for CLR shutdown...
11736: 16:26:37.703 - ~CManagedHost
11736: 16:26:37.703 - Destroying ENet thread pool
11736: 16:26:37.703 - Destroying Business logic thread pool
11736: 16:26:37.703 - Destroying I/O thread pool
11736: 16:26:37.703 - Destroying ENet buffer allocator
11736: 16:26:37.703 - Destroying TCP buffer allocator
11736: 16:26:37.703 - Destroying TCP socket allocator
11736: 16:26:37.703 - Destroying ENet inbound socket allocator
11736: 16:26:37.703 - Destroying ENet outbound socket allocator
11736: 16:26:37.703 - Destroying shared datagram flow control data
11736: 16:26:37.703 - Shutdown complete...
11736: 16:26:37.703 - Service shutting down
11736: 16:26:37.705 - Service shut down complete
