2424: 00:04:29.613 - ---
2424: 00:04:29.614 - Service: "Photon Socket Server" starting
2424: 00:04:29.614 - Config File: F:\PhotonServer教程\Photon-OnPremise-Server-SDK_v4-0-29-11263\deploy\bin_Win64\PhotonServer.config
2424: 00:04:29.615 - Will produce at most: 10 crash dumps
2424: 00:04:29.615 - Service shutting down
2424: 00:04:29.617 - Service shut down complete
7336: 00:09:37.516 - ---
7336: 00:09:37.516 - Service: "Photon Socket Server" starting
7336: 00:09:37.516 - Config File: F:\PhotonServer教程\Photon-OnPremise-Server-SDK_v4-0-29-11263\deploy\bin_Win64\PhotonServer.config
7336: 00:09:37.518 - Will produce at most: 10 crash dumps
7336: 00:09:37.518 - Service shutting down
7336: 00:09:37.519 - Service shut down complete
18544: 00:16:22.395 - ---
18544: 00:16:22.395 - Service: "Photon Socket Server" starting
18544: 00:16:22.395 - Config File: F:\PhotonServer教程\Photon-OnPremise-Server-SDK_v4-0-29-11263\deploy\bin_Win64\PhotonServer.config
18544: 00:16:22.397 - Will produce at most: 10 crash dumps
18544: 00:16:22.397 - Service shutting down
18544: 00:16:22.398 - Service shut down complete
11432: 00:39:59.182 - ---
11432: 00:39:59.182 - Service: "Photon Socket Server" starting
11432: 00:39:59.182 - Config File: F:\PhotonServer教程\Photon-OnPremise-Server-SDK_v4-0-29-11263\deploy\bin_Win64\PhotonServer.config
11432: 00:39:59.184 - Will produce at most: 10 crash dumps
11432: 00:39:59.184 - Service shutting down
11432: 00:39:59.185 - Service shut down complete
20188: 02:09:51.579 - ---
20188: 02:09:51.579 - Service: "Photon Socket Server" starting
20188: 02:09:51.579 - Config File: F:\PhotonServer教程\Photon-OnPremise-Server-SDK_v4-0-29-11263\deploy\bin_Win64\PhotonServer.config
20188: 02:09:51.580 - Will produce at most: 10 crash dumps
20188: 02:09:51.581 - Service shutting down
20188: 02:09:51.582 - Service shut down complete
5460: 02:11:46.637 - ---
5460: 02:11:46.637 - Service: "Photon Socket Server" starting
5460: 02:11:46.637 - Config File: F:\PhotonServer教程\Photon-OnPremise-Server-SDK_v4-0-29-11263\deploy\bin_Win64\PhotonServer.config
5460: 02:11:46.638 - Will produce at most: 10 crash dumps
5460: 02:11:46.639 - Service shutting down
5460: 02:11:46.640 - Service shut down complete
7244: 02:13:06.299 - ---
7244: 02:13:06.299 - Service: "Photon Socket Server" starting
7244: 02:13:06.299 - Config File: F:\PhotonServer教程\Photon-OnPremise-Server-SDK_v4-0-29-11263\deploy\bin_Win64\PhotonServer.config
7244: 02:13:06.300 - Will produce at most: 10 crash dumps
7244: 02:13:06.300 - Service shutting down
7244: 02:13:06.302 - Service shut down complete
13012: 12:04:16.416 - ---
13012: 12:04:16.416 - Service: "Photon Socket Server" starting
13012: 12:04:16.416 - Config File: F:\WysStudyType\PhotonServer教程\Photon-OnPremise-Server-SDK_v4-0-29-11263\deploy\bin_Win64\PhotonServer.config
13012: 12:04:16.418 - Will produce at most: 10 crash dumps
13012: 12:04:16.418 - Service shutting down
13012: 12:04:16.419 - Service shut down complete
2804: 12:06:34.260 - ---
2804: 12:06:34.260 - Service: "Photon Socket Server" starting
2804: 12:06:34.260 - Config File: F:\WysStudyType\PhotonServer教程\Photon-OnPremise-Server-SDK_v4-0-29-11263\deploy\bin_Win64\PhotonServer.config
2804: 12:06:34.262 - Will produce at most: 10 crash dumps
2804: 12:06:34.262 - Service shutting down
2804: 12:06:34.263 - Service shut down complete
3240: 12:07:59.391 - ---
3240: 12:07:59.391 - Service: "Photon Socket Server" starting
3240: 12:07:59.391 - Config File: F:\WysStudyType\PhotonServer教程\Photon-OnPremise-Server-SDK_v4-0-29-11263\deploy\bin_Win64\PhotonServer.config
3240: 12:07:59.393 - Will produce at most: 10 crash dumps
3240: 12:07:59.393 - Service shutting down
3240: 12:07:59.394 - Service shut down complete
18272: 12:17:11.163 - ---
18272: 12:17:11.163 - Service: "Photon Socket Server" starting
18272: 12:17:11.163 - Config File: F:\WysStudyType\PhotonServer教程\Photon-OnPremise-Server-SDK_v4-0-29-11263\deploy\bin_Win64\PhotonServer.config
18272: 12:17:11.165 - Will produce at most: 10 crash dumps
18272: 12:17:11.165 - Service shutting down
18272: 12:17:11.166 - Service shut down complete
16352: 12:18:10.048 - ---
16352: 12:18:10.048 - Service: "Photon Socket Server" starting
16352: 12:18:10.049 - Config File: F:\WysStudyType\PhotonServer教程\Photon-OnPremise-Server-SDK_v4-0-29-11263\deploy\bin_Win64\PhotonServer.config
16352: 12:18:10.050 - Will produce at most: 10 crash dumps
16352: 12:18:10.050 - Service shutting down
16352: 12:18:10.051 - Service shut down complete
14232: 14:39:59.029 - ---
14232: 14:39:59.029 - Service: "Photon Socket Server" starting
14232: 14:39:59.030 - Config File: F:\WysStudyType\PhotonServer教程\Photon-OnPremise-Server-SDK_v4-0-29-11263\deploy\bin_Win64\PhotonServer.config
14232: 14:39:59.031 - Will produce at most: 10 crash dumps
14232: 14:39:59.031 - Service shutting down
14232: 14:39:59.033 - Service shut down complete
18340: 14:40:16.146 - ---
18340: 14:40:16.146 - Service: "Photon Socket Server" starting
18340: 14:40:16.147 - Config File: F:\WysStudyType\PhotonServer教程\Photon-OnPremise-Server-SDK_v4-0-29-11263\deploy\bin_Win64\PhotonServer.config
18340: 14:40:16.148 - Will produce at most: 10 crash dumps
18340: 14:40:16.148 - Service shutting down
18340: 14:40:16.149 - Service shut down complete
18676: 14:41:19.347 - ---
18676: 14:41:19.348 - Service: "Photon Socket Server" starting
18676: 14:41:19.348 - Config File: F:\WysStudyType\PhotonServer教程\Photon-OnPremise-Server-SDK_v4-0-29-11263\deploy\bin_Win64\PhotonServer.config
18676: 14:41:19.349 - Will produce at most: 10 crash dumps
18676: 14:41:19.349 - Service shutting down
18676: 14:41:19.350 - Service shut down complete
