9480: 13:37:43.342 - ---
9480: 13:37:43.342 - Service: "Photon Socket Server" starting
9480: 13:37:43.342 - Config File: F:\WysStudyType\PhotonServer教程\Photon-OnPremise-Server-SDK_v4-0-29-11263\deploy\bin_Win64\PhotonServer.config
9480: 13:37:43.344 - Will produce at most: 10 crash dumps
9480: 13:37:43.344 - Service shutting down
9480: 13:37:43.345 - Service shut down complete
15816: 13:38:35.458 - ---
15816: 13:38:35.458 - Service: "Photon Socket Server" starting
15816: 13:38:35.459 - Config File: F:\WysStudyType\PhotonServer教程\Photon-OnPremise-Server-SDK_v4-0-29-11263\deploy\bin_Win64\PhotonServer.config
15816: 13:38:35.460 - Will produce at most: 10 crash dumps
15816: 13:38:35.460 - Service shutting down
15816: 13:38:35.462 - Service shut down complete
18428: 13:41:54.678 - ---
18428: 13:41:54.678 - Service: "Photon Socket Server" starting
18428: 13:41:54.678 - Config File: F:\WysStudyType\PhotonServer教程\Photon-OnPremise-Server-SDK_v4-0-29-11263\deploy\bin_Win64\PhotonServer.config
18428: 13:41:54.679 - Will produce at most: 10 crash dumps
18428: 13:41:54.679 - Service shutting down
18428: 13:41:54.681 - Service shut down complete
8664: 13:46:00.022 - ---
8664: 13:46:00.022 - Service: "Photon Socket Server" starting
8664: 13:46:00.022 - Config File: F:\WysStudyType\PhotonServer教程\Photon-OnPremise-Server-SDK_v4-0-29-11263\deploy\bin_Win64\PhotonServer.config
8664: 13:46:00.024 - Will produce at most: 10 crash dumps
8664: 13:46:00.024 - Service shutting down
8664: 13:46:00.025 - Service shut down complete
