2018-11-28 16:26:02,889 [ 1] INFO  PhotonHostRuntime.PhotonDomainManager - Initialize: ApplicationName = 'DefaultDomain', DomainID = '1'
2018-11-28 16:26:02,902 [ 1] INFO  PhotonHostRuntime.PhotonDomainManager - AppDomains with unhandled exceptions are usually not unloaded and restarted.
2018-11-28 16:26:02,904 [ 1] INFO  PhotonHostRuntime.PhotonDomainManager - Getting license information:
2018-11-28 16:26:03,629 [ 1] INFO  PhotonHostRuntime.PhotonLicensing - LICENSE: Type:Standard; Plan:Free; Expiration: never; floating license: yes; max connections: 100; valid IPs: any; status:Licensed
2018-11-28 16:26:04,802 [ 1] INFO  PhotonHostRuntime.PhotonDomainManager - CreateAppDomain: name = 'MMoDemo' , assemblyName = 'Photon.MmoDemo.Server'
2018-11-28 16:26:04,804 [ 1] ERROR PhotonHostRuntime.PhotonDomainManager - CreateDomain
System.Exception: Can't find Photon.MmoDemo.Server.dll in  or F:\PhotonServer教程\Photon-OnPremise-Server-SDK_v4-0-29-11263\deploy\MmoDemo\bin
   在 PhotonHostRuntime.PhotonDomainManager.PhotonDefaultAppDomainBehavior.CreateAppDomain(String name, String assemblyName, String baseDirectoryRaw, String applicationRootDirectoryRaw, String applicationDirectoryRaw, String sharedDirectoryRaw, String applicationSharedDirectoryRaw, Boolean enableShadowCopy, Boolean createPerInstanceShadowCopyCaches, String instanceName)
   在 PhotonHostRuntime.PhotonDomainManager.CreateAppDomain(String name, String assemblyName, String baseDirectoryRaw, String applicationRootDirectoryRaw, String applicationDirectoryRaw, String sharedDirectoryRaw, String applicationSharedDirectoryRaw, Boolean enableShadowCopy, Boolean createPerInstanceShadowCopyCaches, String instanceName)
2018-11-28 16:26:04,865 [ 1] INFO  PhotonHostRuntime.PhotonDomainManager - RequestStop: ApplicationName = 'DefaultDomain', DomainId='1'
2018-11-28 16:26:17,099 [ 1] INFO  PhotonHostRuntime.PhotonDomainManager - Initialize: ApplicationName = 'DefaultDomain', DomainID = '1'
2018-11-28 16:26:17,112 [ 1] INFO  PhotonHostRuntime.PhotonDomainManager - AppDomains with unhandled exceptions are usually not unloaded and restarted.
2018-11-28 16:26:17,113 [ 1] INFO  PhotonHostRuntime.PhotonDomainManager - Getting license information:
2018-11-28 16:26:17,423 [ 1] INFO  PhotonHostRuntime.PhotonLicensing - LICENSE: Type:Standard; Plan:Free; Expiration: never; floating license: yes; max connections: 100; valid IPs: any; status:Licensed
2018-11-28 16:26:18,572 [ 1] INFO  PhotonHostRuntime.PhotonDomainManager - CreateAppDomain: name = 'Master' , assemblyName = 'Photon.LoadBalancing'
2018-11-28 16:26:18,573 [ 1] INFO  PhotonHostRuntime.PhotonDomainManager -   ApplicationBase = 'F:\PhotonServer教程\Photon-OnPremise-Server-SDK_v4-0-29-11263\deploy'
2018-11-28 16:26:18,573 [ 1] INFO  PhotonHostRuntime.PhotonDomainManager -   PrivateBinPath = 'F:\PhotonServer教程\Photon-OnPremise-Server-SDK_v4-0-29-11263\deploy\LoadBalancing\Master\bin;bin_Win64;Shared;'
2018-11-28 16:26:18,574 [ 1] INFO  PhotonHostRuntime.PhotonDomainManager -   ConfigurationFile = 'F:\PhotonServer教程\Photon-OnPremise-Server-SDK_v4-0-29-11263\deploy\LoadBalancing\Master\bin\Photon.LoadBalancing.dll.config'
2018-11-28 16:26:18,574 [ 1] INFO  PhotonHostRuntime.PhotonDomainManager -   CachePath = 'F:\PhotonServer教程\Photon-OnPremise-Server-SDK_v4-0-29-11263\deploy\LoadBalancing\Master\bin\Cache'
2018-11-28 16:26:18,822 [ 1] INFO  PhotonHostRuntime.PhotonDomainManager -   ApplicationPath = 'F:\PhotonServer教程\Photon-OnPremise-Server-SDK_v4-0-29-11263\deploy\LoadBalancing\Master'
2018-11-28 16:26:18,823 [ 1] INFO  PhotonHostRuntime.PhotonDomainManager -   BinaryPath = 'F:\PhotonServer教程\Photon-OnPremise-Server-SDK_v4-0-29-11263\deploy\LoadBalancing\Master\bin'
2018-11-28 16:26:18,823 [ 1] INFO  PhotonHostRuntime.PhotonDomainManager -   ApplicationRootPath = 'F:\PhotonServer教程\Photon-OnPremise-Server-SDK_v4-0-29-11263\deploy'
2018-11-28 16:26:18,824 [ 1] INFO  PhotonHostRuntime.PhotonDomainManager -   UnmanagedLogPath = 'F:\PhotonServer教程\Photon-OnPremise-Server-SDK_v4-0-29-11263\deploy\bin_Win64\log'
2018-11-28 16:26:18,893 [ 1] INFO  PhotonHostRuntime.PhotonDomainManager - AssemblyLoadEvent: Photon.LoadBalancing, Version=4.0.28.11221, Culture=neutral, PublicKeyToken=null from file:///F:/PhotonServer教程/Photon-OnPremise-Server-SDK_v4-0-29-11263/deploy/LoadBalancing/Master/bin/Photon.LoadBalancing.DLL
2018-11-28 16:26:18,893 [ 1] INFO  PhotonHostRuntime.PhotonDomainManager - Photon SDK:4.0.28.11245
2018-11-28 16:26:18,944 [ 1] INFO  PhotonHostRuntime.PhotonDomainManager - AssemblyLoadEvent: Photon.SocketServer, Version=4.0.28.11245, Culture=neutral, PublicKeyToken=48c2fa3b6988090e from file:///F:/PhotonServer教程/Photon-OnPremise-Server-SDK_v4-0-29-11263/deploy/LoadBalancing/Master/bin/Photon.SocketServer.DLL
2018-11-28 16:26:18,995 [ 1] INFO  PhotonHostRuntime.PhotonDomainManager - AssemblyLoadEvent: ExitGamesLibs, Version=1.0.4.0, Culture=neutral, PublicKeyToken=eac0edd9746a4aa0 from file:///F:/PhotonServer教程/Photon-OnPremise-Server-SDK_v4-0-29-11263/deploy/LoadBalancing/Master/bin/ExitGamesLibs.DLL
2018-11-28 16:26:19,037 [ 1] INFO  PhotonHostRuntime.PhotonDomainManager - Starting: name = 'Master', assemblyName = 'Photon.LoadBalancing', typeName = 'Photon.LoadBalancing.MasterServer.MasterApplication'
2018-11-28 16:26:19,038 [ 1] INFO  PhotonHostRuntime.PhotonDomainManager - CreateAppDomain: name = 'Game' , assemblyName = 'Photon.LoadBalancing'
2018-11-28 16:26:19,038 [ 1] INFO  PhotonHostRuntime.PhotonDomainManager -   ApplicationBase = 'F:\PhotonServer教程\Photon-OnPremise-Server-SDK_v4-0-29-11263\deploy'
2018-11-28 16:26:19,039 [ 1] INFO  PhotonHostRuntime.PhotonDomainManager -   PrivateBinPath = 'F:\PhotonServer教程\Photon-OnPremise-Server-SDK_v4-0-29-11263\deploy\LoadBalancing\GameServer\bin;bin_Win64;Shared;'
2018-11-28 16:26:19,039 [ 1] INFO  PhotonHostRuntime.PhotonDomainManager -   ConfigurationFile = 'F:\PhotonServer教程\Photon-OnPremise-Server-SDK_v4-0-29-11263\deploy\LoadBalancing\GameServer\bin\Photon.LoadBalancing.dll.config'
2018-11-28 16:26:19,039 [ 1] INFO  PhotonHostRuntime.PhotonDomainManager -   CachePath = 'F:\PhotonServer教程\Photon-OnPremise-Server-SDK_v4-0-29-11263\deploy\LoadBalancing\GameServer\bin\Cache'
2018-11-28 16:26:19,445 [ 1] INFO  PhotonHostRuntime.PhotonDomainManager -   ApplicationPath = 'F:\PhotonServer教程\Photon-OnPremise-Server-SDK_v4-0-29-11263\deploy\LoadBalancing\GameServer'
2018-11-28 16:26:19,445 [ 1] INFO  PhotonHostRuntime.PhotonDomainManager -   BinaryPath = 'F:\PhotonServer教程\Photon-OnPremise-Server-SDK_v4-0-29-11263\deploy\LoadBalancing\GameServer\bin'
2018-11-28 16:26:19,446 [ 1] INFO  PhotonHostRuntime.PhotonDomainManager -   ApplicationRootPath = 'F:\PhotonServer教程\Photon-OnPremise-Server-SDK_v4-0-29-11263\deploy'
2018-11-28 16:26:19,446 [ 1] INFO  PhotonHostRuntime.PhotonDomainManager -   UnmanagedLogPath = 'F:\PhotonServer教程\Photon-OnPremise-Server-SDK_v4-0-29-11263\deploy\bin_Win64\log'
2018-11-28 16:26:19,485 [ 1] INFO  PhotonHostRuntime.PhotonDomainManager - AssemblyLoadEvent: Photon.LoadBalancing, Version=4.0.28.11221, Culture=neutral, PublicKeyToken=null from file:///F:/PhotonServer教程/Photon-OnPremise-Server-SDK_v4-0-29-11263/deploy/LoadBalancing/GameServer/bin/Photon.LoadBalancing.DLL
2018-11-28 16:26:19,486 [ 1] INFO  PhotonHostRuntime.PhotonDomainManager - Photon SDK:4.0.28.11245
2018-11-28 16:26:19,503 [ 1] INFO  PhotonHostRuntime.PhotonDomainManager - AssemblyLoadEvent: Photon.SocketServer, Version=4.0.28.11245, Culture=neutral, PublicKeyToken=48c2fa3b6988090e from file:///F:/PhotonServer教程/Photon-OnPremise-Server-SDK_v4-0-29-11263/deploy/LoadBalancing/GameServer/bin/Photon.SocketServer.DLL
2018-11-28 16:26:19,511 [ 1] INFO  PhotonHostRuntime.PhotonDomainManager - AssemblyLoadEvent: Photon.Common, Version=4.0.28.11221, Culture=neutral, PublicKeyToken=null from file:///F:/PhotonServer教程/Photon-OnPremise-Server-SDK_v4-0-29-11263/deploy/LoadBalancing/GameServer/bin/Photon.Common.DLL
2018-11-28 16:26:19,535 [ 1] INFO  PhotonHostRuntime.PhotonDomainManager - AssemblyLoadEvent: ExitGamesLibs, Version=1.0.4.0, Culture=neutral, PublicKeyToken=eac0edd9746a4aa0 from file:///F:/PhotonServer教程/Photon-OnPremise-Server-SDK_v4-0-29-11263/deploy/LoadBalancing/GameServer/bin/ExitGamesLibs.DLL
2018-11-28 16:26:19,561 [ 1] INFO  PhotonHostRuntime.PhotonDomainManager - AssemblyLoadEvent: PhotonHive, Version=4.0.28.11221, Culture=neutral, PublicKeyToken=null from file:///F:/PhotonServer教程/Photon-OnPremise-Server-SDK_v4-0-29-11263/deploy/LoadBalancing/GameServer/bin/PhotonHive.DLL
2018-11-28 16:26:19,631 [ 1] INFO  PhotonHostRuntime.PhotonDomainManager - Starting: name = 'Game', assemblyName = 'Photon.LoadBalancing', typeName = 'Photon.LoadBalancing.GameServer.GameApplication'
2018-11-28 16:26:19,632 [ 1] INFO  PhotonHostRuntime.PhotonDomainManager - CreateAppDomain: name = 'CounterPublisher' , assemblyName = 'CounterPublisher'
2018-11-28 16:26:19,633 [ 1] INFO  PhotonHostRuntime.PhotonDomainManager -   ApplicationBase = 'F:\PhotonServer教程\Photon-OnPremise-Server-SDK_v4-0-29-11263\deploy'
2018-11-28 16:26:19,633 [ 1] INFO  PhotonHostRuntime.PhotonDomainManager -   PrivateBinPath = 'F:\PhotonServer教程\Photon-OnPremise-Server-SDK_v4-0-29-11263\deploy\CounterPublisher\bin;bin_Win64;Shared;'
2018-11-28 16:26:19,633 [ 1] INFO  PhotonHostRuntime.PhotonDomainManager -   ConfigurationFile = 'F:\PhotonServer教程\Photon-OnPremise-Server-SDK_v4-0-29-11263\deploy\CounterPublisher\bin\CounterPublisher.dll.config'
2018-11-28 16:26:19,633 [ 1] INFO  PhotonHostRuntime.PhotonDomainManager -   CachePath = 'F:\PhotonServer教程\Photon-OnPremise-Server-SDK_v4-0-29-11263\deploy\CounterPublisher\bin\Cache'
2018-11-28 16:26:19,722 [ 1] INFO  PhotonHostRuntime.PhotonDomainManager -   ApplicationPath = 'F:\PhotonServer教程\Photon-OnPremise-Server-SDK_v4-0-29-11263\deploy\CounterPublisher'
2018-11-28 16:26:19,723 [ 1] INFO  PhotonHostRuntime.PhotonDomainManager -   BinaryPath = 'F:\PhotonServer教程\Photon-OnPremise-Server-SDK_v4-0-29-11263\deploy\CounterPublisher\bin'
2018-11-28 16:26:19,723 [ 1] INFO  PhotonHostRuntime.PhotonDomainManager -   ApplicationRootPath = 'F:\PhotonServer教程\Photon-OnPremise-Server-SDK_v4-0-29-11263\deploy'
2018-11-28 16:26:19,724 [ 1] INFO  PhotonHostRuntime.PhotonDomainManager -   UnmanagedLogPath = 'F:\PhotonServer教程\Photon-OnPremise-Server-SDK_v4-0-29-11263\deploy\bin_Win64\log'
2018-11-28 16:26:19,747 [ 1] INFO  PhotonHostRuntime.PhotonDomainManager - AssemblyLoadEvent: CounterPublisher, Version=4.0.28.11221, Culture=neutral, PublicKeyToken=null from file:///F:/PhotonServer教程/Photon-OnPremise-Server-SDK_v4-0-29-11263/deploy/CounterPublisher/bin/CounterPublisher.DLL
2018-11-28 16:26:19,748 [ 1] INFO  PhotonHostRuntime.PhotonDomainManager - Photon SDK:4.0.28.11245
2018-11-28 16:26:19,774 [ 1] INFO  PhotonHostRuntime.PhotonDomainManager - AssemblyLoadEvent: Photon.SocketServer, Version=4.0.28.11245, Culture=neutral, PublicKeyToken=48c2fa3b6988090e from file:///F:/PhotonServer教程/Photon-OnPremise-Server-SDK_v4-0-29-11263/deploy/CounterPublisher/bin/Photon.SocketServer.DLL
2018-11-28 16:26:19,930 [ 1] INFO  PhotonHostRuntime.PhotonDomainManager - AssemblyLoadEvent: ExitGamesLibs, Version=1.0.4.0, Culture=neutral, PublicKeyToken=eac0edd9746a4aa0 from file:///F:/PhotonServer教程/Photon-OnPremise-Server-SDK_v4-0-29-11263/deploy/CounterPublisher/bin/ExitGamesLibs.DLL
2018-11-28 16:26:19,934 [ 1] INFO  PhotonHostRuntime.PhotonDomainManager - Starting: name = 'CounterPublisher', assemblyName = 'CounterPublisher', typeName = 'Photon.CounterPublisher.Application'
2018-11-28 16:26:19,962 [ 1] INFO  PhotonHostRuntime.PhotonDomainManager - PhotonRunning: ApplicationName = 'CounterPublisher', DomainId='4' -- calling Application.Setup
2018-11-28 16:26:19,991 [ 1] INFO  PhotonHostRuntime.PhotonDomainManager - AssemblyLoadEvent: ExitGames.Logging.Log4Net, Version=1.0.4.0, Culture=neutral, PublicKeyToken=eac0edd9746a4aa0 from file:///F:/PhotonServer教程/Photon-OnPremise-Server-SDK_v4-0-29-11263/deploy/CounterPublisher/bin/ExitGames.Logging.Log4Net.DLL
2018-11-28 16:26:25,893 [ 1] INFO  PhotonHostRuntime.PhotonDomainManager - PhotonRunning: ApplicationName = 'Game', DomainId='3' -- calling Application.Setup
2018-11-28 16:26:25,928 [ 1] INFO  PhotonHostRuntime.PhotonDomainManager - AssemblyLoadEvent: ExitGames.Logging.Log4Net, Version=1.0.4.0, Culture=neutral, PublicKeyToken=eac0edd9746a4aa0 from file:///F:/PhotonServer教程/Photon-OnPremise-Server-SDK_v4-0-29-11263/deploy/LoadBalancing/GameServer/bin/ExitGames.Logging.Log4Net.DLL
2018-11-28 16:26:27,206 [ 1] INFO  PhotonHostRuntime.PhotonDomainManager - AssemblyLoadEvent: System.resources, Version=4.0.0.0, Culture=zh-Hans, PublicKeyToken=b77a5c561934e089 from file:///C:/WINDOWS/Microsoft.Net/assembly/GAC_MSIL/System.resources/v4.0_4.0.0.0_zh-Hans_b77a5c561934e089/System.resources.dll
2018-11-28 16:26:27,206 [ 1] INFO  PhotonHostRuntime.PhotonDomainManager - ResourceResolveHandler: ApplicationName = 'Game', DomainId='3', args.Name='System.zh-Hans.resources'
2018-11-28 16:26:32,902 [ 1] INFO  PhotonHostRuntime.PhotonDomainManager - AssemblyLoadEvent: PhotonHivePlugin, Version=1.0.15.11060, Culture=neutral, PublicKeyToken=null from file:///F:/PhotonServer教程/Photon-OnPremise-Server-SDK_v4-0-29-11263/deploy/LoadBalancing/GameServer/bin/PhotonHivePlugin.DLL
2018-11-28 16:26:32,929 [ 1] INFO  PhotonHostRuntime.PhotonDomainManager - PhotonRunning: ApplicationName = 'Master', DomainId='2' -- calling Application.Setup
2018-11-28 16:26:32,943 [ 1] INFO  PhotonHostRuntime.PhotonDomainManager - AssemblyLoadEvent: Photon.Common, Version=4.0.28.11221, Culture=neutral, PublicKeyToken=null from file:///F:/PhotonServer教程/Photon-OnPremise-Server-SDK_v4-0-29-11263/deploy/LoadBalancing/Master/bin/Photon.Common.DLL
2018-11-28 16:26:32,952 [ 1] INFO  PhotonHostRuntime.PhotonDomainManager - AssemblyLoadEvent: ExitGames.Logging.Log4Net, Version=1.0.4.0, Culture=neutral, PublicKeyToken=eac0edd9746a4aa0 from file:///F:/PhotonServer教程/Photon-OnPremise-Server-SDK_v4-0-29-11263/deploy/LoadBalancing/Master/bin/ExitGames.Logging.Log4Net.DLL
2018-11-28 16:26:34,163 [ 1] INFO  PhotonHostRuntime.PhotonDomainManager - AssemblyLoadEvent: System.resources, Version=4.0.0.0, Culture=zh-Hans, PublicKeyToken=b77a5c561934e089 from file:///C:/WINDOWS/Microsoft.Net/assembly/GAC_MSIL/System.resources/v4.0_4.0.0.0_zh-Hans_b77a5c561934e089/System.resources.dll
2018-11-28 16:26:34,165 [ 1] INFO  PhotonHostRuntime.PhotonDomainManager - ResourceResolveHandler: ApplicationName = 'Master', DomainId='2', args.Name='System.zh-Hans.resources'
2018-11-28 16:26:34,377 [ 1] INFO  PhotonHostRuntime.PhotonDomainManager - AssemblyLoadEvent: PhotonHive, Version=4.0.28.11221, Culture=neutral, PublicKeyToken=null from file:///F:/PhotonServer教程/Photon-OnPremise-Server-SDK_v4-0-29-11263/deploy/LoadBalancing/Master/bin/PhotonHive.DLL
2018-11-28 16:26:34,431 [ 1] INFO  PhotonHostRuntime.PhotonDomainManager - AssemblyLoadEvent: ServiceStack.Redis, Version=3.9.71.0, Culture=neutral, PublicKeyToken=null from file:///F:/PhotonServer教程/Photon-OnPremise-Server-SDK_v4-0-29-11263/deploy/LoadBalancing/Master/bin/ServiceStack.Redis.DLL
2018-11-28 16:26:34,459 [ 1] INFO  PhotonHostRuntime.PhotonDomainManager - AssemblyLoadEvent: ServiceStack.Interfaces, Version=1.0.0.0, Culture=neutral, PublicKeyToken=null from file:///F:/PhotonServer教程/Photon-OnPremise-Server-SDK_v4-0-29-11263/deploy/LoadBalancing/Master/bin/ServiceStack.Interfaces.DLL
2018-11-28 16:26:34,477 [ 1] INFO  PhotonHostRuntime.PhotonDomainManager - AssemblyLoadEvent: System.Web, Version=4.0.0.0, Culture=neutral, PublicKeyToken=b03f5f7f11d50a3a from file:///C:/WINDOWS/Microsoft.Net/assembly/GAC_64/System.Web/v4.0_4.0.0.0__b03f5f7f11d50a3a/System.Web.dll
2018-11-28 16:26:34,509 [ 1] INFO  PhotonHostRuntime.PhotonDomainManager - PhotonRunning: ApplicationName = 'DefaultDomain', DomainId='1'
2018-11-28 16:26:34,570 [11] INFO  PhotonHostRuntime.PhotonDomainManager - AssemblyLoadEvent: PhotonHivePlugin, Version=1.0.15.11060, Culture=neutral, PublicKeyToken=null from file:///F:/PhotonServer教程/Photon-OnPremise-Server-SDK_v4-0-29-11263/deploy/LoadBalancing/Master/bin/PhotonHivePlugin.DLL
2018-11-28 16:26:37,621 [ 1] INFO  PhotonHostRuntime.PhotonDomainManager - RequestStop: ApplicationName = 'CounterPublisher', DomainId='4' -- calling Application.OnStopRequested()
2018-11-28 16:26:37,623 [ 1] INFO  PhotonHostRuntime.PhotonDomainManager - RequestStop: ApplicationName = 'Game', DomainId='3' -- calling Application.OnStopRequested()
2018-11-28 16:26:37,627 [ 1] INFO  PhotonHostRuntime.PhotonDomainManager - RequestStop: ApplicationName = 'Master', DomainId='2' -- calling Application.OnStopRequested()
2018-11-28 16:26:37,629 [ 1] INFO  PhotonHostRuntime.PhotonDomainManager - RequestStop: ApplicationName = 'DefaultDomain', DomainId='1'
2018-11-28 16:26:37,631 [ 1] INFO  PhotonHostRuntime.PhotonDomainManager - Stop: ApplicationName = 'CounterPublisher', DomainId='4' -- calling Application.TearDown()
2018-11-28 16:26:37,644 [ 1] INFO  PhotonHostRuntime.PhotonDomainManager - Stop: ApplicationName = 'Game', DomainId='3' -- calling Application.TearDown()
2018-11-28 16:26:37,656 [ 1] INFO  PhotonHostRuntime.PhotonDomainManager - Stop: ApplicationName = 'Master', DomainId='2' -- calling Application.TearDown()
2018-11-28 17:01:39,241 [ 1] INFO  PhotonHostRuntime.PhotonDomainManager - Initialize: ApplicationName = 'DefaultDomain', DomainID = '1'
2018-11-28 17:01:39,253 [ 1] INFO  PhotonHostRuntime.PhotonDomainManager - AppDomains with unhandled exceptions are usually not unloaded and restarted.
2018-11-28 17:01:39,255 [ 1] INFO  PhotonHostRuntime.PhotonDomainManager - Getting license information:
2018-11-28 17:01:39,568 [ 1] INFO  PhotonHostRuntime.PhotonLicensing - LICENSE: Type:Standard; Plan:Free; Expiration: never; floating license: yes; max connections: 100; valid IPs: any; status:Licensed
2018-11-28 17:01:40,734 [ 1] INFO  PhotonHostRuntime.PhotonDomainManager - CreateAppDomain: name = 'MyGame1' , assemblyName = 'MyGamerServer'
2018-11-28 17:01:40,736 [ 1] ERROR PhotonHostRuntime.PhotonDomainManager - CreateDomain
System.Exception: Can't find MyGamerServer.dll in  or F:\PhotonServer教程\Photon-OnPremise-Server-SDK_v4-0-29-11263\deploy\MyGameServer\bin
   在 PhotonHostRuntime.PhotonDomainManager.PhotonDefaultAppDomainBehavior.CreateAppDomain(String name, String assemblyName, String baseDirectoryRaw, String applicationRootDirectoryRaw, String applicationDirectoryRaw, String sharedDirectoryRaw, String applicationSharedDirectoryRaw, Boolean enableShadowCopy, Boolean createPerInstanceShadowCopyCaches, String instanceName)
   在 PhotonHostRuntime.PhotonDomainManager.CreateAppDomain(String name, String assemblyName, String baseDirectoryRaw, String applicationRootDirectoryRaw, String applicationDirectoryRaw, String sharedDirectoryRaw, String applicationSharedDirectoryRaw, Boolean enableShadowCopy, Boolean createPerInstanceShadowCopyCaches, String instanceName)
2018-11-28 17:01:40,745 [ 1] INFO  PhotonHostRuntime.PhotonDomainManager - RequestStop: ApplicationName = 'DefaultDomain', DomainId='1'
2018-11-28 17:03:19,483 [ 1] INFO  PhotonHostRuntime.PhotonDomainManager - Initialize: ApplicationName = 'DefaultDomain', DomainID = '1'
2018-11-28 17:03:19,496 [ 1] INFO  PhotonHostRuntime.PhotonDomainManager - AppDomains with unhandled exceptions are usually not unloaded and restarted.
2018-11-28 17:03:19,497 [ 1] INFO  PhotonHostRuntime.PhotonDomainManager - Getting license information:
2018-11-28 17:03:19,796 [ 1] INFO  PhotonHostRuntime.PhotonLicensing - LICENSE: Type:Standard; Plan:Free; Expiration: never; floating license: yes; max connections: 100; valid IPs: any; status:Licensed
2018-11-28 17:03:20,953 [ 1] INFO  PhotonHostRuntime.PhotonDomainManager - CreateAppDomain: name = 'MyGame1' , assemblyName = 'MyGameServer'
2018-11-28 17:03:20,954 [ 1] INFO  PhotonHostRuntime.PhotonDomainManager -   ApplicationBase = 'F:\PhotonServer教程\Photon-OnPremise-Server-SDK_v4-0-29-11263\deploy'
2018-11-28 17:03:20,955 [ 1] INFO  PhotonHostRuntime.PhotonDomainManager -   PrivateBinPath = 'F:\PhotonServer教程\Photon-OnPremise-Server-SDK_v4-0-29-11263\deploy\MyGameServer\bin;bin_Win64;Shared;'
2018-11-28 17:03:20,955 [ 1] INFO  PhotonHostRuntime.PhotonDomainManager -   ConfigurationFile = ''
2018-11-28 17:03:20,955 [ 1] INFO  PhotonHostRuntime.PhotonDomainManager -   CachePath = 'F:\PhotonServer教程\Photon-OnPremise-Server-SDK_v4-0-29-11263\deploy\MyGameServer\bin\Cache'
2018-11-28 17:03:21,048 [ 1] INFO  PhotonHostRuntime.PhotonDomainManager -   ApplicationPath = 'F:\PhotonServer教程\Photon-OnPremise-Server-SDK_v4-0-29-11263\deploy\MyGameServer'
2018-11-28 17:03:21,048 [ 1] INFO  PhotonHostRuntime.PhotonDomainManager -   BinaryPath = 'F:\PhotonServer教程\Photon-OnPremise-Server-SDK_v4-0-29-11263\deploy\MyGameServer\bin'
2018-11-28 17:03:21,049 [ 1] INFO  PhotonHostRuntime.PhotonDomainManager -   ApplicationRootPath = 'F:\PhotonServer教程\Photon-OnPremise-Server-SDK_v4-0-29-11263\deploy'
2018-11-28 17:03:21,049 [ 1] INFO  PhotonHostRuntime.PhotonDomainManager -   UnmanagedLogPath = 'F:\PhotonServer教程\Photon-OnPremise-Server-SDK_v4-0-29-11263\deploy\bin_Win64\log'
2018-11-28 17:03:21,057 [ 1] INFO  PhotonHostRuntime.PhotonDomainManager - AssemblyLoadEvent: MyGameServer, Version=1.0.0.0, Culture=neutral, PublicKeyToken=null from file:///F:/PhotonServer教程/Photon-OnPremise-Server-SDK_v4-0-29-11263/deploy/MyGameServer/bin/MyGameServer.DLL
2018-11-28 17:03:21,058 [ 1] INFO  PhotonHostRuntime.PhotonDomainManager - Photon SDK:4.0.28.11245
2018-11-28 17:03:21,076 [ 1] INFO  PhotonHostRuntime.PhotonDomainManager - AssemblyLoadEvent: Photon.SocketServer, Version=4.0.28.11245, Culture=neutral, PublicKeyToken=48c2fa3b6988090e from file:///F:/PhotonServer教程/Photon-OnPremise-Server-SDK_v4-0-29-11263/deploy/MyGameServer/bin/Photon.SocketServer.DLL
2018-11-28 17:03:21,089 [ 1] INFO  PhotonHostRuntime.PhotonDomainManager - AssemblyLoadEvent: ExitGamesLibs, Version=1.0.4.0, Culture=neutral, PublicKeyToken=eac0edd9746a4aa0 from file:///F:/PhotonServer教程/Photon-OnPremise-Server-SDK_v4-0-29-11263/deploy/MyGameServer/bin/ExitGamesLibs.DLL
2018-11-28 17:03:21,103 [ 1] INFO  PhotonHostRuntime.PhotonDomainManager - Starting: name = 'MyGame1', assemblyName = 'MyGameServer', typeName = 'MyGameServer.MyGameServer'
2018-11-28 17:03:21,112 [ 1] INFO  PhotonHostRuntime.PhotonDomainManager - PhotonRunning: ApplicationName = 'MyGame1', DomainId='2' -- calling Application.Setup
2018-11-28 17:03:21,120 [ 1] INFO  PhotonHostRuntime.PhotonDomainManager - PhotonRunning: ApplicationName = 'DefaultDomain', DomainId='1'
2018-11-28 17:03:38,082 [ 1] INFO  PhotonHostRuntime.PhotonDomainManager - RequestStop: ApplicationName = 'MyGame1', DomainId='2' -- calling Application.OnStopRequested()
2018-11-28 17:03:38,083 [ 1] INFO  PhotonHostRuntime.PhotonDomainManager - RequestStop: ApplicationName = 'DefaultDomain', DomainId='1'
2018-11-28 17:03:38,085 [ 1] INFO  PhotonHostRuntime.PhotonDomainManager - Stop: ApplicationName = 'MyGame1', DomainId='2' -- calling Application.TearDown()
2018-11-28 17:25:54,311 [ 1] INFO  PhotonHostRuntime.PhotonDomainManager - Initialize: ApplicationName = 'DefaultDomain', DomainID = '1'
2018-11-28 17:25:54,324 [ 1] INFO  PhotonHostRuntime.PhotonDomainManager - AppDomains with unhandled exceptions are usually not unloaded and restarted.
2018-11-28 17:25:54,326 [ 1] INFO  PhotonHostRuntime.PhotonDomainManager - Getting license information:
2018-11-28 17:25:54,634 [ 1] INFO  PhotonHostRuntime.PhotonLicensing - LICENSE: Type:Standard; Plan:Free; Expiration: never; floating license: yes; max connections: 100; valid IPs: any; status:Licensed
2018-11-28 17:25:55,794 [ 1] INFO  PhotonHostRuntime.PhotonDomainManager - CreateAppDomain: name = 'MyGame1' , assemblyName = 'MyGameServer'
2018-11-28 17:25:55,795 [ 1] INFO  PhotonHostRuntime.PhotonDomainManager -   ApplicationBase = 'F:\PhotonServer教程\Photon-OnPremise-Server-SDK_v4-0-29-11263\deploy'
2018-11-28 17:25:55,796 [ 1] INFO  PhotonHostRuntime.PhotonDomainManager -   PrivateBinPath = 'F:\PhotonServer教程\Photon-OnPremise-Server-SDK_v4-0-29-11263\deploy\MyGameServer\bin;bin_Win64;Shared;'
2018-11-28 17:25:55,796 [ 1] INFO  PhotonHostRuntime.PhotonDomainManager -   ConfigurationFile = ''
2018-11-28 17:25:55,796 [ 1] INFO  PhotonHostRuntime.PhotonDomainManager -   CachePath = 'F:\PhotonServer教程\Photon-OnPremise-Server-SDK_v4-0-29-11263\deploy\MyGameServer\bin\Cache'
2018-11-28 17:25:55,879 [ 1] INFO  PhotonHostRuntime.PhotonDomainManager -   ApplicationPath = 'F:\PhotonServer教程\Photon-OnPremise-Server-SDK_v4-0-29-11263\deploy\MyGameServer'
2018-11-28 17:25:55,880 [ 1] INFO  PhotonHostRuntime.PhotonDomainManager -   BinaryPath = 'F:\PhotonServer教程\Photon-OnPremise-Server-SDK_v4-0-29-11263\deploy\MyGameServer\bin'
2018-11-28 17:25:55,880 [ 1] INFO  PhotonHostRuntime.PhotonDomainManager -   ApplicationRootPath = 'F:\PhotonServer教程\Photon-OnPremise-Server-SDK_v4-0-29-11263\deploy'
2018-11-28 17:25:55,881 [ 1] INFO  PhotonHostRuntime.PhotonDomainManager -   UnmanagedLogPath = 'F:\PhotonServer教程\Photon-OnPremise-Server-SDK_v4-0-29-11263\deploy\bin_Win64\log'
2018-11-28 17:25:55,895 [ 1] INFO  PhotonHostRuntime.PhotonDomainManager - AssemblyLoadEvent: MyGameServer, Version=1.0.0.0, Culture=neutral, PublicKeyToken=null from file:///F:/PhotonServer教程/Photon-OnPremise-Server-SDK_v4-0-29-11263/deploy/MyGameServer/bin/MyGameServer.DLL
2018-11-28 17:25:55,896 [ 1] INFO  PhotonHostRuntime.PhotonDomainManager - Photon SDK:4.0.28.11245
2018-11-28 17:25:55,910 [ 1] INFO  PhotonHostRuntime.PhotonDomainManager - AssemblyLoadEvent: Photon.SocketServer, Version=4.0.28.11245, Culture=neutral, PublicKeyToken=48c2fa3b6988090e from file:///F:/PhotonServer教程/Photon-OnPremise-Server-SDK_v4-0-29-11263/deploy/MyGameServer/bin/Photon.SocketServer.DLL
2018-11-28 17:25:55,923 [ 1] INFO  PhotonHostRuntime.PhotonDomainManager - AssemblyLoadEvent: ExitGamesLibs, Version=1.0.4.0, Culture=neutral, PublicKeyToken=eac0edd9746a4aa0 from file:///F:/PhotonServer教程/Photon-OnPremise-Server-SDK_v4-0-29-11263/deploy/MyGameServer/bin/ExitGamesLibs.DLL
2018-11-28 17:25:55,927 [ 1] INFO  PhotonHostRuntime.PhotonDomainManager - Starting: name = 'MyGame1', assemblyName = 'MyGameServer', typeName = 'MyGameServer.MyGameServer'
2018-11-28 17:25:55,935 [ 1] INFO  PhotonHostRuntime.PhotonDomainManager - PhotonRunning: ApplicationName = 'MyGame1', DomainId='2' -- calling Application.Setup
2018-11-28 17:25:55,945 [ 1] INFO  PhotonHostRuntime.PhotonDomainManager - AssemblyLoadEvent: ExitGames.Logging.Log4Net, Version=1.0.4.0, Culture=neutral, PublicKeyToken=eac0edd9746a4aa0 from file:///F:/PhotonServer教程/Photon-OnPremise-Server-SDK_v4-0-29-11263/deploy/MyGameServer/bin/ExitGames.Logging.Log4Net.DLL
2018-11-28 17:25:56,106 [ 1] INFO  PhotonHostRuntime.PhotonDomainManager - PhotonRunning: ApplicationName = 'DefaultDomain', DomainId='1'
2018-11-28 17:26:52,010 [ 1] INFO  PhotonHostRuntime.PhotonDomainManager - RequestStop: ApplicationName = 'MyGame1', DomainId='2' -- calling Application.OnStopRequested()
2018-11-28 17:26:52,011 [ 1] INFO  PhotonHostRuntime.PhotonDomainManager - RequestStop: ApplicationName = 'DefaultDomain', DomainId='1'
2018-11-28 17:26:52,012 [ 1] INFO  PhotonHostRuntime.PhotonDomainManager - Stop: ApplicationName = 'MyGame1', DomainId='2' -- calling Application.TearDown()
2018-11-28 23:40:47,566 [ 1] INFO  PhotonHostRuntime.PhotonDomainManager - Initialize: ApplicationName = 'DefaultDomain', DomainID = '1'
2018-11-28 23:40:47,581 [ 1] INFO  PhotonHostRuntime.PhotonDomainManager - AppDomains with unhandled exceptions are usually not unloaded and restarted.
2018-11-28 23:40:47,586 [ 1] INFO  PhotonHostRuntime.PhotonDomainManager - Getting license information:
2018-11-28 23:40:47,933 [ 1] INFO  PhotonHostRuntime.PhotonLicensing - LICENSE: Type:Standard; Plan:Free; Expiration: never; floating license: yes; max connections: 100; valid IPs: any; status:Licensed
2018-11-28 23:40:49,097 [ 1] INFO  PhotonHostRuntime.PhotonDomainManager - CreateAppDomain: name = 'MyGame1' , assemblyName = 'MyGameServer'
2018-11-28 23:40:49,102 [ 1] INFO  PhotonHostRuntime.PhotonDomainManager -   ApplicationBase = 'F:\PhotonServer教程\Photon-OnPremise-Server-SDK_v4-0-29-11263\deploy'
2018-11-28 23:40:49,105 [ 1] INFO  PhotonHostRuntime.PhotonDomainManager -   PrivateBinPath = 'F:\PhotonServer教程\Photon-OnPremise-Server-SDK_v4-0-29-11263\deploy\MyGameServer\bin;bin_Win64;Shared;'
2018-11-28 23:40:49,110 [ 1] INFO  PhotonHostRuntime.PhotonDomainManager -   ConfigurationFile = ''
2018-11-28 23:40:49,114 [ 1] INFO  PhotonHostRuntime.PhotonDomainManager -   CachePath = 'F:\PhotonServer教程\Photon-OnPremise-Server-SDK_v4-0-29-11263\deploy\MyGameServer\bin\Cache'
2018-11-28 23:40:49,301 [ 1] INFO  PhotonHostRuntime.PhotonDomainManager -   ApplicationPath = 'F:\PhotonServer教程\Photon-OnPremise-Server-SDK_v4-0-29-11263\deploy\MyGameServer'
2018-11-28 23:40:49,305 [ 1] INFO  PhotonHostRuntime.PhotonDomainManager -   BinaryPath = 'F:\PhotonServer教程\Photon-OnPremise-Server-SDK_v4-0-29-11263\deploy\MyGameServer\bin'
2018-11-28 23:40:49,309 [ 1] INFO  PhotonHostRuntime.PhotonDomainManager -   ApplicationRootPath = 'F:\PhotonServer教程\Photon-OnPremise-Server-SDK_v4-0-29-11263\deploy'
2018-11-28 23:40:49,313 [ 1] INFO  PhotonHostRuntime.PhotonDomainManager -   UnmanagedLogPath = 'F:\PhotonServer教程\Photon-OnPremise-Server-SDK_v4-0-29-11263\deploy\bin_Win64\log'
2018-11-28 23:40:49,330 [ 1] INFO  PhotonHostRuntime.PhotonDomainManager - AssemblyLoadEvent: MyGameServer, Version=1.0.0.0, Culture=neutral, PublicKeyToken=null from file:///F:/PhotonServer教程/Photon-OnPremise-Server-SDK_v4-0-29-11263/deploy/MyGameServer/bin/MyGameServer.DLL
2018-11-28 23:40:49,335 [ 1] INFO  PhotonHostRuntime.PhotonDomainManager - Photon SDK:4.0.28.11245
2018-11-28 23:40:49,418 [ 1] INFO  PhotonHostRuntime.PhotonDomainManager - AssemblyLoadEvent: Photon.SocketServer, Version=4.0.28.11245, Culture=neutral, PublicKeyToken=48c2fa3b6988090e from file:///F:/PhotonServer教程/Photon-OnPremise-Server-SDK_v4-0-29-11263/deploy/MyGameServer/bin/Photon.SocketServer.DLL
2018-11-28 23:40:49,482 [ 1] INFO  PhotonHostRuntime.PhotonDomainManager - AssemblyLoadEvent: ExitGamesLibs, Version=1.0.4.0, Culture=neutral, PublicKeyToken=eac0edd9746a4aa0 from file:///F:/PhotonServer教程/Photon-OnPremise-Server-SDK_v4-0-29-11263/deploy/MyGameServer/bin/ExitGamesLibs.DLL
2018-11-28 23:40:49,493 [ 1] INFO  PhotonHostRuntime.PhotonDomainManager - Starting: name = 'MyGame1', assemblyName = 'MyGameServer', typeName = 'MyGameServer.MyGameServer'
2018-11-28 23:40:49,509 [ 1] INFO  PhotonHostRuntime.PhotonDomainManager - PhotonRunning: ApplicationName = 'MyGame1', DomainId='2' -- calling Application.Setup
2018-11-28 23:40:49,529 [ 1] INFO  PhotonHostRuntime.PhotonDomainManager - AssemblyLoadEvent: ExitGames.Logging.Log4Net, Version=1.0.4.0, Culture=neutral, PublicKeyToken=eac0edd9746a4aa0 from file:///F:/PhotonServer教程/Photon-OnPremise-Server-SDK_v4-0-29-11263/deploy/MyGameServer/bin/ExitGames.Logging.Log4Net.DLL
2018-11-28 23:40:49,617 [ 1] INFO  PhotonHostRuntime.PhotonDomainManager - PhotonRunning: ApplicationName = 'DefaultDomain', DomainId='1'
2018-11-28 23:44:28,091 [ 1] INFO  PhotonHostRuntime.PhotonDomainManager - RequestStop: ApplicationName = 'MyGame1', DomainId='2' -- calling Application.OnStopRequested()
2018-11-28 23:44:28,115 [ 1] INFO  PhotonHostRuntime.PhotonDomainManager - RequestStop: ApplicationName = 'DefaultDomain', DomainId='1'
2018-11-28 23:44:28,155 [ 1] INFO  PhotonHostRuntime.PhotonDomainManager - Stop: ApplicationName = 'MyGame1', DomainId='2' -- calling Application.TearDown()
2018-11-28 23:47:05,989 [ 1] INFO  PhotonHostRuntime.PhotonDomainManager - Initialize: ApplicationName = 'DefaultDomain', DomainID = '1'
2018-11-28 23:47:06,005 [ 1] INFO  PhotonHostRuntime.PhotonDomainManager - AppDomains with unhandled exceptions are usually not unloaded and restarted.
2018-11-28 23:47:06,010 [ 1] INFO  PhotonHostRuntime.PhotonDomainManager - Getting license information:
2018-11-28 23:47:06,299 [ 1] INFO  PhotonHostRuntime.PhotonLicensing - LICENSE: Type:Standard; Plan:Free; Expiration: never; floating license: yes; max connections: 100; valid IPs: any; status:Licensed
2018-11-28 23:47:07,463 [ 1] INFO  PhotonHostRuntime.PhotonDomainManager - CreateAppDomain: name = 'MyGame1' , assemblyName = 'MyGameServer'
2018-11-28 23:47:07,467 [ 1] INFO  PhotonHostRuntime.PhotonDomainManager -   ApplicationBase = 'F:\PhotonServer教程\Photon-OnPremise-Server-SDK_v4-0-29-11263\deploy'
2018-11-28 23:47:07,471 [ 1] INFO  PhotonHostRuntime.PhotonDomainManager -   PrivateBinPath = 'F:\PhotonServer教程\Photon-OnPremise-Server-SDK_v4-0-29-11263\deploy\MyGameServer\bin;bin_Win64;Shared;'
2018-11-28 23:47:07,476 [ 1] INFO  PhotonHostRuntime.PhotonDomainManager -   ConfigurationFile = ''
2018-11-28 23:47:07,480 [ 1] INFO  PhotonHostRuntime.PhotonDomainManager -   CachePath = 'F:\PhotonServer教程\Photon-OnPremise-Server-SDK_v4-0-29-11263\deploy\MyGameServer\bin\Cache'
2018-11-28 23:47:07,588 [ 1] INFO  PhotonHostRuntime.PhotonDomainManager -   ApplicationPath = 'F:\PhotonServer教程\Photon-OnPremise-Server-SDK_v4-0-29-11263\deploy\MyGameServer'
2018-11-28 23:47:07,594 [ 1] INFO  PhotonHostRuntime.PhotonDomainManager -   BinaryPath = 'F:\PhotonServer教程\Photon-OnPremise-Server-SDK_v4-0-29-11263\deploy\MyGameServer\bin'
2018-11-28 23:47:07,599 [ 1] INFO  PhotonHostRuntime.PhotonDomainManager -   ApplicationRootPath = 'F:\PhotonServer教程\Photon-OnPremise-Server-SDK_v4-0-29-11263\deploy'
2018-11-28 23:47:07,603 [ 1] INFO  PhotonHostRuntime.PhotonDomainManager -   UnmanagedLogPath = 'F:\PhotonServer教程\Photon-OnPremise-Server-SDK_v4-0-29-11263\deploy\bin_Win64\log'
2018-11-28 23:47:07,616 [ 1] INFO  PhotonHostRuntime.PhotonDomainManager - AssemblyLoadEvent: MyGameServer, Version=1.0.0.0, Culture=neutral, PublicKeyToken=null from file:///F:/PhotonServer教程/Photon-OnPremise-Server-SDK_v4-0-29-11263/deploy/MyGameServer/bin/MyGameServer.DLL
2018-11-28 23:47:07,620 [ 1] INFO  PhotonHostRuntime.PhotonDomainManager - Photon SDK:4.0.28.11245
2018-11-28 23:47:07,654 [ 1] INFO  PhotonHostRuntime.PhotonDomainManager - AssemblyLoadEvent: Photon.SocketServer, Version=4.0.28.11245, Culture=neutral, PublicKeyToken=48c2fa3b6988090e from file:///F:/PhotonServer教程/Photon-OnPremise-Server-SDK_v4-0-29-11263/deploy/MyGameServer/bin/Photon.SocketServer.DLL
2018-11-28 23:47:07,680 [ 1] INFO  PhotonHostRuntime.PhotonDomainManager - AssemblyLoadEvent: ExitGamesLibs, Version=1.0.4.0, Culture=neutral, PublicKeyToken=eac0edd9746a4aa0 from file:///F:/PhotonServer教程/Photon-OnPremise-Server-SDK_v4-0-29-11263/deploy/MyGameServer/bin/ExitGamesLibs.DLL
2018-11-28 23:47:07,688 [ 1] INFO  PhotonHostRuntime.PhotonDomainManager - Starting: name = 'MyGame1', assemblyName = 'MyGameServer', typeName = 'MyGameServer.MyGameServer'
2018-11-28 23:47:07,702 [ 1] INFO  PhotonHostRuntime.PhotonDomainManager - PhotonRunning: ApplicationName = 'MyGame1', DomainId='2' -- calling Application.Setup
2018-11-28 23:47:07,714 [ 1] INFO  PhotonHostRuntime.PhotonDomainManager - AssemblyLoadEvent: ExitGames.Logging.Log4Net, Version=1.0.4.0, Culture=neutral, PublicKeyToken=eac0edd9746a4aa0 from file:///F:/PhotonServer教程/Photon-OnPremise-Server-SDK_v4-0-29-11263/deploy/MyGameServer/bin/ExitGames.Logging.Log4Net.DLL
2018-11-28 23:47:07,817 [ 1] INFO  PhotonHostRuntime.PhotonDomainManager - PhotonRunning: ApplicationName = 'DefaultDomain', DomainId='1'
2018-11-28 23:48:01,777 [ 1] INFO  PhotonHostRuntime.PhotonDomainManager - RequestStop: ApplicationName = 'MyGame1', DomainId='2' -- calling Application.OnStopRequested()
2018-11-28 23:48:01,782 [ 1] INFO  PhotonHostRuntime.PhotonDomainManager - RequestStop: ApplicationName = 'DefaultDomain', DomainId='1'
2018-11-28 23:48:01,787 [ 1] INFO  PhotonHostRuntime.PhotonDomainManager - Stop: ApplicationName = 'MyGame1', DomainId='2' -- calling Application.TearDown()
2018-11-28 23:49:28,938 [ 1] INFO  PhotonHostRuntime.PhotonDomainManager - Initialize: ApplicationName = 'DefaultDomain', DomainID = '1'
2018-11-28 23:49:28,956 [ 1] INFO  PhotonHostRuntime.PhotonDomainManager - AppDomains with unhandled exceptions are usually not unloaded and restarted.
2018-11-28 23:49:28,962 [ 1] INFO  PhotonHostRuntime.PhotonDomainManager - Getting license information:
2018-11-28 23:49:29,259 [ 1] INFO  PhotonHostRuntime.PhotonLicensing - LICENSE: Type:Standard; Plan:Free; Expiration: never; floating license: yes; max connections: 100; valid IPs: any; status:Licensed
2018-11-28 23:49:30,420 [ 1] INFO  PhotonHostRuntime.PhotonDomainManager - CreateAppDomain: name = 'MyGame1' , assemblyName = 'MyGameServer'
2018-11-28 23:49:30,426 [ 1] INFO  PhotonHostRuntime.PhotonDomainManager -   ApplicationBase = 'F:\PhotonServer教程\Photon-OnPremise-Server-SDK_v4-0-29-11263\deploy'
2018-11-28 23:49:30,437 [ 1] INFO  PhotonHostRuntime.PhotonDomainManager -   PrivateBinPath = 'F:\PhotonServer教程\Photon-OnPremise-Server-SDK_v4-0-29-11263\deploy\MyGameServer\bin;bin_Win64;Shared;'
2018-11-28 23:49:30,440 [ 1] INFO  PhotonHostRuntime.PhotonDomainManager -   ConfigurationFile = ''
2018-11-28 23:49:30,444 [ 1] INFO  PhotonHostRuntime.PhotonDomainManager -   CachePath = 'F:\PhotonServer教程\Photon-OnPremise-Server-SDK_v4-0-29-11263\deploy\MyGameServer\bin\Cache'
2018-11-28 23:49:30,529 [ 1] INFO  PhotonHostRuntime.PhotonDomainManager -   ApplicationPath = 'F:\PhotonServer教程\Photon-OnPremise-Server-SDK_v4-0-29-11263\deploy\MyGameServer'
2018-11-28 23:49:30,533 [ 1] INFO  PhotonHostRuntime.PhotonDomainManager -   BinaryPath = 'F:\PhotonServer教程\Photon-OnPremise-Server-SDK_v4-0-29-11263\deploy\MyGameServer\bin'
2018-11-28 23:49:30,537 [ 1] INFO  PhotonHostRuntime.PhotonDomainManager -   ApplicationRootPath = 'F:\PhotonServer教程\Photon-OnPremise-Server-SDK_v4-0-29-11263\deploy'
2018-11-28 23:49:30,541 [ 1] INFO  PhotonHostRuntime.PhotonDomainManager -   UnmanagedLogPath = 'F:\PhotonServer教程\Photon-OnPremise-Server-SDK_v4-0-29-11263\deploy\bin_Win64\log'
2018-11-28 23:49:30,554 [ 1] INFO  PhotonHostRuntime.PhotonDomainManager - AssemblyLoadEvent: MyGameServer, Version=1.0.0.0, Culture=neutral, PublicKeyToken=null from file:///F:/PhotonServer教程/Photon-OnPremise-Server-SDK_v4-0-29-11263/deploy/MyGameServer/bin/MyGameServer.DLL
2018-11-28 23:49:30,558 [ 1] INFO  PhotonHostRuntime.PhotonDomainManager - Photon SDK:4.0.28.11245
2018-11-28 23:49:30,591 [ 1] INFO  PhotonHostRuntime.PhotonDomainManager - AssemblyLoadEvent: Photon.SocketServer, Version=4.0.28.11245, Culture=neutral, PublicKeyToken=48c2fa3b6988090e from file:///F:/PhotonServer教程/Photon-OnPremise-Server-SDK_v4-0-29-11263/deploy/MyGameServer/bin/Photon.SocketServer.DLL
2018-11-28 23:49:30,618 [ 1] INFO  PhotonHostRuntime.PhotonDomainManager - AssemblyLoadEvent: ExitGamesLibs, Version=1.0.4.0, Culture=neutral, PublicKeyToken=eac0edd9746a4aa0 from file:///F:/PhotonServer教程/Photon-OnPremise-Server-SDK_v4-0-29-11263/deploy/MyGameServer/bin/ExitGamesLibs.DLL
2018-11-28 23:49:30,629 [ 1] INFO  PhotonHostRuntime.PhotonDomainManager - Starting: name = 'MyGame1', assemblyName = 'MyGameServer', typeName = 'MyGameServer.MyGameServer'
2018-11-28 23:49:30,646 [ 1] INFO  PhotonHostRuntime.PhotonDomainManager - PhotonRunning: ApplicationName = 'MyGame1', DomainId='2' -- calling Application.Setup
2018-11-28 23:49:30,658 [ 1] INFO  PhotonHostRuntime.PhotonDomainManager - AssemblyLoadEvent: ExitGames.Logging.Log4Net, Version=1.0.4.0, Culture=neutral, PublicKeyToken=eac0edd9746a4aa0 from file:///F:/PhotonServer教程/Photon-OnPremise-Server-SDK_v4-0-29-11263/deploy/MyGameServer/bin/ExitGames.Logging.Log4Net.DLL
2018-11-28 23:49:30,742 [ 1] INFO  PhotonHostRuntime.PhotonDomainManager - PhotonRunning: ApplicationName = 'DefaultDomain', DomainId='1'
2018-11-28 23:52:41,261 [ 1] INFO  PhotonHostRuntime.PhotonDomainManager - RequestStop: ApplicationName = 'MyGame1', DomainId='2' -- calling Application.OnStopRequested()
2018-11-28 23:52:41,266 [ 1] INFO  PhotonHostRuntime.PhotonDomainManager - RequestStop: ApplicationName = 'DefaultDomain', DomainId='1'
2018-11-28 23:52:41,271 [ 1] INFO  PhotonHostRuntime.PhotonDomainManager - Stop: ApplicationName = 'MyGame1', DomainId='2' -- calling Application.TearDown()
2018-11-29 00:03:46,728 [ 1] INFO  PhotonHostRuntime.PhotonDomainManager - Initialize: ApplicationName = 'DefaultDomain', DomainID = '1'
2018-11-29 00:03:46,743 [ 1] INFO  PhotonHostRuntime.PhotonDomainManager - AppDomains with unhandled exceptions are usually not unloaded and restarted.
2018-11-29 00:03:46,748 [ 1] INFO  PhotonHostRuntime.PhotonDomainManager - Getting license information:
2018-11-29 00:03:47,041 [ 1] INFO  PhotonHostRuntime.PhotonLicensing - LICENSE: Type:Standard; Plan:Free; Expiration: never; floating license: yes; max connections: 100; valid IPs: any; status:Licensed
2018-11-29 00:03:48,202 [ 1] INFO  PhotonHostRuntime.PhotonDomainManager - CreateAppDomain: name = 'MyGame1' , assemblyName = 'MyGameServer'
2018-11-29 00:03:48,206 [ 1] INFO  PhotonHostRuntime.PhotonDomainManager -   ApplicationBase = 'F:\PhotonServer教程\Photon-OnPremise-Server-SDK_v4-0-29-11263\deploy'
2018-11-29 00:03:48,210 [ 1] INFO  PhotonHostRuntime.PhotonDomainManager -   PrivateBinPath = 'F:\PhotonServer教程\Photon-OnPremise-Server-SDK_v4-0-29-11263\deploy\MyGameServer\bin;bin_Win64;Shared;'
2018-11-29 00:03:48,214 [ 1] INFO  PhotonHostRuntime.PhotonDomainManager -   ConfigurationFile = ''
2018-11-29 00:03:48,218 [ 1] INFO  PhotonHostRuntime.PhotonDomainManager -   CachePath = 'F:\PhotonServer教程\Photon-OnPremise-Server-SDK_v4-0-29-11263\deploy\MyGameServer\bin\Cache'
2018-11-29 00:03:48,306 [ 1] INFO  PhotonHostRuntime.PhotonDomainManager -   ApplicationPath = 'F:\PhotonServer教程\Photon-OnPremise-Server-SDK_v4-0-29-11263\deploy\MyGameServer'
2018-11-29 00:03:48,310 [ 1] INFO  PhotonHostRuntime.PhotonDomainManager -   BinaryPath = 'F:\PhotonServer教程\Photon-OnPremise-Server-SDK_v4-0-29-11263\deploy\MyGameServer\bin'
2018-11-29 00:03:48,315 [ 1] INFO  PhotonHostRuntime.PhotonDomainManager -   ApplicationRootPath = 'F:\PhotonServer教程\Photon-OnPremise-Server-SDK_v4-0-29-11263\deploy'
2018-11-29 00:03:48,319 [ 1] INFO  PhotonHostRuntime.PhotonDomainManager -   UnmanagedLogPath = 'F:\PhotonServer教程\Photon-OnPremise-Server-SDK_v4-0-29-11263\deploy\bin_Win64\log'
2018-11-29 00:03:48,332 [ 1] INFO  PhotonHostRuntime.PhotonDomainManager - AssemblyLoadEvent: MyGameServer, Version=1.0.0.0, Culture=neutral, PublicKeyToken=null from file:///F:/PhotonServer教程/Photon-OnPremise-Server-SDK_v4-0-29-11263/deploy/MyGameServer/bin/MyGameServer.DLL
2018-11-29 00:03:48,336 [ 1] INFO  PhotonHostRuntime.PhotonDomainManager - Photon SDK:4.0.28.11245
2018-11-29 00:03:48,371 [ 1] INFO  PhotonHostRuntime.PhotonDomainManager - AssemblyLoadEvent: Photon.SocketServer, Version=4.0.28.11245, Culture=neutral, PublicKeyToken=48c2fa3b6988090e from file:///F:/PhotonServer教程/Photon-OnPremise-Server-SDK_v4-0-29-11263/deploy/MyGameServer/bin/Photon.SocketServer.DLL
2018-11-29 00:03:48,397 [ 1] INFO  PhotonHostRuntime.PhotonDomainManager - AssemblyLoadEvent: ExitGamesLibs, Version=1.0.4.0, Culture=neutral, PublicKeyToken=eac0edd9746a4aa0 from file:///F:/PhotonServer教程/Photon-OnPremise-Server-SDK_v4-0-29-11263/deploy/MyGameServer/bin/ExitGamesLibs.DLL
2018-11-29 00:03:48,403 [ 1] INFO  PhotonHostRuntime.PhotonDomainManager - Starting: name = 'MyGame1', assemblyName = 'MyGameServer', typeName = 'MyGameServer.MyGameServer'
2018-11-29 00:03:48,418 [ 1] INFO  PhotonHostRuntime.PhotonDomainManager - PhotonRunning: ApplicationName = 'MyGame1', DomainId='2' -- calling Application.Setup
2018-11-29 00:03:48,440 [ 1] INFO  PhotonHostRuntime.PhotonDomainManager - AssemblyLoadEvent: ExitGames.Logging.Log4Net, Version=1.0.4.0, Culture=neutral, PublicKeyToken=eac0edd9746a4aa0 from file:///F:/PhotonServer教程/Photon-OnPremise-Server-SDK_v4-0-29-11263/deploy/MyGameServer/bin/ExitGames.Logging.Log4Net.DLL
2018-11-29 00:03:48,533 [ 1] INFO  PhotonHostRuntime.PhotonDomainManager - PhotonRunning: ApplicationName = 'DefaultDomain', DomainId='1'
2018-11-29 00:04:29,608 [ 1] INFO  PhotonHostRuntime.PhotonDomainManager - RequestStop: ApplicationName = 'MyGame1', DomainId='2' -- calling Application.OnStopRequested()
2018-11-29 00:04:29,614 [ 1] INFO  PhotonHostRuntime.PhotonDomainManager - RequestStop: ApplicationName = 'DefaultDomain', DomainId='1'
2018-11-29 00:04:29,620 [ 1] INFO  PhotonHostRuntime.PhotonDomainManager - Stop: ApplicationName = 'MyGame1', DomainId='2' -- calling Application.TearDown()
2018-11-29 00:09:23,753 [ 1] INFO  PhotonHostRuntime.PhotonDomainManager - Initialize: ApplicationName = 'DefaultDomain', DomainID = '1'
2018-11-29 00:09:23,769 [ 1] INFO  PhotonHostRuntime.PhotonDomainManager - AppDomains with unhandled exceptions are usually not unloaded and restarted.
2018-11-29 00:09:23,775 [ 1] INFO  PhotonHostRuntime.PhotonDomainManager - Getting license information:
2018-11-29 00:09:24,054 [ 1] INFO  PhotonHostRuntime.PhotonLicensing - LICENSE: Type:Standard; Plan:Free; Expiration: never; floating license: yes; max connections: 100; valid IPs: any; status:Licensed
2018-11-29 00:09:25,211 [ 1] INFO  PhotonHostRuntime.PhotonDomainManager - CreateAppDomain: name = 'MyGame1' , assemblyName = 'MyGameServer'
2018-11-29 00:09:25,215 [ 1] INFO  PhotonHostRuntime.PhotonDomainManager -   ApplicationBase = 'F:\PhotonServer教程\Photon-OnPremise-Server-SDK_v4-0-29-11263\deploy'
2018-11-29 00:09:25,219 [ 1] INFO  PhotonHostRuntime.PhotonDomainManager -   PrivateBinPath = 'F:\PhotonServer教程\Photon-OnPremise-Server-SDK_v4-0-29-11263\deploy\MyGameServer\bin;bin_Win64;Shared;'
2018-11-29 00:09:25,222 [ 1] INFO  PhotonHostRuntime.PhotonDomainManager -   ConfigurationFile = ''
2018-11-29 00:09:25,226 [ 1] INFO  PhotonHostRuntime.PhotonDomainManager -   CachePath = 'F:\PhotonServer教程\Photon-OnPremise-Server-SDK_v4-0-29-11263\deploy\MyGameServer\bin\Cache'
2018-11-29 00:09:25,314 [ 1] INFO  PhotonHostRuntime.PhotonDomainManager -   ApplicationPath = 'F:\PhotonServer教程\Photon-OnPremise-Server-SDK_v4-0-29-11263\deploy\MyGameServer'
2018-11-29 00:09:25,317 [ 1] INFO  PhotonHostRuntime.PhotonDomainManager -   BinaryPath = 'F:\PhotonServer教程\Photon-OnPremise-Server-SDK_v4-0-29-11263\deploy\MyGameServer\bin'
2018-11-29 00:09:25,322 [ 1] INFO  PhotonHostRuntime.PhotonDomainManager -   ApplicationRootPath = 'F:\PhotonServer教程\Photon-OnPremise-Server-SDK_v4-0-29-11263\deploy'
2018-11-29 00:09:25,325 [ 1] INFO  PhotonHostRuntime.PhotonDomainManager -   UnmanagedLogPath = 'F:\PhotonServer教程\Photon-OnPremise-Server-SDK_v4-0-29-11263\deploy\bin_Win64\log'
2018-11-29 00:09:25,338 [ 1] INFO  PhotonHostRuntime.PhotonDomainManager - AssemblyLoadEvent: MyGameServer, Version=1.0.0.0, Culture=neutral, PublicKeyToken=null from file:///F:/PhotonServer教程/Photon-OnPremise-Server-SDK_v4-0-29-11263/deploy/MyGameServer/bin/MyGameServer.DLL
2018-11-29 00:09:25,342 [ 1] INFO  PhotonHostRuntime.PhotonDomainManager - Photon SDK:4.0.28.11245
2018-11-29 00:09:25,377 [ 1] INFO  PhotonHostRuntime.PhotonDomainManager - AssemblyLoadEvent: Photon.SocketServer, Version=4.0.28.11245, Culture=neutral, PublicKeyToken=48c2fa3b6988090e from file:///F:/PhotonServer教程/Photon-OnPremise-Server-SDK_v4-0-29-11263/deploy/MyGameServer/bin/Photon.SocketServer.DLL
2018-11-29 00:09:25,404 [ 1] INFO  PhotonHostRuntime.PhotonDomainManager - AssemblyLoadEvent: ExitGamesLibs, Version=1.0.4.0, Culture=neutral, PublicKeyToken=eac0edd9746a4aa0 from file:///F:/PhotonServer教程/Photon-OnPremise-Server-SDK_v4-0-29-11263/deploy/MyGameServer/bin/ExitGamesLibs.DLL
2018-11-29 00:09:25,411 [ 1] INFO  PhotonHostRuntime.PhotonDomainManager - Starting: name = 'MyGame1', assemblyName = 'MyGameServer', typeName = 'MyGameServer.MyGameServer'
2018-11-29 00:09:25,425 [ 1] INFO  PhotonHostRuntime.PhotonDomainManager - PhotonRunning: ApplicationName = 'MyGame1', DomainId='2' -- calling Application.Setup
2018-11-29 00:09:25,437 [ 1] INFO  PhotonHostRuntime.PhotonDomainManager - AssemblyLoadEvent: ExitGames.Logging.Log4Net, Version=1.0.4.0, Culture=neutral, PublicKeyToken=eac0edd9746a4aa0 from file:///F:/PhotonServer教程/Photon-OnPremise-Server-SDK_v4-0-29-11263/deploy/MyGameServer/bin/ExitGames.Logging.Log4Net.DLL
2018-11-29 00:09:25,519 [ 1] INFO  PhotonHostRuntime.PhotonDomainManager - PhotonRunning: ApplicationName = 'DefaultDomain', DomainId='1'
2018-11-29 00:09:37,513 [ 1] INFO  PhotonHostRuntime.PhotonDomainManager - RequestStop: ApplicationName = 'MyGame1', DomainId='2' -- calling Application.OnStopRequested()
2018-11-29 00:09:37,517 [ 1] INFO  PhotonHostRuntime.PhotonDomainManager - RequestStop: ApplicationName = 'DefaultDomain', DomainId='1'
2018-11-29 00:09:37,522 [ 1] INFO  PhotonHostRuntime.PhotonDomainManager - Stop: ApplicationName = 'MyGame1', DomainId='2' -- calling Application.TearDown()
2018-11-29 00:16:05,606 [ 1] INFO  PhotonHostRuntime.PhotonDomainManager - Initialize: ApplicationName = 'DefaultDomain', DomainID = '1'
2018-11-29 00:16:05,624 [ 1] INFO  PhotonHostRuntime.PhotonDomainManager - AppDomains with unhandled exceptions are usually not unloaded and restarted.
2018-11-29 00:16:05,629 [ 1] INFO  PhotonHostRuntime.PhotonDomainManager - Getting license information:
2018-11-29 00:16:05,949 [ 1] INFO  PhotonHostRuntime.PhotonLicensing - LICENSE: Type:Standard; Plan:Free; Expiration: never; floating license: yes; max connections: 100; valid IPs: any; status:Licensed
2018-11-29 00:16:07,159 [ 1] INFO  PhotonHostRuntime.PhotonDomainManager - CreateAppDomain: name = 'MyGame1' , assemblyName = 'MyGameServer'
2018-11-29 00:16:07,164 [ 1] INFO  PhotonHostRuntime.PhotonDomainManager -   ApplicationBase = 'F:\PhotonServer教程\Photon-OnPremise-Server-SDK_v4-0-29-11263\deploy'
2018-11-29 00:16:07,168 [ 1] INFO  PhotonHostRuntime.PhotonDomainManager -   PrivateBinPath = 'F:\PhotonServer教程\Photon-OnPremise-Server-SDK_v4-0-29-11263\deploy\MyGameServer\bin;bin_Win64;Shared;'
2018-11-29 00:16:07,172 [ 1] INFO  PhotonHostRuntime.PhotonDomainManager -   ConfigurationFile = ''
2018-11-29 00:16:07,177 [ 1] INFO  PhotonHostRuntime.PhotonDomainManager -   CachePath = 'F:\PhotonServer教程\Photon-OnPremise-Server-SDK_v4-0-29-11263\deploy\MyGameServer\bin\Cache'
2018-11-29 00:16:07,267 [ 1] INFO  PhotonHostRuntime.PhotonDomainManager -   ApplicationPath = 'F:\PhotonServer教程\Photon-OnPremise-Server-SDK_v4-0-29-11263\deploy\MyGameServer'
2018-11-29 00:16:07,271 [ 1] INFO  PhotonHostRuntime.PhotonDomainManager -   BinaryPath = 'F:\PhotonServer教程\Photon-OnPremise-Server-SDK_v4-0-29-11263\deploy\MyGameServer\bin'
2018-11-29 00:16:07,275 [ 1] INFO  PhotonHostRuntime.PhotonDomainManager -   ApplicationRootPath = 'F:\PhotonServer教程\Photon-OnPremise-Server-SDK_v4-0-29-11263\deploy'
2018-11-29 00:16:07,279 [ 1] INFO  PhotonHostRuntime.PhotonDomainManager -   UnmanagedLogPath = 'F:\PhotonServer教程\Photon-OnPremise-Server-SDK_v4-0-29-11263\deploy\bin_Win64\log'
2018-11-29 00:16:07,291 [ 1] INFO  PhotonHostRuntime.PhotonDomainManager - AssemblyLoadEvent: MyGameServer, Version=1.0.0.0, Culture=neutral, PublicKeyToken=null from file:///F:/PhotonServer教程/Photon-OnPremise-Server-SDK_v4-0-29-11263/deploy/MyGameServer/bin/MyGameServer.DLL
2018-11-29 00:16:07,296 [ 1] INFO  PhotonHostRuntime.PhotonDomainManager - Photon SDK:4.0.28.11245
2018-11-29 00:16:07,329 [ 1] INFO  PhotonHostRuntime.PhotonDomainManager - AssemblyLoadEvent: Photon.SocketServer, Version=4.0.28.11245, Culture=neutral, PublicKeyToken=48c2fa3b6988090e from file:///F:/PhotonServer教程/Photon-OnPremise-Server-SDK_v4-0-29-11263/deploy/MyGameServer/bin/Photon.SocketServer.DLL
2018-11-29 00:16:07,355 [ 1] INFO  PhotonHostRuntime.PhotonDomainManager - AssemblyLoadEvent: ExitGamesLibs, Version=1.0.4.0, Culture=neutral, PublicKeyToken=eac0edd9746a4aa0 from file:///F:/PhotonServer教程/Photon-OnPremise-Server-SDK_v4-0-29-11263/deploy/MyGameServer/bin/ExitGamesLibs.DLL
2018-11-29 00:16:07,362 [ 1] INFO  PhotonHostRuntime.PhotonDomainManager - Starting: name = 'MyGame1', assemblyName = 'MyGameServer', typeName = 'MyGameServer.MyGameServer'
2018-11-29 00:16:07,377 [ 1] INFO  PhotonHostRuntime.PhotonDomainManager - PhotonRunning: ApplicationName = 'MyGame1', DomainId='2' -- calling Application.Setup
2018-11-29 00:16:07,387 [ 1] INFO  PhotonHostRuntime.PhotonDomainManager - AssemblyLoadEvent: ExitGames.Logging.Log4Net, Version=1.0.4.0, Culture=neutral, PublicKeyToken=eac0edd9746a4aa0 from file:///F:/PhotonServer教程/Photon-OnPremise-Server-SDK_v4-0-29-11263/deploy/MyGameServer/bin/ExitGames.Logging.Log4Net.DLL
2018-11-29 00:16:07,469 [ 1] INFO  PhotonHostRuntime.PhotonDomainManager - PhotonRunning: ApplicationName = 'DefaultDomain', DomainId='1'
2018-11-29 00:16:22,389 [ 1] INFO  PhotonHostRuntime.PhotonDomainManager - RequestStop: ApplicationName = 'MyGame1', DomainId='2' -- calling Application.OnStopRequested()
2018-11-29 00:16:22,396 [ 1] INFO  PhotonHostRuntime.PhotonDomainManager - RequestStop: ApplicationName = 'DefaultDomain', DomainId='1'
2018-11-29 00:16:22,402 [ 1] INFO  PhotonHostRuntime.PhotonDomainManager - Stop: ApplicationName = 'MyGame1', DomainId='2' -- calling Application.TearDown()
2018-11-29 00:39:30,265 [ 1] INFO  PhotonHostRuntime.PhotonDomainManager - Initialize: ApplicationName = 'DefaultDomain', DomainID = '1'
2018-11-29 00:39:30,286 [ 1] INFO  PhotonHostRuntime.PhotonDomainManager - AppDomains with unhandled exceptions are usually not unloaded and restarted.
2018-11-29 00:39:30,293 [ 1] INFO  PhotonHostRuntime.PhotonDomainManager - Getting license information:
2018-11-29 00:39:30,601 [ 1] INFO  PhotonHostRuntime.PhotonLicensing - LICENSE: Type:Standard; Plan:Free; Expiration: never; floating license: yes; max connections: 100; valid IPs: any; status:Licensed
2018-11-29 00:39:31,771 [ 1] INFO  PhotonHostRuntime.PhotonDomainManager - CreateAppDomain: name = 'MyGame1' , assemblyName = 'MyGameServer'
2018-11-29 00:39:31,776 [ 1] INFO  PhotonHostRuntime.PhotonDomainManager -   ApplicationBase = 'F:\PhotonServer教程\Photon-OnPremise-Server-SDK_v4-0-29-11263\deploy'
2018-11-29 00:39:31,780 [ 1] INFO  PhotonHostRuntime.PhotonDomainManager -   PrivateBinPath = 'F:\PhotonServer教程\Photon-OnPremise-Server-SDK_v4-0-29-11263\deploy\MyGameServer\bin;bin_Win64;Shared;'
2018-11-29 00:39:31,783 [ 1] INFO  PhotonHostRuntime.PhotonDomainManager -   ConfigurationFile = ''
2018-11-29 00:39:31,788 [ 1] INFO  PhotonHostRuntime.PhotonDomainManager -   CachePath = 'F:\PhotonServer教程\Photon-OnPremise-Server-SDK_v4-0-29-11263\deploy\MyGameServer\bin\Cache'
2018-11-29 00:39:31,883 [ 1] INFO  PhotonHostRuntime.PhotonDomainManager -   ApplicationPath = 'F:\PhotonServer教程\Photon-OnPremise-Server-SDK_v4-0-29-11263\deploy\MyGameServer'
2018-11-29 00:39:31,887 [ 1] INFO  PhotonHostRuntime.PhotonDomainManager -   BinaryPath = 'F:\PhotonServer教程\Photon-OnPremise-Server-SDK_v4-0-29-11263\deploy\MyGameServer\bin'
2018-11-29 00:39:31,891 [ 1] INFO  PhotonHostRuntime.PhotonDomainManager -   ApplicationRootPath = 'F:\PhotonServer教程\Photon-OnPremise-Server-SDK_v4-0-29-11263\deploy'
2018-11-29 00:39:31,895 [ 1] INFO  PhotonHostRuntime.PhotonDomainManager -   UnmanagedLogPath = 'F:\PhotonServer教程\Photon-OnPremise-Server-SDK_v4-0-29-11263\deploy\bin_Win64\log'
2018-11-29 00:39:31,930 [ 1] INFO  PhotonHostRuntime.PhotonDomainManager - AssemblyLoadEvent: MyGameServer, Version=1.0.0.0, Culture=neutral, PublicKeyToken=null from file:///F:/PhotonServer教程/Photon-OnPremise-Server-SDK_v4-0-29-11263/deploy/MyGameServer/bin/MyGameServer.DLL
2018-11-29 00:39:31,936 [ 1] INFO  PhotonHostRuntime.PhotonDomainManager - Photon SDK:4.0.28.11245
2018-11-29 00:39:31,969 [ 1] INFO  PhotonHostRuntime.PhotonDomainManager - AssemblyLoadEvent: Photon.SocketServer, Version=4.0.28.11245, Culture=neutral, PublicKeyToken=48c2fa3b6988090e from file:///F:/PhotonServer教程/Photon-OnPremise-Server-SDK_v4-0-29-11263/deploy/MyGameServer/bin/Photon.SocketServer.DLL
2018-11-29 00:39:31,996 [ 1] INFO  PhotonHostRuntime.PhotonDomainManager - AssemblyLoadEvent: ExitGamesLibs, Version=1.0.4.0, Culture=neutral, PublicKeyToken=eac0edd9746a4aa0 from file:///F:/PhotonServer教程/Photon-OnPremise-Server-SDK_v4-0-29-11263/deploy/MyGameServer/bin/ExitGamesLibs.DLL
2018-11-29 00:39:32,005 [ 1] INFO  PhotonHostRuntime.PhotonDomainManager - Starting: name = 'MyGame1', assemblyName = 'MyGameServer', typeName = 'MyGameServer.MyGameServer'
2018-11-29 00:39:32,021 [ 1] INFO  PhotonHostRuntime.PhotonDomainManager - PhotonRunning: ApplicationName = 'MyGame1', DomainId='2' -- calling Application.Setup
2018-11-29 00:39:32,031 [ 1] INFO  PhotonHostRuntime.PhotonDomainManager - AssemblyLoadEvent: ExitGames.Logging.Log4Net, Version=1.0.4.0, Culture=neutral, PublicKeyToken=eac0edd9746a4aa0 from file:///F:/PhotonServer教程/Photon-OnPremise-Server-SDK_v4-0-29-11263/deploy/MyGameServer/bin/ExitGames.Logging.Log4Net.DLL
2018-11-29 00:39:32,234 [ 1] INFO  PhotonHostRuntime.PhotonDomainManager - AssemblyLoadEvent: NHibernate, Version=5.1.0.0, Culture=neutral, PublicKeyToken=aa95f207798dfdb4 from file:///F:/PhotonServer教程/Photon-OnPremise-Server-SDK_v4-0-29-11263/deploy/MyGameServer/bin/NHibernate.DLL
2018-11-29 00:39:32,241 [ 1] INFO  PhotonHostRuntime.PhotonDomainManager - AssemblyLoadEvent: System.Data, Version=4.0.0.0, Culture=neutral, PublicKeyToken=b77a5c561934e089 from file:///C:/Windows/Microsoft.Net/assembly/GAC_64/System.Data/v4.0_4.0.0.0__b77a5c561934e089/System.Data.dll
2018-11-29 00:39:32,334 [ 1] INFO  PhotonHostRuntime.PhotonDomainManager - AssemblyResolveEvent: ApplicationName = 'MyGame1', DomainId='2', args.Name='NHibernate.XmlSerializers, Version=5.1.0.0, Culture=neutral, PublicKeyToken=aa95f207798dfdb4'
2018-11-29 00:39:32,354 [ 1] INFO  PhotonHostRuntime.PhotonDomainManager - AssemblyLoadEvent: System.Xml.resources, Version=4.0.0.0, Culture=zh-Hans, PublicKeyToken=b77a5c561934e089 from file:///C:/Windows/Microsoft.Net/assembly/GAC_MSIL/System.Xml.resources/v4.0_4.0.0.0_zh-Hans_b77a5c561934e089/System.Xml.resources.dll
2018-11-29 00:39:32,358 [ 1] INFO  PhotonHostRuntime.PhotonDomainManager - ResourceResolveHandler: ApplicationName = 'MyGame1', DomainId='2', args.Name='System.Xml.zh-Hans.resources'
2018-11-29 00:39:32,662 [ 1] INFO  PhotonHostRuntime.PhotonDomainManager - AssemblyLoadEvent: System.Xml.Linq, Version=4.0.0.0, Culture=neutral, PublicKeyToken=b77a5c561934e089 from file:///C:/Windows/Microsoft.Net/assembly/GAC_MSIL/System.Xml.Linq/v4.0_4.0.0.0__b77a5c561934e089/System.Xml.Linq.dll
2018-11-29 00:39:32,909 [ 1] INFO  PhotonHostRuntime.PhotonDomainManager - AssemblyLoadEvent: MySql.Data, Version=8.0.13.0, Culture=neutral, PublicKeyToken=c5687fc88969c44d from file:///C:/Windows/Microsoft.Net/assembly/GAC_MSIL/MySql.Data/v4.0_8.0.13.0__c5687fc88969c44d/MySql.Data.dll
2018-11-29 00:39:32,917 [ 1] INFO  PhotonHostRuntime.PhotonDomainManager - AssemblyLoadEvent: System.Transactions, Version=4.0.0.0, Culture=neutral, PublicKeyToken=b77a5c561934e089 from file:///C:/Windows/Microsoft.Net/assembly/GAC_64/System.Transactions/v4.0_4.0.0.0__b77a5c561934e089/System.Transactions.dll
2018-11-29 00:39:32,946 [ 1] INFO  PhotonHostRuntime.PhotonDomainManager - AssemblyLoadEvent: System.Drawing, Version=4.0.0.0, Culture=neutral, PublicKeyToken=b03f5f7f11d50a3a from file:///C:/Windows/Microsoft.Net/assembly/GAC_MSIL/System.Drawing/v4.0_4.0.0.0__b03f5f7f11d50a3a/System.Drawing.dll
2018-11-29 00:39:32,977 [ 1] INFO  PhotonHostRuntime.PhotonDomainManager - AssemblyLoadEvent: System.EnterpriseServices, Version=4.0.0.0, Culture=neutral, PublicKeyToken=b03f5f7f11d50a3a from file:///C:/Windows/Microsoft.Net/assembly/GAC_64/System.EnterpriseServices/v4.0_4.0.0.0__b03f5f7f11d50a3a/System.EnterpriseServices.dll
2018-11-29 00:39:33,007 [10] INFO  PhotonHostRuntime.PhotonDomainManager - AssemblyLoadEvent: System.resources, Version=4.0.0.0, Culture=zh-Hans, PublicKeyToken=b77a5c561934e089 from file:///C:/Windows/Microsoft.Net/assembly/GAC_MSIL/System.resources/v4.0_4.0.0.0_zh-Hans_b77a5c561934e089/System.resources.dll
2018-11-29 00:39:33,011 [10] INFO  PhotonHostRuntime.PhotonDomainManager - ResourceResolveHandler: ApplicationName = 'MyGame1', DomainId='2', args.Name='System.zh-Hans.resources'
2018-11-29 00:39:33,075 [ 1] INFO  PhotonHostRuntime.PhotonDomainManager - AssemblyLoadEvent: System.Management, Version=4.0.0.0, Culture=neutral, PublicKeyToken=b03f5f7f11d50a3a from file:///C:/Windows/Microsoft.Net/assembly/GAC_MSIL/System.Management/v4.0_4.0.0.0__b03f5f7f11d50a3a/System.Management.dll
2018-11-29 00:39:33,171 [ 1] INFO  PhotonHostRuntime.PhotonDomainManager - AssemblyLoadEvent: System.Numerics, Version=4.0.0.0, Culture=neutral, PublicKeyToken=b77a5c561934e089 from file:///C:/Windows/Microsoft.Net/assembly/GAC_MSIL/System.Numerics/v4.0_4.0.0.0__b77a5c561934e089/System.Numerics.dll
2018-11-29 00:39:33,577 [ 1] INFO  PhotonHostRuntime.PhotonDomainManager - AssemblyLoadEvent: Iesi.Collections, Version=4.0.0.4000, Culture=neutral, PublicKeyToken=aa95f207798dfdb4 from file:///F:/PhotonServer教程/Photon-OnPremise-Server-SDK_v4-0-29-11263/deploy/MyGameServer/bin/Iesi.Collections.DLL
2018-11-29 00:39:33,624 [ 1] INFO  PhotonHostRuntime.PhotonDomainManager - PhotonRunning: ApplicationName = 'DefaultDomain', DomainId='1'
2018-11-29 00:39:59,179 [ 1] INFO  PhotonHostRuntime.PhotonDomainManager - RequestStop: ApplicationName = 'MyGame1', DomainId='2' -- calling Application.OnStopRequested()
2018-11-29 00:39:59,185 [ 1] INFO  PhotonHostRuntime.PhotonDomainManager - RequestStop: ApplicationName = 'DefaultDomain', DomainId='1'
2018-11-29 00:39:59,189 [ 1] INFO  PhotonHostRuntime.PhotonDomainManager - Stop: ApplicationName = 'MyGame1', DomainId='2' -- calling Application.TearDown()
2018-11-29 02:06:49,194 [ 1] INFO  PhotonHostRuntime.PhotonDomainManager - Initialize: ApplicationName = 'DefaultDomain', DomainID = '1'
2018-11-29 02:06:49,210 [ 1] INFO  PhotonHostRuntime.PhotonDomainManager - AppDomains with unhandled exceptions are usually not unloaded and restarted.
2018-11-29 02:06:49,215 [ 1] INFO  PhotonHostRuntime.PhotonDomainManager - Getting license information:
2018-11-29 02:06:49,520 [ 1] INFO  PhotonHostRuntime.PhotonLicensing - LICENSE: Type:Standard; Plan:Free; Expiration: never; floating license: yes; max connections: 100; valid IPs: any; status:Licensed
2018-11-29 02:06:50,731 [ 1] INFO  PhotonHostRuntime.PhotonDomainManager - CreateAppDomain: name = 'MyGame1' , assemblyName = 'MyGameServer'
2018-11-29 02:06:50,738 [ 1] INFO  PhotonHostRuntime.PhotonDomainManager -   ApplicationBase = 'F:\PhotonServer教程\Photon-OnPremise-Server-SDK_v4-0-29-11263\deploy'
2018-11-29 02:06:50,741 [ 1] INFO  PhotonHostRuntime.PhotonDomainManager -   PrivateBinPath = 'F:\PhotonServer教程\Photon-OnPremise-Server-SDK_v4-0-29-11263\deploy\MyGameServer\bin;bin_Win64;Shared;'
2018-11-29 02:06:50,745 [ 1] INFO  PhotonHostRuntime.PhotonDomainManager -   ConfigurationFile = ''
2018-11-29 02:06:50,749 [ 1] INFO  PhotonHostRuntime.PhotonDomainManager -   CachePath = 'F:\PhotonServer教程\Photon-OnPremise-Server-SDK_v4-0-29-11263\deploy\MyGameServer\bin\Cache'
2018-11-29 02:06:50,852 [ 1] INFO  PhotonHostRuntime.PhotonDomainManager -   ApplicationPath = 'F:\PhotonServer教程\Photon-OnPremise-Server-SDK_v4-0-29-11263\deploy\MyGameServer'
2018-11-29 02:06:50,858 [ 1] INFO  PhotonHostRuntime.PhotonDomainManager -   BinaryPath = 'F:\PhotonServer教程\Photon-OnPremise-Server-SDK_v4-0-29-11263\deploy\MyGameServer\bin'
2018-11-29 02:06:50,863 [ 1] INFO  PhotonHostRuntime.PhotonDomainManager -   ApplicationRootPath = 'F:\PhotonServer教程\Photon-OnPremise-Server-SDK_v4-0-29-11263\deploy'
2018-11-29 02:06:50,867 [ 1] INFO  PhotonHostRuntime.PhotonDomainManager -   UnmanagedLogPath = 'F:\PhotonServer教程\Photon-OnPremise-Server-SDK_v4-0-29-11263\deploy\bin_Win64\log'
2018-11-29 02:06:50,890 [ 1] INFO  PhotonHostRuntime.PhotonDomainManager - AssemblyLoadEvent: MyGameServer, Version=1.0.0.0, Culture=neutral, PublicKeyToken=null from file:///F:/PhotonServer教程/Photon-OnPremise-Server-SDK_v4-0-29-11263/deploy/MyGameServer/bin/MyGameServer.DLL
2018-11-29 02:06:50,895 [ 1] INFO  PhotonHostRuntime.PhotonDomainManager - Photon SDK:4.0.28.11245
2018-11-29 02:06:50,933 [ 1] INFO  PhotonHostRuntime.PhotonDomainManager - AssemblyLoadEvent: Photon.SocketServer, Version=4.0.28.11245, Culture=neutral, PublicKeyToken=48c2fa3b6988090e from file:///F:/PhotonServer教程/Photon-OnPremise-Server-SDK_v4-0-29-11263/deploy/MyGameServer/bin/Photon.SocketServer.DLL
2018-11-29 02:06:50,961 [ 1] INFO  PhotonHostRuntime.PhotonDomainManager - AssemblyLoadEvent: ExitGamesLibs, Version=1.0.4.0, Culture=neutral, PublicKeyToken=eac0edd9746a4aa0 from file:///F:/PhotonServer教程/Photon-OnPremise-Server-SDK_v4-0-29-11263/deploy/MyGameServer/bin/ExitGamesLibs.DLL
2018-11-29 02:06:50,968 [ 1] INFO  PhotonHostRuntime.PhotonDomainManager - Starting: name = 'MyGame1', assemblyName = 'MyGameServer', typeName = 'MyGameServer.MyGameServer'
2018-11-29 02:06:50,984 [ 1] INFO  PhotonHostRuntime.PhotonDomainManager - PhotonRunning: ApplicationName = 'MyGame1', DomainId='2' -- calling Application.Setup
2018-11-29 02:06:50,998 [ 1] INFO  PhotonHostRuntime.PhotonDomainManager - AssemblyLoadEvent: ExitGames.Logging.Log4Net, Version=1.0.4.0, Culture=neutral, PublicKeyToken=eac0edd9746a4aa0 from file:///F:/PhotonServer教程/Photon-OnPremise-Server-SDK_v4-0-29-11263/deploy/MyGameServer/bin/ExitGames.Logging.Log4Net.DLL
2018-11-29 02:06:51,234 [ 1] INFO  PhotonHostRuntime.PhotonDomainManager - AssemblyLoadEvent: NHibernate, Version=5.1.0.0, Culture=neutral, PublicKeyToken=aa95f207798dfdb4 from file:///F:/PhotonServer教程/Photon-OnPremise-Server-SDK_v4-0-29-11263/deploy/MyGameServer/bin/NHibernate.DLL
2018-11-29 02:06:51,241 [ 1] INFO  PhotonHostRuntime.PhotonDomainManager - AssemblyLoadEvent: System.Data, Version=4.0.0.0, Culture=neutral, PublicKeyToken=b77a5c561934e089 from file:///C:/Windows/Microsoft.Net/assembly/GAC_64/System.Data/v4.0_4.0.0.0__b77a5c561934e089/System.Data.dll
2018-11-29 02:06:51,301 [ 1] INFO  PhotonHostRuntime.PhotonDomainManager - AssemblyResolveEvent: ApplicationName = 'MyGame1', DomainId='2', args.Name='NHibernate.XmlSerializers, Version=5.1.0.0, Culture=neutral, PublicKeyToken=aa95f207798dfdb4'
2018-11-29 02:06:51,320 [ 1] INFO  PhotonHostRuntime.PhotonDomainManager - AssemblyLoadEvent: System.Xml.resources, Version=4.0.0.0, Culture=zh-Hans, PublicKeyToken=b77a5c561934e089 from file:///C:/Windows/Microsoft.Net/assembly/GAC_MSIL/System.Xml.resources/v4.0_4.0.0.0_zh-Hans_b77a5c561934e089/System.Xml.resources.dll
2018-11-29 02:06:51,326 [ 1] INFO  PhotonHostRuntime.PhotonDomainManager - ResourceResolveHandler: ApplicationName = 'MyGame1', DomainId='2', args.Name='System.Xml.zh-Hans.resources'
2018-11-29 02:06:51,630 [ 1] INFO  PhotonHostRuntime.PhotonDomainManager - AssemblyLoadEvent: System.Xml.Linq, Version=4.0.0.0, Culture=neutral, PublicKeyToken=b77a5c561934e089 from file:///C:/Windows/Microsoft.Net/assembly/GAC_MSIL/System.Xml.Linq/v4.0_4.0.0.0__b77a5c561934e089/System.Xml.Linq.dll
2018-11-29 02:06:51,770 [ 1] INFO  PhotonHostRuntime.PhotonDomainManager - AssemblyLoadEvent: MySql.Data, Version=8.0.13.0, Culture=neutral, PublicKeyToken=c5687fc88969c44d from file:///C:/Windows/Microsoft.Net/assembly/GAC_MSIL/MySql.Data/v4.0_8.0.13.0__c5687fc88969c44d/MySql.Data.dll
2018-11-29 02:06:51,777 [ 1] INFO  PhotonHostRuntime.PhotonDomainManager - AssemblyLoadEvent: System.Transactions, Version=4.0.0.0, Culture=neutral, PublicKeyToken=b77a5c561934e089 from file:///C:/Windows/Microsoft.Net/assembly/GAC_64/System.Transactions/v4.0_4.0.0.0__b77a5c561934e089/System.Transactions.dll
2018-11-29 02:06:51,804 [ 1] INFO  PhotonHostRuntime.PhotonDomainManager - AssemblyLoadEvent: System.Drawing, Version=4.0.0.0, Culture=neutral, PublicKeyToken=b03f5f7f11d50a3a from file:///C:/Windows/Microsoft.Net/assembly/GAC_MSIL/System.Drawing/v4.0_4.0.0.0__b03f5f7f11d50a3a/System.Drawing.dll
2018-11-29 02:06:51,833 [ 1] INFO  PhotonHostRuntime.PhotonDomainManager - AssemblyLoadEvent: System.EnterpriseServices, Version=4.0.0.0, Culture=neutral, PublicKeyToken=b03f5f7f11d50a3a from file:///C:/Windows/Microsoft.Net/assembly/GAC_64/System.EnterpriseServices/v4.0_4.0.0.0__b03f5f7f11d50a3a/System.EnterpriseServices.dll
2018-11-29 02:06:51,856 [11] INFO  PhotonHostRuntime.PhotonDomainManager - AssemblyLoadEvent: System.resources, Version=4.0.0.0, Culture=zh-Hans, PublicKeyToken=b77a5c561934e089 from file:///C:/Windows/Microsoft.Net/assembly/GAC_MSIL/System.resources/v4.0_4.0.0.0_zh-Hans_b77a5c561934e089/System.resources.dll
2018-11-29 02:06:51,861 [11] INFO  PhotonHostRuntime.PhotonDomainManager - ResourceResolveHandler: ApplicationName = 'MyGame1', DomainId='2', args.Name='System.zh-Hans.resources'
2018-11-29 02:06:51,921 [ 1] INFO  PhotonHostRuntime.PhotonDomainManager - AssemblyLoadEvent: System.Management, Version=4.0.0.0, Culture=neutral, PublicKeyToken=b03f5f7f11d50a3a from file:///C:/Windows/Microsoft.Net/assembly/GAC_MSIL/System.Management/v4.0_4.0.0.0__b03f5f7f11d50a3a/System.Management.dll
2018-11-29 02:06:51,996 [ 1] INFO  PhotonHostRuntime.PhotonDomainManager - AssemblyLoadEvent: System.Numerics, Version=4.0.0.0, Culture=neutral, PublicKeyToken=b77a5c561934e089 from file:///C:/Windows/Microsoft.Net/assembly/GAC_MSIL/System.Numerics/v4.0_4.0.0.0__b77a5c561934e089/System.Numerics.dll
2018-11-29 02:06:52,313 [ 1] INFO  PhotonHostRuntime.PhotonDomainManager - AssemblyLoadEvent: Iesi.Collections, Version=4.0.0.4000, Culture=neutral, PublicKeyToken=aa95f207798dfdb4 from file:///F:/PhotonServer教程/Photon-OnPremise-Server-SDK_v4-0-29-11263/deploy/MyGameServer/bin/Iesi.Collections.DLL
2018-11-29 02:06:52,351 [ 1] INFO  PhotonHostRuntime.PhotonDomainManager - PhotonRunning: ApplicationName = 'DefaultDomain', DomainId='1'
2018-11-29 02:09:51,572 [ 1] INFO  PhotonHostRuntime.PhotonDomainManager - RequestStop: ApplicationName = 'MyGame1', DomainId='2' -- calling Application.OnStopRequested()
2018-11-29 02:09:51,579 [ 1] INFO  PhotonHostRuntime.PhotonDomainManager - RequestStop: ApplicationName = 'DefaultDomain', DomainId='1'
2018-11-29 02:09:51,585 [ 1] INFO  PhotonHostRuntime.PhotonDomainManager - Stop: ApplicationName = 'MyGame1', DomainId='2' -- calling Application.TearDown()
2018-11-29 02:11:22,934 [ 1] INFO  PhotonHostRuntime.PhotonDomainManager - Initialize: ApplicationName = 'DefaultDomain', DomainID = '1'
2018-11-29 02:11:22,951 [ 1] INFO  PhotonHostRuntime.PhotonDomainManager - AppDomains with unhandled exceptions are usually not unloaded and restarted.
2018-11-29 02:11:22,958 [ 1] INFO  PhotonHostRuntime.PhotonDomainManager - Getting license information:
2018-11-29 02:11:23,248 [ 1] INFO  PhotonHostRuntime.PhotonLicensing - LICENSE: Type:Standard; Plan:Free; Expiration: never; floating license: yes; max connections: 100; valid IPs: any; status:Licensed
2018-11-29 02:11:24,413 [ 1] INFO  PhotonHostRuntime.PhotonDomainManager - CreateAppDomain: name = 'MyGame1' , assemblyName = 'MyGameServer'
2018-11-29 02:11:24,418 [ 1] INFO  PhotonHostRuntime.PhotonDomainManager -   ApplicationBase = 'F:\PhotonServer教程\Photon-OnPremise-Server-SDK_v4-0-29-11263\deploy'
2018-11-29 02:11:24,422 [ 1] INFO  PhotonHostRuntime.PhotonDomainManager -   PrivateBinPath = 'F:\PhotonServer教程\Photon-OnPremise-Server-SDK_v4-0-29-11263\deploy\MyGameServer\bin;bin_Win64;Shared;'
2018-11-29 02:11:24,426 [ 1] INFO  PhotonHostRuntime.PhotonDomainManager -   ConfigurationFile = ''
2018-11-29 02:11:24,429 [ 1] INFO  PhotonHostRuntime.PhotonDomainManager -   CachePath = 'F:\PhotonServer教程\Photon-OnPremise-Server-SDK_v4-0-29-11263\deploy\MyGameServer\bin\Cache'
2018-11-29 02:11:24,518 [ 1] INFO  PhotonHostRuntime.PhotonDomainManager -   ApplicationPath = 'F:\PhotonServer教程\Photon-OnPremise-Server-SDK_v4-0-29-11263\deploy\MyGameServer'
2018-11-29 02:11:24,522 [ 1] INFO  PhotonHostRuntime.PhotonDomainManager -   BinaryPath = 'F:\PhotonServer教程\Photon-OnPremise-Server-SDK_v4-0-29-11263\deploy\MyGameServer\bin'
2018-11-29 02:11:24,526 [ 1] INFO  PhotonHostRuntime.PhotonDomainManager -   ApplicationRootPath = 'F:\PhotonServer教程\Photon-OnPremise-Server-SDK_v4-0-29-11263\deploy'
2018-11-29 02:11:24,529 [ 1] INFO  PhotonHostRuntime.PhotonDomainManager -   UnmanagedLogPath = 'F:\PhotonServer教程\Photon-OnPremise-Server-SDK_v4-0-29-11263\deploy\bin_Win64\log'
2018-11-29 02:11:24,562 [ 1] INFO  PhotonHostRuntime.PhotonDomainManager - AssemblyLoadEvent: MyGameServer, Version=1.0.0.0, Culture=neutral, PublicKeyToken=null from file:///F:/PhotonServer教程/Photon-OnPremise-Server-SDK_v4-0-29-11263/deploy/MyGameServer/bin/MyGameServer.DLL
2018-11-29 02:11:24,567 [ 1] INFO  PhotonHostRuntime.PhotonDomainManager - Photon SDK:4.0.28.11245
2018-11-29 02:11:24,600 [ 1] INFO  PhotonHostRuntime.PhotonDomainManager - AssemblyLoadEvent: Photon.SocketServer, Version=4.0.28.11245, Culture=neutral, PublicKeyToken=48c2fa3b6988090e from file:///F:/PhotonServer教程/Photon-OnPremise-Server-SDK_v4-0-29-11263/deploy/MyGameServer/bin/Photon.SocketServer.DLL
2018-11-29 02:11:24,630 [ 1] INFO  PhotonHostRuntime.PhotonDomainManager - AssemblyLoadEvent: ExitGamesLibs, Version=1.0.4.0, Culture=neutral, PublicKeyToken=eac0edd9746a4aa0 from file:///F:/PhotonServer教程/Photon-OnPremise-Server-SDK_v4-0-29-11263/deploy/MyGameServer/bin/ExitGamesLibs.DLL
2018-11-29 02:11:24,659 [ 1] INFO  PhotonHostRuntime.PhotonDomainManager - AssemblyLoadEvent: Common, Version=1.0.0.0, Culture=neutral, PublicKeyToken=null from file:///F:/PhotonServer教程/Photon-OnPremise-Server-SDK_v4-0-29-11263/deploy/MyGameServer/bin/Common.DLL
2018-11-29 02:11:24,667 [ 1] INFO  PhotonHostRuntime.PhotonDomainManager - Starting: name = 'MyGame1', assemblyName = 'MyGameServer', typeName = 'MyGameServer.MyGameServer'
2018-11-29 02:11:24,683 [ 1] INFO  PhotonHostRuntime.PhotonDomainManager - PhotonRunning: ApplicationName = 'MyGame1', DomainId='2' -- calling Application.Setup
2018-11-29 02:11:24,706 [ 1] INFO  PhotonHostRuntime.PhotonDomainManager - AssemblyLoadEvent: ExitGames.Logging.Log4Net, Version=1.0.4.0, Culture=neutral, PublicKeyToken=eac0edd9746a4aa0 from file:///F:/PhotonServer教程/Photon-OnPremise-Server-SDK_v4-0-29-11263/deploy/MyGameServer/bin/ExitGames.Logging.Log4Net.DLL
2018-11-29 02:11:24,807 [ 1] INFO  PhotonHostRuntime.PhotonDomainManager - PhotonRunning: ApplicationName = 'DefaultDomain', DomainId='1'
2018-11-29 02:11:33,474 [11] INFO  PhotonHostRuntime.PhotonDomainManager - AssemblyLoadEvent: NHibernate, Version=5.1.0.0, Culture=neutral, PublicKeyToken=aa95f207798dfdb4 from file:///F:/PhotonServer教程/Photon-OnPremise-Server-SDK_v4-0-29-11263/deploy/MyGameServer/bin/NHibernate.DLL
2018-11-29 02:11:33,481 [11] INFO  PhotonHostRuntime.PhotonDomainManager - AssemblyLoadEvent: System.Data, Version=4.0.0.0, Culture=neutral, PublicKeyToken=b77a5c561934e089 from file:///C:/Windows/Microsoft.Net/assembly/GAC_64/System.Data/v4.0_4.0.0.0__b77a5c561934e089/System.Data.dll
2018-11-29 02:11:33,543 [11] INFO  PhotonHostRuntime.PhotonDomainManager - AssemblyResolveEvent: ApplicationName = 'MyGame1', DomainId='2', args.Name='NHibernate.XmlSerializers, Version=5.1.0.0, Culture=neutral, PublicKeyToken=aa95f207798dfdb4'
2018-11-29 02:11:33,559 [11] INFO  PhotonHostRuntime.PhotonDomainManager - AssemblyLoadEvent: System.Xml.resources, Version=4.0.0.0, Culture=zh-Hans, PublicKeyToken=b77a5c561934e089 from file:///C:/Windows/Microsoft.Net/assembly/GAC_MSIL/System.Xml.resources/v4.0_4.0.0.0_zh-Hans_b77a5c561934e089/System.Xml.resources.dll
2018-11-29 02:11:33,563 [11] INFO  PhotonHostRuntime.PhotonDomainManager - ResourceResolveHandler: ApplicationName = 'MyGame1', DomainId='2', args.Name='System.Xml.zh-Hans.resources'
2018-11-29 02:11:33,859 [11] INFO  PhotonHostRuntime.PhotonDomainManager - AssemblyLoadEvent: System.Xml.Linq, Version=4.0.0.0, Culture=neutral, PublicKeyToken=b77a5c561934e089 from file:///C:/Windows/Microsoft.Net/assembly/GAC_MSIL/System.Xml.Linq/v4.0_4.0.0.0__b77a5c561934e089/System.Xml.Linq.dll
2018-11-29 02:11:33,994 [11] INFO  PhotonHostRuntime.PhotonDomainManager - AssemblyLoadEvent: MySql.Data, Version=8.0.13.0, Culture=neutral, PublicKeyToken=c5687fc88969c44d from file:///C:/Windows/Microsoft.Net/assembly/GAC_MSIL/MySql.Data/v4.0_8.0.13.0__c5687fc88969c44d/MySql.Data.dll
2018-11-29 02:11:34,001 [11] INFO  PhotonHostRuntime.PhotonDomainManager - AssemblyLoadEvent: System.Transactions, Version=4.0.0.0, Culture=neutral, PublicKeyToken=b77a5c561934e089 from file:///C:/Windows/Microsoft.Net/assembly/GAC_64/System.Transactions/v4.0_4.0.0.0__b77a5c561934e089/System.Transactions.dll
2018-11-29 02:11:34,025 [11] INFO  PhotonHostRuntime.PhotonDomainManager - AssemblyLoadEvent: System.Drawing, Version=4.0.0.0, Culture=neutral, PublicKeyToken=b03f5f7f11d50a3a from file:///C:/Windows/Microsoft.Net/assembly/GAC_MSIL/System.Drawing/v4.0_4.0.0.0__b03f5f7f11d50a3a/System.Drawing.dll
2018-11-29 02:11:34,054 [11] INFO  PhotonHostRuntime.PhotonDomainManager - AssemblyLoadEvent: System.EnterpriseServices, Version=4.0.0.0, Culture=neutral, PublicKeyToken=b03f5f7f11d50a3a from file:///C:/Windows/Microsoft.Net/assembly/GAC_64/System.EnterpriseServices/v4.0_4.0.0.0__b03f5f7f11d50a3a/System.EnterpriseServices.dll
2018-11-29 02:11:34,076 [10] INFO  PhotonHostRuntime.PhotonDomainManager - AssemblyLoadEvent: System.resources, Version=4.0.0.0, Culture=zh-Hans, PublicKeyToken=b77a5c561934e089 from file:///C:/Windows/Microsoft.Net/assembly/GAC_MSIL/System.resources/v4.0_4.0.0.0_zh-Hans_b77a5c561934e089/System.resources.dll
2018-11-29 02:11:34,080 [10] INFO  PhotonHostRuntime.PhotonDomainManager - ResourceResolveHandler: ApplicationName = 'MyGame1', DomainId='2', args.Name='System.zh-Hans.resources'
2018-11-29 02:11:34,137 [11] INFO  PhotonHostRuntime.PhotonDomainManager - AssemblyLoadEvent: System.Management, Version=4.0.0.0, Culture=neutral, PublicKeyToken=b03f5f7f11d50a3a from file:///C:/Windows/Microsoft.Net/assembly/GAC_MSIL/System.Management/v4.0_4.0.0.0__b03f5f7f11d50a3a/System.Management.dll
2018-11-29 02:11:34,208 [11] INFO  PhotonHostRuntime.PhotonDomainManager - AssemblyLoadEvent: System.Numerics, Version=4.0.0.0, Culture=neutral, PublicKeyToken=b77a5c561934e089 from file:///C:/Windows/Microsoft.Net/assembly/GAC_MSIL/System.Numerics/v4.0_4.0.0.0__b77a5c561934e089/System.Numerics.dll
2018-11-29 02:11:46,634 [ 1] INFO  PhotonHostRuntime.PhotonDomainManager - RequestStop: ApplicationName = 'MyGame1', DomainId='2' -- calling Application.OnStopRequested()
2018-11-29 02:11:46,639 [ 1] INFO  PhotonHostRuntime.PhotonDomainManager - RequestStop: ApplicationName = 'DefaultDomain', DomainId='1'
2018-11-29 02:11:46,645 [ 1] INFO  PhotonHostRuntime.PhotonDomainManager - Stop: ApplicationName = 'MyGame1', DomainId='2' -- calling Application.TearDown()
2018-11-29 02:12:26,139 [ 1] INFO  PhotonHostRuntime.PhotonDomainManager - Initialize: ApplicationName = 'DefaultDomain', DomainID = '1'
2018-11-29 02:12:26,155 [ 1] INFO  PhotonHostRuntime.PhotonDomainManager - AppDomains with unhandled exceptions are usually not unloaded and restarted.
2018-11-29 02:12:26,159 [ 1] INFO  PhotonHostRuntime.PhotonDomainManager - Getting license information:
2018-11-29 02:12:26,449 [ 1] INFO  PhotonHostRuntime.PhotonLicensing - LICENSE: Type:Standard; Plan:Free; Expiration: never; floating license: yes; max connections: 100; valid IPs: any; status:Licensed
2018-11-29 02:12:27,642 [ 1] INFO  PhotonHostRuntime.PhotonDomainManager - CreateAppDomain: name = 'MyGame1' , assemblyName = 'MyGameServer'
2018-11-29 02:12:27,648 [ 1] INFO  PhotonHostRuntime.PhotonDomainManager -   ApplicationBase = 'F:\PhotonServer教程\Photon-OnPremise-Server-SDK_v4-0-29-11263\deploy'
2018-11-29 02:12:27,652 [ 1] INFO  PhotonHostRuntime.PhotonDomainManager -   PrivateBinPath = 'F:\PhotonServer教程\Photon-OnPremise-Server-SDK_v4-0-29-11263\deploy\MyGameServer\bin;bin_Win64;Shared;'
2018-11-29 02:12:27,656 [ 1] INFO  PhotonHostRuntime.PhotonDomainManager -   ConfigurationFile = ''
2018-11-29 02:12:27,660 [ 1] INFO  PhotonHostRuntime.PhotonDomainManager -   CachePath = 'F:\PhotonServer教程\Photon-OnPremise-Server-SDK_v4-0-29-11263\deploy\MyGameServer\bin\Cache'
2018-11-29 02:12:27,761 [ 1] INFO  PhotonHostRuntime.PhotonDomainManager -   ApplicationPath = 'F:\PhotonServer教程\Photon-OnPremise-Server-SDK_v4-0-29-11263\deploy\MyGameServer'
2018-11-29 02:12:27,766 [ 1] INFO  PhotonHostRuntime.PhotonDomainManager -   BinaryPath = 'F:\PhotonServer教程\Photon-OnPremise-Server-SDK_v4-0-29-11263\deploy\MyGameServer\bin'
2018-11-29 02:12:27,770 [ 1] INFO  PhotonHostRuntime.PhotonDomainManager -   ApplicationRootPath = 'F:\PhotonServer教程\Photon-OnPremise-Server-SDK_v4-0-29-11263\deploy'
2018-11-29 02:12:27,775 [ 1] INFO  PhotonHostRuntime.PhotonDomainManager -   UnmanagedLogPath = 'F:\PhotonServer教程\Photon-OnPremise-Server-SDK_v4-0-29-11263\deploy\bin_Win64\log'
2018-11-29 02:12:27,798 [ 1] INFO  PhotonHostRuntime.PhotonDomainManager - AssemblyLoadEvent: MyGameServer, Version=1.0.0.0, Culture=neutral, PublicKeyToken=null from file:///F:/PhotonServer教程/Photon-OnPremise-Server-SDK_v4-0-29-11263/deploy/MyGameServer/bin/MyGameServer.DLL
2018-11-29 02:12:27,803 [ 1] INFO  PhotonHostRuntime.PhotonDomainManager - Photon SDK:4.0.28.11245
2018-11-29 02:12:27,846 [ 1] INFO  PhotonHostRuntime.PhotonDomainManager - AssemblyLoadEvent: Photon.SocketServer, Version=4.0.28.11245, Culture=neutral, PublicKeyToken=48c2fa3b6988090e from file:///F:/PhotonServer教程/Photon-OnPremise-Server-SDK_v4-0-29-11263/deploy/MyGameServer/bin/Photon.SocketServer.DLL
2018-11-29 02:12:27,877 [ 1] INFO  PhotonHostRuntime.PhotonDomainManager - AssemblyLoadEvent: ExitGamesLibs, Version=1.0.4.0, Culture=neutral, PublicKeyToken=eac0edd9746a4aa0 from file:///F:/PhotonServer教程/Photon-OnPremise-Server-SDK_v4-0-29-11263/deploy/MyGameServer/bin/ExitGamesLibs.DLL
2018-11-29 02:12:27,904 [ 1] INFO  PhotonHostRuntime.PhotonDomainManager - AssemblyLoadEvent: Common, Version=1.0.0.0, Culture=neutral, PublicKeyToken=null from file:///F:/PhotonServer教程/Photon-OnPremise-Server-SDK_v4-0-29-11263/deploy/MyGameServer/bin/Common.DLL
2018-11-29 02:12:27,916 [ 1] INFO  PhotonHostRuntime.PhotonDomainManager - Starting: name = 'MyGame1', assemblyName = 'MyGameServer', typeName = 'MyGameServer.MyGameServer'
2018-11-29 02:12:27,936 [ 1] INFO  PhotonHostRuntime.PhotonDomainManager - PhotonRunning: ApplicationName = 'MyGame1', DomainId='2' -- calling Application.Setup
2018-11-29 02:12:27,949 [ 1] INFO  PhotonHostRuntime.PhotonDomainManager - AssemblyLoadEvent: ExitGames.Logging.Log4Net, Version=1.0.4.0, Culture=neutral, PublicKeyToken=eac0edd9746a4aa0 from file:///F:/PhotonServer教程/Photon-OnPremise-Server-SDK_v4-0-29-11263/deploy/MyGameServer/bin/ExitGames.Logging.Log4Net.DLL
2018-11-29 02:12:28,050 [ 1] INFO  PhotonHostRuntime.PhotonDomainManager - PhotonRunning: ApplicationName = 'DefaultDomain', DomainId='1'
2018-11-29 02:12:40,796 [16] INFO  PhotonHostRuntime.PhotonDomainManager - AssemblyLoadEvent: NHibernate, Version=5.1.0.0, Culture=neutral, PublicKeyToken=aa95f207798dfdb4 from file:///F:/PhotonServer教程/Photon-OnPremise-Server-SDK_v4-0-29-11263/deploy/MyGameServer/bin/NHibernate.DLL
2018-11-29 02:12:40,804 [16] INFO  PhotonHostRuntime.PhotonDomainManager - AssemblyLoadEvent: System.Data, Version=4.0.0.0, Culture=neutral, PublicKeyToken=b77a5c561934e089 from file:///C:/Windows/Microsoft.Net/assembly/GAC_64/System.Data/v4.0_4.0.0.0__b77a5c561934e089/System.Data.dll
2018-11-29 02:12:40,863 [16] INFO  PhotonHostRuntime.PhotonDomainManager - AssemblyResolveEvent: ApplicationName = 'MyGame1', DomainId='2', args.Name='NHibernate.XmlSerializers, Version=5.1.0.0, Culture=neutral, PublicKeyToken=aa95f207798dfdb4'
2018-11-29 02:12:40,880 [16] INFO  PhotonHostRuntime.PhotonDomainManager - AssemblyLoadEvent: System.Xml.resources, Version=4.0.0.0, Culture=zh-Hans, PublicKeyToken=b77a5c561934e089 from file:///C:/Windows/Microsoft.Net/assembly/GAC_MSIL/System.Xml.resources/v4.0_4.0.0.0_zh-Hans_b77a5c561934e089/System.Xml.resources.dll
2018-11-29 02:12:40,884 [16] INFO  PhotonHostRuntime.PhotonDomainManager - ResourceResolveHandler: ApplicationName = 'MyGame1', DomainId='2', args.Name='System.Xml.zh-Hans.resources'
2018-11-29 02:12:41,223 [16] INFO  PhotonHostRuntime.PhotonDomainManager - AssemblyLoadEvent: System.Xml.Linq, Version=4.0.0.0, Culture=neutral, PublicKeyToken=b77a5c561934e089 from file:///C:/Windows/Microsoft.Net/assembly/GAC_MSIL/System.Xml.Linq/v4.0_4.0.0.0__b77a5c561934e089/System.Xml.Linq.dll
2018-11-29 02:12:41,369 [16] INFO  PhotonHostRuntime.PhotonDomainManager - AssemblyLoadEvent: MySql.Data, Version=8.0.13.0, Culture=neutral, PublicKeyToken=c5687fc88969c44d from file:///C:/Windows/Microsoft.Net/assembly/GAC_MSIL/MySql.Data/v4.0_8.0.13.0__c5687fc88969c44d/MySql.Data.dll
2018-11-29 02:12:41,377 [16] INFO  PhotonHostRuntime.PhotonDomainManager - AssemblyLoadEvent: System.Transactions, Version=4.0.0.0, Culture=neutral, PublicKeyToken=b77a5c561934e089 from file:///C:/Windows/Microsoft.Net/assembly/GAC_64/System.Transactions/v4.0_4.0.0.0__b77a5c561934e089/System.Transactions.dll
2018-11-29 02:12:41,402 [16] INFO  PhotonHostRuntime.PhotonDomainManager - AssemblyLoadEvent: System.Drawing, Version=4.0.0.0, Culture=neutral, PublicKeyToken=b03f5f7f11d50a3a from file:///C:/Windows/Microsoft.Net/assembly/GAC_MSIL/System.Drawing/v4.0_4.0.0.0__b03f5f7f11d50a3a/System.Drawing.dll
2018-11-29 02:12:41,434 [16] INFO  PhotonHostRuntime.PhotonDomainManager - AssemblyLoadEvent: System.EnterpriseServices, Version=4.0.0.0, Culture=neutral, PublicKeyToken=b03f5f7f11d50a3a from file:///C:/Windows/Microsoft.Net/assembly/GAC_64/System.EnterpriseServices/v4.0_4.0.0.0__b03f5f7f11d50a3a/System.EnterpriseServices.dll
2018-11-29 02:12:41,458 [13] INFO  PhotonHostRuntime.PhotonDomainManager - AssemblyLoadEvent: System.resources, Version=4.0.0.0, Culture=zh-Hans, PublicKeyToken=b77a5c561934e089 from file:///C:/Windows/Microsoft.Net/assembly/GAC_MSIL/System.resources/v4.0_4.0.0.0_zh-Hans_b77a5c561934e089/System.resources.dll
2018-11-29 02:12:41,463 [13] INFO  PhotonHostRuntime.PhotonDomainManager - ResourceResolveHandler: ApplicationName = 'MyGame1', DomainId='2', args.Name='System.zh-Hans.resources'
2018-11-29 02:12:41,523 [16] INFO  PhotonHostRuntime.PhotonDomainManager - AssemblyLoadEvent: System.Management, Version=4.0.0.0, Culture=neutral, PublicKeyToken=b03f5f7f11d50a3a from file:///C:/Windows/Microsoft.Net/assembly/GAC_MSIL/System.Management/v4.0_4.0.0.0__b03f5f7f11d50a3a/System.Management.dll
2018-11-29 02:12:41,598 [16] INFO  PhotonHostRuntime.PhotonDomainManager - AssemblyLoadEvent: System.Numerics, Version=4.0.0.0, Culture=neutral, PublicKeyToken=b77a5c561934e089 from file:///C:/Windows/Microsoft.Net/assembly/GAC_MSIL/System.Numerics/v4.0_4.0.0.0__b77a5c561934e089/System.Numerics.dll
2018-11-29 02:12:51,311 [15] INFO  PhotonHostRuntime.PhotonDomainManager - AssemblyLoadEvent: Iesi.Collections, Version=4.0.0.4000, Culture=neutral, PublicKeyToken=aa95f207798dfdb4 from file:///F:/PhotonServer教程/Photon-OnPremise-Server-SDK_v4-0-29-11263/deploy/MyGameServer/bin/Iesi.Collections.DLL
2018-11-29 02:13:06,295 [ 1] INFO  PhotonHostRuntime.PhotonDomainManager - RequestStop: ApplicationName = 'MyGame1', DomainId='2' -- calling Application.OnStopRequested()
2018-11-29 02:13:06,300 [ 1] INFO  PhotonHostRuntime.PhotonDomainManager - RequestStop: ApplicationName = 'DefaultDomain', DomainId='1'
2018-11-29 02:13:06,307 [ 1] INFO  PhotonHostRuntime.PhotonDomainManager - Stop: ApplicationName = 'MyGame1', DomainId='2' -- calling Application.TearDown()
